[2024-10-30T21:03:04.665+0000] {local_task_job_runner.py:123} INFO - ::group::Pre task execution logs
[2024-10-30T21:03:04.670+0000] {taskinstance.py:2612} INFO - Dependencies all met for dep_context=non-requeueable deps ti=<TaskInstance: data_pipeline.json_to_csv_meta_data manual__2024-10-30T20:35:02.149052+00:00 [queued]>
[2024-10-30T21:03:04.672+0000] {taskinstance.py:2612} INFO - Dependencies all met for dep_context=requeueable deps ti=<TaskInstance: data_pipeline.json_to_csv_meta_data manual__2024-10-30T20:35:02.149052+00:00 [queued]>
[2024-10-30T21:03:04.673+0000] {taskinstance.py:2865} INFO - Starting attempt 2 of 2
[2024-10-30T21:03:04.676+0000] {taskinstance.py:2888} INFO - Executing <Task(PythonOperator): json_to_csv_meta_data> on 2024-10-30 20:35:02.149052+00:00
[2024-10-30T21:03:04.679+0000] {warnings.py:112} WARNING - /home/***/.local/lib/python3.12/site-packages/***/task/task_runner/standard_task_runner.py:70: DeprecationWarning: This process (pid=74) is multi-threaded, use of fork() may lead to deadlocks in the child.
  pid = os.fork()

[2024-10-30T21:03:04.679+0000] {standard_task_runner.py:72} INFO - Started process 76 to run task
[2024-10-30T21:03:04.679+0000] {standard_task_runner.py:104} INFO - Running: ['***', 'tasks', 'run', 'data_pipeline', 'json_to_csv_meta_data', 'manual__2024-10-30T20:35:02.149052+00:00', '--job-id', '135', '--raw', '--subdir', 'DAGS_FOLDER/***.py', '--cfg-path', '/tmp/tmpswwzoayb']
[2024-10-30T21:03:04.681+0000] {standard_task_runner.py:105} INFO - Job 135: Subtask json_to_csv_meta_data
[2024-10-30T21:03:04.695+0000] {task_command.py:467} INFO - Running <TaskInstance: data_pipeline.json_to_csv_meta_data manual__2024-10-30T20:35:02.149052+00:00 [running]> on host 6bca134bba56
[2024-10-30T21:03:04.722+0000] {taskinstance.py:3131} INFO - Exporting env vars: AIRFLOW_CTX_DAG_OWNER='your_name' AIRFLOW_CTX_DAG_ID='data_pipeline' AIRFLOW_CTX_TASK_ID='json_to_csv_meta_data' AIRFLOW_CTX_EXECUTION_DATE='2024-10-30T20:35:02.149052+00:00' AIRFLOW_CTX_TRY_NUMBER='2' AIRFLOW_CTX_DAG_RUN_ID='manual__2024-10-30T20:35:02.149052+00:00'
[2024-10-30T21:03:04.723+0000] {taskinstance.py:731} INFO - ::endgroup::
[2024-10-30T21:20:50.268+0000] {job.py:229} INFO - Heartbeat recovered after 128.62 seconds
[2024-10-30T21:22:19.729+0000] {job.py:229} INFO - Heartbeat recovered after 64.28 seconds
[2024-10-30T21:24:21.914+0000] {job.py:229} INFO - Heartbeat recovered after 96.95 seconds
[2024-10-30T21:25:04.472+0000] {job.py:229} INFO - Heartbeat recovered after 17.38 seconds
[2024-10-30T21:28:43.492+0000] {job.py:229} INFO - Heartbeat recovered after 193.79 seconds
[2024-10-30T21:32:01.104+0000] {job.py:229} INFO - Heartbeat recovered after 142.12 seconds
[2024-10-30T21:33:22.711+0000] {job.py:229} INFO - Heartbeat recovered after 56.44 seconds
[2024-10-30T21:43:45.853+0000] {job.py:229} INFO - Heartbeat recovered after 597.97 seconds
[2024-10-30T21:43:55.941+0000] {local_task_job_runner.py:346} WARNING - State of this instance has been externally set to failed. Terminating instance.
[2024-10-30T21:43:55.945+0000] {local_task_job_runner.py:245} INFO - ::endgroup::
[2024-10-30T21:43:55.951+0000] {process_utils.py:132} INFO - Sending 15 to group 76. PIDs of all processes in the group: [76]
[2024-10-30T21:43:55.952+0000] {process_utils.py:87} INFO - Sending the signal 15 to group 76
[2024-10-30T21:43:55.955+0000] {taskinstance.py:3092} ERROR - Received SIGTERM. Terminating subprocesses.
[2024-10-30T21:43:56.058+0000] {taskinstance.py:340} INFO - ::group::Post task execution logs
[2024-10-30T21:43:56.095+0000] {process_utils.py:80} INFO - Process psutil.Process(pid=76, status='terminated', exitcode=0, started='21:03:04') (76) terminated with exit code 0
[2024-11-01T18:29:10.019+0000] {local_task_job_runner.py:123} INFO - ::group::Pre task execution logs
[2024-11-01T18:29:10.034+0000] {taskinstance.py:2602} INFO - Dependencies not met for <TaskInstance: data_pipeline.json_to_csv_meta_data manual__2024-10-30T20:35:02.149052+00:00 [failed]>, dependency 'Task Instance State' FAILED: Task is in the 'failed' state.
[2024-11-01T18:29:10.049+0000] {local_task_job_runner.py:166} INFO - Task is not able to be run
