[2024-11-01T18:29:06.139+0000] {processor.py:186} INFO - Started process (PID=43) to work on /opt/airflow/dags/src/db_to_schema.py
[2024-11-01T18:29:06.140+0000] {processor.py:914} INFO - Processing file /opt/airflow/dags/src/db_to_schema.py for tasks to queue
[2024-11-01T18:29:06.142+0000] {logging_mixin.py:190} INFO - [2024-11-01T18:29:06.141+0000] {dagbag.py:588} INFO - Filling up the DagBag from /opt/airflow/dags/src/db_to_schema.py
[2024-11-01T18:29:06.375+0000] {processor.py:927} WARNING - No viable dags retrieved from /opt/airflow/dags/src/db_to_schema.py
[2024-11-01T18:29:06.385+0000] {processor.py:208} INFO - Processing /opt/airflow/dags/src/db_to_schema.py took 0.250 seconds
[2024-11-01T18:29:36.587+0000] {processor.py:186} INFO - Started process (PID=55) to work on /opt/airflow/dags/src/db_to_schema.py
[2024-11-01T18:29:36.588+0000] {processor.py:914} INFO - Processing file /opt/airflow/dags/src/db_to_schema.py for tasks to queue
[2024-11-01T18:29:36.590+0000] {logging_mixin.py:190} INFO - [2024-11-01T18:29:36.590+0000] {dagbag.py:588} INFO - Filling up the DagBag from /opt/airflow/dags/src/db_to_schema.py
[2024-11-01T18:29:36.754+0000] {processor.py:927} WARNING - No viable dags retrieved from /opt/airflow/dags/src/db_to_schema.py
[2024-11-01T18:29:36.759+0000] {processor.py:208} INFO - Processing /opt/airflow/dags/src/db_to_schema.py took 0.176 seconds
[2024-11-01T18:30:06.889+0000] {processor.py:186} INFO - Started process (PID=71) to work on /opt/airflow/dags/src/db_to_schema.py
[2024-11-01T18:30:06.890+0000] {processor.py:914} INFO - Processing file /opt/airflow/dags/src/db_to_schema.py for tasks to queue
[2024-11-01T18:30:06.892+0000] {logging_mixin.py:190} INFO - [2024-11-01T18:30:06.892+0000] {dagbag.py:588} INFO - Filling up the DagBag from /opt/airflow/dags/src/db_to_schema.py
[2024-11-01T18:30:07.137+0000] {processor.py:927} WARNING - No viable dags retrieved from /opt/airflow/dags/src/db_to_schema.py
[2024-11-01T18:30:07.142+0000] {processor.py:208} INFO - Processing /opt/airflow/dags/src/db_to_schema.py took 0.260 seconds
[2024-11-01T18:30:37.374+0000] {processor.py:186} INFO - Started process (PID=81) to work on /opt/airflow/dags/src/db_to_schema.py
[2024-11-01T18:30:37.375+0000] {processor.py:914} INFO - Processing file /opt/airflow/dags/src/db_to_schema.py for tasks to queue
[2024-11-01T18:30:37.376+0000] {logging_mixin.py:190} INFO - [2024-11-01T18:30:37.376+0000] {dagbag.py:588} INFO - Filling up the DagBag from /opt/airflow/dags/src/db_to_schema.py
[2024-11-01T18:30:37.557+0000] {processor.py:927} WARNING - No viable dags retrieved from /opt/airflow/dags/src/db_to_schema.py
[2024-11-01T18:30:37.561+0000] {processor.py:208} INFO - Processing /opt/airflow/dags/src/db_to_schema.py took 0.190 seconds
[2024-11-01T18:31:07.707+0000] {processor.py:186} INFO - Started process (PID=91) to work on /opt/airflow/dags/src/db_to_schema.py
[2024-11-01T18:31:07.709+0000] {processor.py:914} INFO - Processing file /opt/airflow/dags/src/db_to_schema.py for tasks to queue
[2024-11-01T18:31:07.710+0000] {logging_mixin.py:190} INFO - [2024-11-01T18:31:07.710+0000] {dagbag.py:588} INFO - Filling up the DagBag from /opt/airflow/dags/src/db_to_schema.py
[2024-11-01T18:31:07.863+0000] {processor.py:927} WARNING - No viable dags retrieved from /opt/airflow/dags/src/db_to_schema.py
[2024-11-01T18:31:07.868+0000] {processor.py:208} INFO - Processing /opt/airflow/dags/src/db_to_schema.py took 0.166 seconds
[2024-11-01T18:32:02.888+0000] {processor.py:186} INFO - Started process (PID=42) to work on /opt/airflow/dags/src/db_to_schema.py
[2024-11-01T18:32:02.889+0000] {processor.py:914} INFO - Processing file /opt/airflow/dags/src/db_to_schema.py for tasks to queue
[2024-11-01T18:32:02.890+0000] {logging_mixin.py:190} INFO - [2024-11-01T18:32:02.890+0000] {dagbag.py:588} INFO - Filling up the DagBag from /opt/airflow/dags/src/db_to_schema.py
[2024-11-01T18:32:03.070+0000] {processor.py:927} WARNING - No viable dags retrieved from /opt/airflow/dags/src/db_to_schema.py
[2024-11-01T18:32:03.076+0000] {processor.py:208} INFO - Processing /opt/airflow/dags/src/db_to_schema.py took 0.190 seconds
[2024-11-01T18:32:33.349+0000] {processor.py:186} INFO - Started process (PID=50) to work on /opt/airflow/dags/src/db_to_schema.py
[2024-11-01T18:32:33.350+0000] {processor.py:914} INFO - Processing file /opt/airflow/dags/src/db_to_schema.py for tasks to queue
[2024-11-01T18:32:33.351+0000] {logging_mixin.py:190} INFO - [2024-11-01T18:32:33.351+0000] {dagbag.py:588} INFO - Filling up the DagBag from /opt/airflow/dags/src/db_to_schema.py
[2024-11-01T18:32:33.500+0000] {processor.py:927} WARNING - No viable dags retrieved from /opt/airflow/dags/src/db_to_schema.py
[2024-11-01T18:32:33.505+0000] {processor.py:208} INFO - Processing /opt/airflow/dags/src/db_to_schema.py took 0.158 seconds
[2024-11-01T18:33:03.860+0000] {processor.py:186} INFO - Started process (PID=60) to work on /opt/airflow/dags/src/db_to_schema.py
[2024-11-01T18:33:03.860+0000] {processor.py:914} INFO - Processing file /opt/airflow/dags/src/db_to_schema.py for tasks to queue
[2024-11-01T18:33:03.862+0000] {logging_mixin.py:190} INFO - [2024-11-01T18:33:03.862+0000] {dagbag.py:588} INFO - Filling up the DagBag from /opt/airflow/dags/src/db_to_schema.py
[2024-11-01T18:33:04.045+0000] {processor.py:927} WARNING - No viable dags retrieved from /opt/airflow/dags/src/db_to_schema.py
[2024-11-01T18:33:04.051+0000] {processor.py:208} INFO - Processing /opt/airflow/dags/src/db_to_schema.py took 0.196 seconds
[2024-11-01T18:33:34.317+0000] {processor.py:186} INFO - Started process (PID=70) to work on /opt/airflow/dags/src/db_to_schema.py
[2024-11-01T18:33:34.320+0000] {processor.py:914} INFO - Processing file /opt/airflow/dags/src/db_to_schema.py for tasks to queue
[2024-11-01T18:33:34.325+0000] {logging_mixin.py:190} INFO - [2024-11-01T18:33:34.325+0000] {dagbag.py:588} INFO - Filling up the DagBag from /opt/airflow/dags/src/db_to_schema.py
[2024-11-01T18:33:34.466+0000] {processor.py:927} WARNING - No viable dags retrieved from /opt/airflow/dags/src/db_to_schema.py
[2024-11-01T18:33:34.472+0000] {processor.py:208} INFO - Processing /opt/airflow/dags/src/db_to_schema.py took 0.161 seconds
[2024-11-01T18:34:04.768+0000] {processor.py:186} INFO - Started process (PID=80) to work on /opt/airflow/dags/src/db_to_schema.py
[2024-11-01T18:34:04.769+0000] {processor.py:914} INFO - Processing file /opt/airflow/dags/src/db_to_schema.py for tasks to queue
[2024-11-01T18:34:04.772+0000] {logging_mixin.py:190} INFO - [2024-11-01T18:34:04.771+0000] {dagbag.py:588} INFO - Filling up the DagBag from /opt/airflow/dags/src/db_to_schema.py
[2024-11-01T18:34:04.911+0000] {processor.py:927} WARNING - No viable dags retrieved from /opt/airflow/dags/src/db_to_schema.py
[2024-11-01T18:34:04.917+0000] {processor.py:208} INFO - Processing /opt/airflow/dags/src/db_to_schema.py took 0.153 seconds
[2024-11-01T18:34:55.896+0000] {processor.py:186} INFO - Started process (PID=43) to work on /opt/airflow/dags/src/db_to_schema.py
[2024-11-01T18:34:55.897+0000] {processor.py:914} INFO - Processing file /opt/airflow/dags/src/db_to_schema.py for tasks to queue
[2024-11-01T18:34:55.898+0000] {logging_mixin.py:190} INFO - [2024-11-01T18:34:55.898+0000] {dagbag.py:588} INFO - Filling up the DagBag from /opt/airflow/dags/src/db_to_schema.py
[2024-11-01T18:34:56.093+0000] {processor.py:927} WARNING - No viable dags retrieved from /opt/airflow/dags/src/db_to_schema.py
[2024-11-01T18:34:56.100+0000] {processor.py:208} INFO - Processing /opt/airflow/dags/src/db_to_schema.py took 0.207 seconds
[2024-11-01T18:35:26.666+0000] {processor.py:186} INFO - Started process (PID=53) to work on /opt/airflow/dags/src/db_to_schema.py
[2024-11-01T18:35:26.667+0000] {processor.py:914} INFO - Processing file /opt/airflow/dags/src/db_to_schema.py for tasks to queue
[2024-11-01T18:35:26.668+0000] {logging_mixin.py:190} INFO - [2024-11-01T18:35:26.668+0000] {dagbag.py:588} INFO - Filling up the DagBag from /opt/airflow/dags/src/db_to_schema.py
[2024-11-01T18:35:26.818+0000] {processor.py:927} WARNING - No viable dags retrieved from /opt/airflow/dags/src/db_to_schema.py
[2024-11-01T18:35:26.823+0000] {processor.py:208} INFO - Processing /opt/airflow/dags/src/db_to_schema.py took 0.160 seconds
[2024-11-01T18:35:57.138+0000] {processor.py:186} INFO - Started process (PID=67) to work on /opt/airflow/dags/src/db_to_schema.py
[2024-11-01T18:35:57.140+0000] {processor.py:914} INFO - Processing file /opt/airflow/dags/src/db_to_schema.py for tasks to queue
[2024-11-01T18:35:57.143+0000] {logging_mixin.py:190} INFO - [2024-11-01T18:35:57.142+0000] {dagbag.py:588} INFO - Filling up the DagBag from /opt/airflow/dags/src/db_to_schema.py
[2024-11-01T18:35:57.306+0000] {processor.py:927} WARNING - No viable dags retrieved from /opt/airflow/dags/src/db_to_schema.py
[2024-11-01T18:35:57.310+0000] {processor.py:208} INFO - Processing /opt/airflow/dags/src/db_to_schema.py took 0.178 seconds
[2024-11-01T18:36:27.530+0000] {processor.py:186} INFO - Started process (PID=77) to work on /opt/airflow/dags/src/db_to_schema.py
[2024-11-01T18:36:27.531+0000] {processor.py:914} INFO - Processing file /opt/airflow/dags/src/db_to_schema.py for tasks to queue
[2024-11-01T18:36:27.534+0000] {logging_mixin.py:190} INFO - [2024-11-01T18:36:27.534+0000] {dagbag.py:588} INFO - Filling up the DagBag from /opt/airflow/dags/src/db_to_schema.py
[2024-11-01T18:36:27.688+0000] {processor.py:927} WARNING - No viable dags retrieved from /opt/airflow/dags/src/db_to_schema.py
[2024-11-01T18:36:27.692+0000] {processor.py:208} INFO - Processing /opt/airflow/dags/src/db_to_schema.py took 0.167 seconds
[2024-11-01T18:36:57.970+0000] {processor.py:186} INFO - Started process (PID=87) to work on /opt/airflow/dags/src/db_to_schema.py
[2024-11-01T18:36:57.972+0000] {processor.py:914} INFO - Processing file /opt/airflow/dags/src/db_to_schema.py for tasks to queue
[2024-11-01T18:36:57.973+0000] {logging_mixin.py:190} INFO - [2024-11-01T18:36:57.973+0000] {dagbag.py:588} INFO - Filling up the DagBag from /opt/airflow/dags/src/db_to_schema.py
[2024-11-01T18:36:58.117+0000] {processor.py:927} WARNING - No viable dags retrieved from /opt/airflow/dags/src/db_to_schema.py
[2024-11-01T18:36:58.123+0000] {processor.py:208} INFO - Processing /opt/airflow/dags/src/db_to_schema.py took 0.157 seconds
[2024-11-01T18:37:28.430+0000] {processor.py:186} INFO - Started process (PID=97) to work on /opt/airflow/dags/src/db_to_schema.py
[2024-11-01T18:37:28.431+0000] {processor.py:914} INFO - Processing file /opt/airflow/dags/src/db_to_schema.py for tasks to queue
[2024-11-01T18:37:28.434+0000] {logging_mixin.py:190} INFO - [2024-11-01T18:37:28.434+0000] {dagbag.py:588} INFO - Filling up the DagBag from /opt/airflow/dags/src/db_to_schema.py
[2024-11-01T18:37:28.579+0000] {processor.py:927} WARNING - No viable dags retrieved from /opt/airflow/dags/src/db_to_schema.py
[2024-11-01T18:37:28.583+0000] {processor.py:208} INFO - Processing /opt/airflow/dags/src/db_to_schema.py took 0.157 seconds
[2024-11-01T19:15:04.313+0000] {processor.py:186} INFO - Started process (PID=43) to work on /opt/airflow/dags/src/db_to_schema.py
[2024-11-01T19:15:04.315+0000] {processor.py:914} INFO - Processing file /opt/airflow/dags/src/db_to_schema.py for tasks to queue
[2024-11-01T19:15:04.317+0000] {logging_mixin.py:190} INFO - [2024-11-01T19:15:04.316+0000] {dagbag.py:588} INFO - Filling up the DagBag from /opt/airflow/dags/src/db_to_schema.py
[2024-11-01T19:15:04.540+0000] {processor.py:927} WARNING - No viable dags retrieved from /opt/airflow/dags/src/db_to_schema.py
[2024-11-01T19:15:04.546+0000] {processor.py:208} INFO - Processing /opt/airflow/dags/src/db_to_schema.py took 0.235 seconds
[2024-11-01T19:16:50.750+0000] {processor.py:186} INFO - Started process (PID=42) to work on /opt/airflow/dags/src/db_to_schema.py
[2024-11-01T19:16:50.750+0000] {processor.py:914} INFO - Processing file /opt/airflow/dags/src/db_to_schema.py for tasks to queue
[2024-11-01T19:16:50.752+0000] {logging_mixin.py:190} INFO - [2024-11-01T19:16:50.752+0000] {dagbag.py:588} INFO - Filling up the DagBag from /opt/airflow/dags/src/db_to_schema.py
[2024-11-01T19:16:50.989+0000] {processor.py:927} WARNING - No viable dags retrieved from /opt/airflow/dags/src/db_to_schema.py
[2024-11-01T19:16:50.995+0000] {processor.py:208} INFO - Processing /opt/airflow/dags/src/db_to_schema.py took 0.249 seconds
[2024-11-01T19:17:21.525+0000] {processor.py:186} INFO - Started process (PID=52) to work on /opt/airflow/dags/src/db_to_schema.py
[2024-11-01T19:17:21.526+0000] {processor.py:914} INFO - Processing file /opt/airflow/dags/src/db_to_schema.py for tasks to queue
[2024-11-01T19:17:21.527+0000] {logging_mixin.py:190} INFO - [2024-11-01T19:17:21.526+0000] {dagbag.py:588} INFO - Filling up the DagBag from /opt/airflow/dags/src/db_to_schema.py
[2024-11-01T19:17:21.667+0000] {processor.py:927} WARNING - No viable dags retrieved from /opt/airflow/dags/src/db_to_schema.py
[2024-11-01T19:17:21.674+0000] {processor.py:208} INFO - Processing /opt/airflow/dags/src/db_to_schema.py took 0.152 seconds
[2024-11-01T19:17:52.115+0000] {processor.py:186} INFO - Started process (PID=62) to work on /opt/airflow/dags/src/db_to_schema.py
[2024-11-01T19:17:52.116+0000] {processor.py:914} INFO - Processing file /opt/airflow/dags/src/db_to_schema.py for tasks to queue
[2024-11-01T19:17:52.117+0000] {logging_mixin.py:190} INFO - [2024-11-01T19:17:52.117+0000] {dagbag.py:588} INFO - Filling up the DagBag from /opt/airflow/dags/src/db_to_schema.py
[2024-11-01T19:17:52.257+0000] {processor.py:927} WARNING - No viable dags retrieved from /opt/airflow/dags/src/db_to_schema.py
[2024-11-01T19:17:52.264+0000] {processor.py:208} INFO - Processing /opt/airflow/dags/src/db_to_schema.py took 0.151 seconds
[2024-11-01T19:19:06.099+0000] {processor.py:186} INFO - Started process (PID=43) to work on /opt/airflow/dags/src/db_to_schema.py
[2024-11-01T19:19:06.100+0000] {processor.py:914} INFO - Processing file /opt/airflow/dags/src/db_to_schema.py for tasks to queue
[2024-11-01T19:19:06.101+0000] {logging_mixin.py:190} INFO - [2024-11-01T19:19:06.101+0000] {dagbag.py:588} INFO - Filling up the DagBag from /opt/airflow/dags/src/db_to_schema.py
[2024-11-01T19:19:06.297+0000] {processor.py:927} WARNING - No viable dags retrieved from /opt/airflow/dags/src/db_to_schema.py
[2024-11-01T19:19:06.308+0000] {processor.py:208} INFO - Processing /opt/airflow/dags/src/db_to_schema.py took 0.212 seconds
[2024-11-01T19:19:36.833+0000] {processor.py:186} INFO - Started process (PID=59) to work on /opt/airflow/dags/src/db_to_schema.py
[2024-11-01T19:19:36.834+0000] {processor.py:914} INFO - Processing file /opt/airflow/dags/src/db_to_schema.py for tasks to queue
[2024-11-01T19:19:36.835+0000] {logging_mixin.py:190} INFO - [2024-11-01T19:19:36.835+0000] {dagbag.py:588} INFO - Filling up the DagBag from /opt/airflow/dags/src/db_to_schema.py
[2024-11-01T19:19:36.973+0000] {processor.py:927} WARNING - No viable dags retrieved from /opt/airflow/dags/src/db_to_schema.py
[2024-11-01T19:19:36.979+0000] {processor.py:208} INFO - Processing /opt/airflow/dags/src/db_to_schema.py took 0.148 seconds
[2024-11-01T19:20:07.502+0000] {processor.py:186} INFO - Started process (PID=73) to work on /opt/airflow/dags/src/db_to_schema.py
[2024-11-01T19:20:07.502+0000] {processor.py:914} INFO - Processing file /opt/airflow/dags/src/db_to_schema.py for tasks to queue
[2024-11-01T19:20:07.503+0000] {logging_mixin.py:190} INFO - [2024-11-01T19:20:07.503+0000] {dagbag.py:588} INFO - Filling up the DagBag from /opt/airflow/dags/src/db_to_schema.py
[2024-11-01T19:20:07.645+0000] {processor.py:927} WARNING - No viable dags retrieved from /opt/airflow/dags/src/db_to_schema.py
[2024-11-01T19:20:07.652+0000] {processor.py:208} INFO - Processing /opt/airflow/dags/src/db_to_schema.py took 0.153 seconds
[2024-11-01T19:20:38.165+0000] {processor.py:186} INFO - Started process (PID=83) to work on /opt/airflow/dags/src/db_to_schema.py
[2024-11-01T19:20:38.166+0000] {processor.py:914} INFO - Processing file /opt/airflow/dags/src/db_to_schema.py for tasks to queue
[2024-11-01T19:20:38.167+0000] {logging_mixin.py:190} INFO - [2024-11-01T19:20:38.167+0000] {dagbag.py:588} INFO - Filling up the DagBag from /opt/airflow/dags/src/db_to_schema.py
[2024-11-01T19:20:38.298+0000] {processor.py:927} WARNING - No viable dags retrieved from /opt/airflow/dags/src/db_to_schema.py
[2024-11-01T19:20:38.304+0000] {processor.py:208} INFO - Processing /opt/airflow/dags/src/db_to_schema.py took 0.141 seconds
[2024-11-01T19:21:08.817+0000] {processor.py:186} INFO - Started process (PID=93) to work on /opt/airflow/dags/src/db_to_schema.py
[2024-11-01T19:21:08.817+0000] {processor.py:914} INFO - Processing file /opt/airflow/dags/src/db_to_schema.py for tasks to queue
[2024-11-01T19:21:08.818+0000] {logging_mixin.py:190} INFO - [2024-11-01T19:21:08.818+0000] {dagbag.py:588} INFO - Filling up the DagBag from /opt/airflow/dags/src/db_to_schema.py
[2024-11-01T19:21:08.962+0000] {processor.py:927} WARNING - No viable dags retrieved from /opt/airflow/dags/src/db_to_schema.py
[2024-11-01T19:21:08.967+0000] {processor.py:208} INFO - Processing /opt/airflow/dags/src/db_to_schema.py took 0.153 seconds
[2024-11-01T19:21:39.515+0000] {processor.py:186} INFO - Started process (PID=103) to work on /opt/airflow/dags/src/db_to_schema.py
[2024-11-01T19:21:39.516+0000] {processor.py:914} INFO - Processing file /opt/airflow/dags/src/db_to_schema.py for tasks to queue
[2024-11-01T19:21:39.516+0000] {logging_mixin.py:190} INFO - [2024-11-01T19:21:39.516+0000] {dagbag.py:588} INFO - Filling up the DagBag from /opt/airflow/dags/src/db_to_schema.py
[2024-11-01T19:21:39.638+0000] {processor.py:927} WARNING - No viable dags retrieved from /opt/airflow/dags/src/db_to_schema.py
[2024-11-01T19:21:39.643+0000] {processor.py:208} INFO - Processing /opt/airflow/dags/src/db_to_schema.py took 0.130 seconds
[2024-11-01T19:22:10.160+0000] {processor.py:186} INFO - Started process (PID=119) to work on /opt/airflow/dags/src/db_to_schema.py
[2024-11-01T19:22:10.161+0000] {processor.py:914} INFO - Processing file /opt/airflow/dags/src/db_to_schema.py for tasks to queue
[2024-11-01T19:22:10.162+0000] {logging_mixin.py:190} INFO - [2024-11-01T19:22:10.161+0000] {dagbag.py:588} INFO - Filling up the DagBag from /opt/airflow/dags/src/db_to_schema.py
[2024-11-01T19:22:10.289+0000] {processor.py:927} WARNING - No viable dags retrieved from /opt/airflow/dags/src/db_to_schema.py
[2024-11-01T19:22:10.294+0000] {processor.py:208} INFO - Processing /opt/airflow/dags/src/db_to_schema.py took 0.137 seconds
[2024-11-01T19:22:40.650+0000] {processor.py:186} INFO - Started process (PID=129) to work on /opt/airflow/dags/src/db_to_schema.py
[2024-11-01T19:22:40.650+0000] {processor.py:914} INFO - Processing file /opt/airflow/dags/src/db_to_schema.py for tasks to queue
[2024-11-01T19:22:40.651+0000] {logging_mixin.py:190} INFO - [2024-11-01T19:22:40.651+0000] {dagbag.py:588} INFO - Filling up the DagBag from /opt/airflow/dags/src/db_to_schema.py
[2024-11-01T19:22:40.776+0000] {processor.py:927} WARNING - No viable dags retrieved from /opt/airflow/dags/src/db_to_schema.py
[2024-11-01T19:22:40.782+0000] {processor.py:208} INFO - Processing /opt/airflow/dags/src/db_to_schema.py took 0.134 seconds
[2024-11-01T19:23:11.134+0000] {processor.py:186} INFO - Started process (PID=139) to work on /opt/airflow/dags/src/db_to_schema.py
[2024-11-01T19:23:11.135+0000] {processor.py:914} INFO - Processing file /opt/airflow/dags/src/db_to_schema.py for tasks to queue
[2024-11-01T19:23:11.137+0000] {logging_mixin.py:190} INFO - [2024-11-01T19:23:11.137+0000] {dagbag.py:588} INFO - Filling up the DagBag from /opt/airflow/dags/src/db_to_schema.py
[2024-11-01T19:23:11.349+0000] {processor.py:927} WARNING - No viable dags retrieved from /opt/airflow/dags/src/db_to_schema.py
[2024-11-01T19:23:11.356+0000] {processor.py:208} INFO - Processing /opt/airflow/dags/src/db_to_schema.py took 0.229 seconds
[2024-11-01T19:23:37.149+0000] {processor.py:186} INFO - Started process (PID=43) to work on /opt/airflow/dags/src/db_to_schema.py
[2024-11-01T19:23:37.150+0000] {processor.py:914} INFO - Processing file /opt/airflow/dags/src/db_to_schema.py for tasks to queue
[2024-11-01T19:23:37.151+0000] {logging_mixin.py:190} INFO - [2024-11-01T19:23:37.151+0000] {dagbag.py:588} INFO - Filling up the DagBag from /opt/airflow/dags/src/db_to_schema.py
[2024-11-01T19:23:37.345+0000] {processor.py:927} WARNING - No viable dags retrieved from /opt/airflow/dags/src/db_to_schema.py
[2024-11-01T19:23:37.355+0000] {processor.py:208} INFO - Processing /opt/airflow/dags/src/db_to_schema.py took 0.210 seconds
[2024-11-01T19:24:07.957+0000] {processor.py:186} INFO - Started process (PID=52) to work on /opt/airflow/dags/src/db_to_schema.py
[2024-11-01T19:24:07.958+0000] {processor.py:914} INFO - Processing file /opt/airflow/dags/src/db_to_schema.py for tasks to queue
[2024-11-01T19:24:07.959+0000] {logging_mixin.py:190} INFO - [2024-11-01T19:24:07.959+0000] {dagbag.py:588} INFO - Filling up the DagBag from /opt/airflow/dags/src/db_to_schema.py
[2024-11-01T19:24:08.106+0000] {processor.py:927} WARNING - No viable dags retrieved from /opt/airflow/dags/src/db_to_schema.py
[2024-11-01T19:24:08.114+0000] {processor.py:208} INFO - Processing /opt/airflow/dags/src/db_to_schema.py took 0.159 seconds
[2024-11-01T19:24:38.608+0000] {processor.py:186} INFO - Started process (PID=62) to work on /opt/airflow/dags/src/db_to_schema.py
[2024-11-01T19:24:38.608+0000] {processor.py:914} INFO - Processing file /opt/airflow/dags/src/db_to_schema.py for tasks to queue
[2024-11-01T19:24:38.609+0000] {logging_mixin.py:190} INFO - [2024-11-01T19:24:38.609+0000] {dagbag.py:588} INFO - Filling up the DagBag from /opt/airflow/dags/src/db_to_schema.py
[2024-11-01T19:24:38.740+0000] {processor.py:927} WARNING - No viable dags retrieved from /opt/airflow/dags/src/db_to_schema.py
[2024-11-01T19:24:38.749+0000] {processor.py:208} INFO - Processing /opt/airflow/dags/src/db_to_schema.py took 0.144 seconds
[2024-11-01T19:25:09.292+0000] {processor.py:186} INFO - Started process (PID=72) to work on /opt/airflow/dags/src/db_to_schema.py
[2024-11-01T19:25:09.292+0000] {processor.py:914} INFO - Processing file /opt/airflow/dags/src/db_to_schema.py for tasks to queue
[2024-11-01T19:25:09.294+0000] {logging_mixin.py:190} INFO - [2024-11-01T19:25:09.294+0000] {dagbag.py:588} INFO - Filling up the DagBag from /opt/airflow/dags/src/db_to_schema.py
[2024-11-01T19:25:09.436+0000] {processor.py:927} WARNING - No viable dags retrieved from /opt/airflow/dags/src/db_to_schema.py
[2024-11-01T19:25:09.442+0000] {processor.py:208} INFO - Processing /opt/airflow/dags/src/db_to_schema.py took 0.152 seconds
[2024-11-01T19:25:40.008+0000] {processor.py:186} INFO - Started process (PID=82) to work on /opt/airflow/dags/src/db_to_schema.py
[2024-11-01T19:25:40.009+0000] {processor.py:914} INFO - Processing file /opt/airflow/dags/src/db_to_schema.py for tasks to queue
[2024-11-01T19:25:40.010+0000] {logging_mixin.py:190} INFO - [2024-11-01T19:25:40.010+0000] {dagbag.py:588} INFO - Filling up the DagBag from /opt/airflow/dags/src/db_to_schema.py
[2024-11-01T19:25:40.138+0000] {processor.py:927} WARNING - No viable dags retrieved from /opt/airflow/dags/src/db_to_schema.py
[2024-11-01T19:25:40.144+0000] {processor.py:208} INFO - Processing /opt/airflow/dags/src/db_to_schema.py took 0.137 seconds
[2024-11-01T19:26:10.696+0000] {processor.py:186} INFO - Started process (PID=92) to work on /opt/airflow/dags/src/db_to_schema.py
[2024-11-01T19:26:10.697+0000] {processor.py:914} INFO - Processing file /opt/airflow/dags/src/db_to_schema.py for tasks to queue
[2024-11-01T19:26:10.698+0000] {logging_mixin.py:190} INFO - [2024-11-01T19:26:10.698+0000] {dagbag.py:588} INFO - Filling up the DagBag from /opt/airflow/dags/src/db_to_schema.py
[2024-11-01T19:26:10.827+0000] {processor.py:927} WARNING - No viable dags retrieved from /opt/airflow/dags/src/db_to_schema.py
[2024-11-01T19:26:10.834+0000] {processor.py:208} INFO - Processing /opt/airflow/dags/src/db_to_schema.py took 0.140 seconds
[2024-11-01T19:26:41.230+0000] {processor.py:186} INFO - Started process (PID=108) to work on /opt/airflow/dags/src/db_to_schema.py
[2024-11-01T19:26:41.231+0000] {processor.py:914} INFO - Processing file /opt/airflow/dags/src/db_to_schema.py for tasks to queue
[2024-11-01T19:26:41.234+0000] {logging_mixin.py:190} INFO - [2024-11-01T19:26:41.234+0000] {dagbag.py:588} INFO - Filling up the DagBag from /opt/airflow/dags/src/db_to_schema.py
[2024-11-01T19:26:41.406+0000] {processor.py:927} WARNING - No viable dags retrieved from /opt/airflow/dags/src/db_to_schema.py
[2024-11-01T19:26:41.412+0000] {processor.py:208} INFO - Processing /opt/airflow/dags/src/db_to_schema.py took 0.188 seconds
[2024-11-01T19:28:58.813+0000] {processor.py:186} INFO - Started process (PID=43) to work on /opt/airflow/dags/src/db_to_schema.py
[2024-11-01T19:28:58.814+0000] {processor.py:914} INFO - Processing file /opt/airflow/dags/src/db_to_schema.py for tasks to queue
[2024-11-01T19:28:58.815+0000] {logging_mixin.py:190} INFO - [2024-11-01T19:28:58.815+0000] {dagbag.py:588} INFO - Filling up the DagBag from /opt/airflow/dags/src/db_to_schema.py
[2024-11-01T19:28:59.011+0000] {processor.py:927} WARNING - No viable dags retrieved from /opt/airflow/dags/src/db_to_schema.py
[2024-11-01T19:28:59.019+0000] {processor.py:208} INFO - Processing /opt/airflow/dags/src/db_to_schema.py took 0.209 seconds
[2024-11-01T19:29:29.528+0000] {processor.py:186} INFO - Started process (PID=53) to work on /opt/airflow/dags/src/db_to_schema.py
[2024-11-01T19:29:29.529+0000] {processor.py:914} INFO - Processing file /opt/airflow/dags/src/db_to_schema.py for tasks to queue
[2024-11-01T19:29:29.530+0000] {logging_mixin.py:190} INFO - [2024-11-01T19:29:29.530+0000] {dagbag.py:588} INFO - Filling up the DagBag from /opt/airflow/dags/src/db_to_schema.py
[2024-11-01T19:29:29.692+0000] {processor.py:927} WARNING - No viable dags retrieved from /opt/airflow/dags/src/db_to_schema.py
[2024-11-01T19:29:29.699+0000] {processor.py:208} INFO - Processing /opt/airflow/dags/src/db_to_schema.py took 0.173 seconds
[2024-11-01T19:30:00.194+0000] {processor.py:186} INFO - Started process (PID=63) to work on /opt/airflow/dags/src/db_to_schema.py
[2024-11-01T19:30:00.195+0000] {processor.py:914} INFO - Processing file /opt/airflow/dags/src/db_to_schema.py for tasks to queue
[2024-11-01T19:30:00.196+0000] {logging_mixin.py:190} INFO - [2024-11-01T19:30:00.196+0000] {dagbag.py:588} INFO - Filling up the DagBag from /opt/airflow/dags/src/db_to_schema.py
[2024-11-01T19:30:00.338+0000] {processor.py:927} WARNING - No viable dags retrieved from /opt/airflow/dags/src/db_to_schema.py
[2024-11-01T19:30:00.345+0000] {processor.py:208} INFO - Processing /opt/airflow/dags/src/db_to_schema.py took 0.153 seconds
[2024-11-01T19:30:30.972+0000] {processor.py:186} INFO - Started process (PID=73) to work on /opt/airflow/dags/src/db_to_schema.py
[2024-11-01T19:30:30.973+0000] {processor.py:914} INFO - Processing file /opt/airflow/dags/src/db_to_schema.py for tasks to queue
[2024-11-01T19:30:30.975+0000] {logging_mixin.py:190} INFO - [2024-11-01T19:30:30.975+0000] {dagbag.py:588} INFO - Filling up the DagBag from /opt/airflow/dags/src/db_to_schema.py
[2024-11-01T19:30:31.104+0000] {processor.py:927} WARNING - No viable dags retrieved from /opt/airflow/dags/src/db_to_schema.py
[2024-11-01T19:30:31.111+0000] {processor.py:208} INFO - Processing /opt/airflow/dags/src/db_to_schema.py took 0.141 seconds
[2024-11-01T19:31:01.763+0000] {processor.py:186} INFO - Started process (PID=92) to work on /opt/airflow/dags/src/db_to_schema.py
[2024-11-01T19:31:01.764+0000] {processor.py:914} INFO - Processing file /opt/airflow/dags/src/db_to_schema.py for tasks to queue
[2024-11-01T19:31:01.765+0000] {logging_mixin.py:190} INFO - [2024-11-01T19:31:01.765+0000] {dagbag.py:588} INFO - Filling up the DagBag from /opt/airflow/dags/src/db_to_schema.py
[2024-11-01T19:31:01.902+0000] {processor.py:927} WARNING - No viable dags retrieved from /opt/airflow/dags/src/db_to_schema.py
[2024-11-01T19:31:01.913+0000] {processor.py:208} INFO - Processing /opt/airflow/dags/src/db_to_schema.py took 0.152 seconds
[2024-11-01T19:31:32.504+0000] {processor.py:186} INFO - Started process (PID=108) to work on /opt/airflow/dags/src/db_to_schema.py
[2024-11-01T19:31:32.505+0000] {processor.py:914} INFO - Processing file /opt/airflow/dags/src/db_to_schema.py for tasks to queue
[2024-11-01T19:31:32.506+0000] {logging_mixin.py:190} INFO - [2024-11-01T19:31:32.505+0000] {dagbag.py:588} INFO - Filling up the DagBag from /opt/airflow/dags/src/db_to_schema.py
[2024-11-01T19:31:32.633+0000] {processor.py:927} WARNING - No viable dags retrieved from /opt/airflow/dags/src/db_to_schema.py
[2024-11-01T19:31:32.641+0000] {processor.py:208} INFO - Processing /opt/airflow/dags/src/db_to_schema.py took 0.140 seconds
[2024-11-01T19:32:02.996+0000] {processor.py:186} INFO - Started process (PID=118) to work on /opt/airflow/dags/src/db_to_schema.py
[2024-11-01T19:32:02.999+0000] {processor.py:914} INFO - Processing file /opt/airflow/dags/src/db_to_schema.py for tasks to queue
[2024-11-01T19:32:03.001+0000] {logging_mixin.py:190} INFO - [2024-11-01T19:32:03.001+0000] {dagbag.py:588} INFO - Filling up the DagBag from /opt/airflow/dags/src/db_to_schema.py
[2024-11-01T19:32:03.182+0000] {processor.py:927} WARNING - No viable dags retrieved from /opt/airflow/dags/src/db_to_schema.py
[2024-11-01T19:32:03.186+0000] {processor.py:208} INFO - Processing /opt/airflow/dags/src/db_to_schema.py took 0.196 seconds
[2024-11-01T19:32:33.500+0000] {processor.py:186} INFO - Started process (PID=128) to work on /opt/airflow/dags/src/db_to_schema.py
[2024-11-01T19:32:33.500+0000] {processor.py:914} INFO - Processing file /opt/airflow/dags/src/db_to_schema.py for tasks to queue
[2024-11-01T19:32:33.503+0000] {logging_mixin.py:190} INFO - [2024-11-01T19:32:33.503+0000] {dagbag.py:588} INFO - Filling up the DagBag from /opt/airflow/dags/src/db_to_schema.py
[2024-11-01T19:32:33.664+0000] {processor.py:927} WARNING - No viable dags retrieved from /opt/airflow/dags/src/db_to_schema.py
[2024-11-01T19:32:33.668+0000] {processor.py:208} INFO - Processing /opt/airflow/dags/src/db_to_schema.py took 0.174 seconds
[2024-11-01T19:33:03.993+0000] {processor.py:186} INFO - Started process (PID=138) to work on /opt/airflow/dags/src/db_to_schema.py
[2024-11-01T19:33:03.993+0000] {processor.py:914} INFO - Processing file /opt/airflow/dags/src/db_to_schema.py for tasks to queue
[2024-11-01T19:33:03.996+0000] {logging_mixin.py:190} INFO - [2024-11-01T19:33:03.996+0000] {dagbag.py:588} INFO - Filling up the DagBag from /opt/airflow/dags/src/db_to_schema.py
[2024-11-01T19:33:04.144+0000] {processor.py:927} WARNING - No viable dags retrieved from /opt/airflow/dags/src/db_to_schema.py
[2024-11-01T19:33:04.147+0000] {processor.py:208} INFO - Processing /opt/airflow/dags/src/db_to_schema.py took 0.160 seconds
[2024-11-01T19:33:55.945+0000] {processor.py:186} INFO - Started process (PID=50) to work on /opt/airflow/dags/src/db_to_schema.py
[2024-11-01T19:33:55.946+0000] {processor.py:914} INFO - Processing file /opt/airflow/dags/src/db_to_schema.py for tasks to queue
[2024-11-01T19:33:55.947+0000] {logging_mixin.py:190} INFO - [2024-11-01T19:33:55.947+0000] {dagbag.py:588} INFO - Filling up the DagBag from /opt/airflow/dags/src/db_to_schema.py
[2024-11-01T19:33:56.177+0000] {processor.py:927} WARNING - No viable dags retrieved from /opt/airflow/dags/src/db_to_schema.py
[2024-11-01T19:33:56.184+0000] {processor.py:208} INFO - Processing /opt/airflow/dags/src/db_to_schema.py took 0.242 seconds
[2024-11-01T19:34:26.458+0000] {processor.py:186} INFO - Started process (PID=58) to work on /opt/airflow/dags/src/db_to_schema.py
[2024-11-01T19:34:26.459+0000] {processor.py:914} INFO - Processing file /opt/airflow/dags/src/db_to_schema.py for tasks to queue
[2024-11-01T19:34:26.461+0000] {logging_mixin.py:190} INFO - [2024-11-01T19:34:26.461+0000] {dagbag.py:588} INFO - Filling up the DagBag from /opt/airflow/dags/src/db_to_schema.py
[2024-11-01T19:34:26.672+0000] {processor.py:927} WARNING - No viable dags retrieved from /opt/airflow/dags/src/db_to_schema.py
[2024-11-01T19:34:26.679+0000] {processor.py:208} INFO - Processing /opt/airflow/dags/src/db_to_schema.py took 0.226 seconds
[2024-11-01T19:34:56.926+0000] {processor.py:186} INFO - Started process (PID=74) to work on /opt/airflow/dags/src/db_to_schema.py
[2024-11-01T19:34:56.929+0000] {processor.py:914} INFO - Processing file /opt/airflow/dags/src/db_to_schema.py for tasks to queue
[2024-11-01T19:34:56.933+0000] {logging_mixin.py:190} INFO - [2024-11-01T19:34:56.933+0000] {dagbag.py:588} INFO - Filling up the DagBag from /opt/airflow/dags/src/db_to_schema.py
[2024-11-01T19:34:57.234+0000] {processor.py:927} WARNING - No viable dags retrieved from /opt/airflow/dags/src/db_to_schema.py
[2024-11-01T19:34:57.241+0000] {processor.py:208} INFO - Processing /opt/airflow/dags/src/db_to_schema.py took 0.319 seconds
[2024-11-01T19:35:27.578+0000] {processor.py:186} INFO - Started process (PID=84) to work on /opt/airflow/dags/src/db_to_schema.py
[2024-11-01T19:35:27.580+0000] {processor.py:914} INFO - Processing file /opt/airflow/dags/src/db_to_schema.py for tasks to queue
[2024-11-01T19:35:27.581+0000] {logging_mixin.py:190} INFO - [2024-11-01T19:35:27.580+0000] {dagbag.py:588} INFO - Filling up the DagBag from /opt/airflow/dags/src/db_to_schema.py
[2024-11-01T19:35:27.823+0000] {processor.py:927} WARNING - No viable dags retrieved from /opt/airflow/dags/src/db_to_schema.py
[2024-11-01T19:35:27.829+0000] {processor.py:208} INFO - Processing /opt/airflow/dags/src/db_to_schema.py took 0.253 seconds
[2024-11-01T19:35:58.128+0000] {processor.py:186} INFO - Started process (PID=98) to work on /opt/airflow/dags/src/db_to_schema.py
[2024-11-01T19:35:58.129+0000] {processor.py:914} INFO - Processing file /opt/airflow/dags/src/db_to_schema.py for tasks to queue
[2024-11-01T19:35:58.139+0000] {logging_mixin.py:190} INFO - [2024-11-01T19:35:58.138+0000] {dagbag.py:588} INFO - Filling up the DagBag from /opt/airflow/dags/src/db_to_schema.py
[2024-11-01T19:35:58.361+0000] {processor.py:927} WARNING - No viable dags retrieved from /opt/airflow/dags/src/db_to_schema.py
[2024-11-01T19:35:58.368+0000] {processor.py:208} INFO - Processing /opt/airflow/dags/src/db_to_schema.py took 0.244 seconds
[2024-11-01T19:36:28.696+0000] {processor.py:186} INFO - Started process (PID=108) to work on /opt/airflow/dags/src/db_to_schema.py
[2024-11-01T19:36:28.698+0000] {processor.py:914} INFO - Processing file /opt/airflow/dags/src/db_to_schema.py for tasks to queue
[2024-11-01T19:36:28.700+0000] {logging_mixin.py:190} INFO - [2024-11-01T19:36:28.699+0000] {dagbag.py:588} INFO - Filling up the DagBag from /opt/airflow/dags/src/db_to_schema.py
[2024-11-01T19:36:28.907+0000] {processor.py:927} WARNING - No viable dags retrieved from /opt/airflow/dags/src/db_to_schema.py
[2024-11-01T19:36:28.914+0000] {processor.py:208} INFO - Processing /opt/airflow/dags/src/db_to_schema.py took 0.221 seconds
[2024-11-01T19:36:59.242+0000] {processor.py:186} INFO - Started process (PID=124) to work on /opt/airflow/dags/src/db_to_schema.py
[2024-11-01T19:36:59.243+0000] {processor.py:914} INFO - Processing file /opt/airflow/dags/src/db_to_schema.py for tasks to queue
[2024-11-01T19:36:59.246+0000] {logging_mixin.py:190} INFO - [2024-11-01T19:36:59.245+0000] {dagbag.py:588} INFO - Filling up the DagBag from /opt/airflow/dags/src/db_to_schema.py
[2024-11-01T19:36:59.513+0000] {processor.py:927} WARNING - No viable dags retrieved from /opt/airflow/dags/src/db_to_schema.py
[2024-11-01T19:36:59.523+0000] {processor.py:208} INFO - Processing /opt/airflow/dags/src/db_to_schema.py took 0.284 seconds
[2024-11-01T19:37:29.902+0000] {processor.py:186} INFO - Started process (PID=134) to work on /opt/airflow/dags/src/db_to_schema.py
[2024-11-01T19:37:29.905+0000] {processor.py:914} INFO - Processing file /opt/airflow/dags/src/db_to_schema.py for tasks to queue
[2024-11-01T19:37:29.906+0000] {logging_mixin.py:190} INFO - [2024-11-01T19:37:29.906+0000] {dagbag.py:588} INFO - Filling up the DagBag from /opt/airflow/dags/src/db_to_schema.py
[2024-11-01T19:37:30.132+0000] {processor.py:927} WARNING - No viable dags retrieved from /opt/airflow/dags/src/db_to_schema.py
[2024-11-01T19:37:30.155+0000] {processor.py:208} INFO - Processing /opt/airflow/dags/src/db_to_schema.py took 0.259 seconds
[2024-11-01T19:38:00.395+0000] {processor.py:186} INFO - Started process (PID=148) to work on /opt/airflow/dags/src/db_to_schema.py
[2024-11-01T19:38:00.398+0000] {processor.py:914} INFO - Processing file /opt/airflow/dags/src/db_to_schema.py for tasks to queue
[2024-11-01T19:38:00.399+0000] {logging_mixin.py:190} INFO - [2024-11-01T19:38:00.399+0000] {dagbag.py:588} INFO - Filling up the DagBag from /opt/airflow/dags/src/db_to_schema.py
[2024-11-01T19:38:00.616+0000] {processor.py:927} WARNING - No viable dags retrieved from /opt/airflow/dags/src/db_to_schema.py
[2024-11-01T19:38:00.622+0000] {processor.py:208} INFO - Processing /opt/airflow/dags/src/db_to_schema.py took 0.231 seconds
[2024-11-01T19:38:30.936+0000] {processor.py:186} INFO - Started process (PID=158) to work on /opt/airflow/dags/src/db_to_schema.py
[2024-11-01T19:38:30.937+0000] {processor.py:914} INFO - Processing file /opt/airflow/dags/src/db_to_schema.py for tasks to queue
[2024-11-01T19:38:30.942+0000] {logging_mixin.py:190} INFO - [2024-11-01T19:38:30.942+0000] {dagbag.py:588} INFO - Filling up the DagBag from /opt/airflow/dags/src/db_to_schema.py
[2024-11-01T19:38:31.138+0000] {processor.py:927} WARNING - No viable dags retrieved from /opt/airflow/dags/src/db_to_schema.py
[2024-11-01T19:38:31.145+0000] {processor.py:208} INFO - Processing /opt/airflow/dags/src/db_to_schema.py took 0.215 seconds
[2024-11-01T19:39:01.454+0000] {processor.py:186} INFO - Started process (PID=168) to work on /opt/airflow/dags/src/db_to_schema.py
[2024-11-01T19:39:01.456+0000] {processor.py:914} INFO - Processing file /opt/airflow/dags/src/db_to_schema.py for tasks to queue
[2024-11-01T19:39:01.459+0000] {logging_mixin.py:190} INFO - [2024-11-01T19:39:01.459+0000] {dagbag.py:588} INFO - Filling up the DagBag from /opt/airflow/dags/src/db_to_schema.py
[2024-11-01T19:39:01.655+0000] {processor.py:927} WARNING - No viable dags retrieved from /opt/airflow/dags/src/db_to_schema.py
[2024-11-01T19:39:01.663+0000] {processor.py:208} INFO - Processing /opt/airflow/dags/src/db_to_schema.py took 0.217 seconds
[2024-11-01T19:39:31.930+0000] {processor.py:186} INFO - Started process (PID=178) to work on /opt/airflow/dags/src/db_to_schema.py
[2024-11-01T19:39:31.932+0000] {processor.py:914} INFO - Processing file /opt/airflow/dags/src/db_to_schema.py for tasks to queue
[2024-11-01T19:39:31.935+0000] {logging_mixin.py:190} INFO - [2024-11-01T19:39:31.934+0000] {dagbag.py:588} INFO - Filling up the DagBag from /opt/airflow/dags/src/db_to_schema.py
[2024-11-01T19:39:32.154+0000] {processor.py:927} WARNING - No viable dags retrieved from /opt/airflow/dags/src/db_to_schema.py
[2024-11-01T19:39:32.161+0000] {processor.py:208} INFO - Processing /opt/airflow/dags/src/db_to_schema.py took 0.238 seconds
[2024-11-01T19:40:02.501+0000] {processor.py:186} INFO - Started process (PID=188) to work on /opt/airflow/dags/src/db_to_schema.py
[2024-11-01T19:40:02.502+0000] {processor.py:914} INFO - Processing file /opt/airflow/dags/src/db_to_schema.py for tasks to queue
[2024-11-01T19:40:02.506+0000] {logging_mixin.py:190} INFO - [2024-11-01T19:40:02.505+0000] {dagbag.py:588} INFO - Filling up the DagBag from /opt/airflow/dags/src/db_to_schema.py
[2024-11-01T19:40:02.705+0000] {processor.py:927} WARNING - No viable dags retrieved from /opt/airflow/dags/src/db_to_schema.py
[2024-11-01T19:40:02.712+0000] {processor.py:208} INFO - Processing /opt/airflow/dags/src/db_to_schema.py took 0.219 seconds
[2024-11-01T19:40:33.033+0000] {processor.py:186} INFO - Started process (PID=198) to work on /opt/airflow/dags/src/db_to_schema.py
[2024-11-01T19:40:33.036+0000] {processor.py:914} INFO - Processing file /opt/airflow/dags/src/db_to_schema.py for tasks to queue
[2024-11-01T19:40:33.039+0000] {logging_mixin.py:190} INFO - [2024-11-01T19:40:33.039+0000] {dagbag.py:588} INFO - Filling up the DagBag from /opt/airflow/dags/src/db_to_schema.py
[2024-11-01T19:40:33.259+0000] {processor.py:927} WARNING - No viable dags retrieved from /opt/airflow/dags/src/db_to_schema.py
[2024-11-01T19:40:33.267+0000] {processor.py:208} INFO - Processing /opt/airflow/dags/src/db_to_schema.py took 0.241 seconds
[2024-11-01T19:41:03.557+0000] {processor.py:186} INFO - Started process (PID=208) to work on /opt/airflow/dags/src/db_to_schema.py
[2024-11-01T19:41:03.558+0000] {processor.py:914} INFO - Processing file /opt/airflow/dags/src/db_to_schema.py for tasks to queue
[2024-11-01T19:41:03.564+0000] {logging_mixin.py:190} INFO - [2024-11-01T19:41:03.564+0000] {dagbag.py:588} INFO - Filling up the DagBag from /opt/airflow/dags/src/db_to_schema.py
[2024-11-01T19:41:03.789+0000] {processor.py:927} WARNING - No viable dags retrieved from /opt/airflow/dags/src/db_to_schema.py
[2024-11-01T19:41:03.794+0000] {processor.py:208} INFO - Processing /opt/airflow/dags/src/db_to_schema.py took 0.244 seconds
[2024-11-01T19:41:34.111+0000] {processor.py:186} INFO - Started process (PID=218) to work on /opt/airflow/dags/src/db_to_schema.py
[2024-11-01T19:41:34.112+0000] {processor.py:914} INFO - Processing file /opt/airflow/dags/src/db_to_schema.py for tasks to queue
[2024-11-01T19:41:34.116+0000] {logging_mixin.py:190} INFO - [2024-11-01T19:41:34.115+0000] {dagbag.py:588} INFO - Filling up the DagBag from /opt/airflow/dags/src/db_to_schema.py
[2024-11-01T19:41:34.349+0000] {processor.py:927} WARNING - No viable dags retrieved from /opt/airflow/dags/src/db_to_schema.py
[2024-11-01T19:41:34.357+0000] {processor.py:208} INFO - Processing /opt/airflow/dags/src/db_to_schema.py took 0.253 seconds
[2024-11-01T19:42:04.735+0000] {processor.py:186} INFO - Started process (PID=228) to work on /opt/airflow/dags/src/db_to_schema.py
[2024-11-01T19:42:04.737+0000] {processor.py:914} INFO - Processing file /opt/airflow/dags/src/db_to_schema.py for tasks to queue
[2024-11-01T19:42:04.739+0000] {logging_mixin.py:190} INFO - [2024-11-01T19:42:04.739+0000] {dagbag.py:588} INFO - Filling up the DagBag from /opt/airflow/dags/src/db_to_schema.py
[2024-11-01T19:42:04.972+0000] {processor.py:927} WARNING - No viable dags retrieved from /opt/airflow/dags/src/db_to_schema.py
[2024-11-01T19:42:04.978+0000] {processor.py:208} INFO - Processing /opt/airflow/dags/src/db_to_schema.py took 0.251 seconds
[2024-11-01T19:42:35.341+0000] {processor.py:186} INFO - Started process (PID=238) to work on /opt/airflow/dags/src/db_to_schema.py
[2024-11-01T19:42:35.342+0000] {processor.py:914} INFO - Processing file /opt/airflow/dags/src/db_to_schema.py for tasks to queue
[2024-11-01T19:42:35.347+0000] {logging_mixin.py:190} INFO - [2024-11-01T19:42:35.347+0000] {dagbag.py:588} INFO - Filling up the DagBag from /opt/airflow/dags/src/db_to_schema.py
[2024-11-01T19:42:35.504+0000] {processor.py:927} WARNING - No viable dags retrieved from /opt/airflow/dags/src/db_to_schema.py
[2024-11-01T19:42:35.509+0000] {processor.py:208} INFO - Processing /opt/airflow/dags/src/db_to_schema.py took 0.173 seconds
[2024-11-01T19:43:05.864+0000] {processor.py:186} INFO - Started process (PID=248) to work on /opt/airflow/dags/src/db_to_schema.py
[2024-11-01T19:43:05.866+0000] {processor.py:914} INFO - Processing file /opt/airflow/dags/src/db_to_schema.py for tasks to queue
[2024-11-01T19:43:05.869+0000] {logging_mixin.py:190} INFO - [2024-11-01T19:43:05.869+0000] {dagbag.py:588} INFO - Filling up the DagBag from /opt/airflow/dags/src/db_to_schema.py
[2024-11-01T19:43:06.092+0000] {processor.py:927} WARNING - No viable dags retrieved from /opt/airflow/dags/src/db_to_schema.py
[2024-11-01T19:43:06.101+0000] {processor.py:208} INFO - Processing /opt/airflow/dags/src/db_to_schema.py took 0.243 seconds
[2024-11-01T19:44:01.460+0000] {processor.py:186} INFO - Started process (PID=43) to work on /opt/airflow/dags/src/db_to_schema.py
[2024-11-01T19:44:01.461+0000] {processor.py:914} INFO - Processing file /opt/airflow/dags/src/db_to_schema.py for tasks to queue
[2024-11-01T19:44:01.462+0000] {logging_mixin.py:190} INFO - [2024-11-01T19:44:01.462+0000] {dagbag.py:588} INFO - Filling up the DagBag from /opt/airflow/dags/src/db_to_schema.py
[2024-11-01T19:44:01.705+0000] {processor.py:927} WARNING - No viable dags retrieved from /opt/airflow/dags/src/db_to_schema.py
[2024-11-01T19:44:01.715+0000] {processor.py:208} INFO - Processing /opt/airflow/dags/src/db_to_schema.py took 0.259 seconds
[2024-11-01T19:44:32.307+0000] {processor.py:186} INFO - Started process (PID=53) to work on /opt/airflow/dags/src/db_to_schema.py
[2024-11-01T19:44:32.309+0000] {processor.py:914} INFO - Processing file /opt/airflow/dags/src/db_to_schema.py for tasks to queue
[2024-11-01T19:44:32.310+0000] {logging_mixin.py:190} INFO - [2024-11-01T19:44:32.310+0000] {dagbag.py:588} INFO - Filling up the DagBag from /opt/airflow/dags/src/db_to_schema.py
[2024-11-01T19:44:32.461+0000] {processor.py:927} WARNING - No viable dags retrieved from /opt/airflow/dags/src/db_to_schema.py
[2024-11-01T19:44:32.468+0000] {processor.py:208} INFO - Processing /opt/airflow/dags/src/db_to_schema.py took 0.164 seconds
[2024-11-01T19:45:03.047+0000] {processor.py:186} INFO - Started process (PID=63) to work on /opt/airflow/dags/src/db_to_schema.py
[2024-11-01T19:45:03.048+0000] {processor.py:914} INFO - Processing file /opt/airflow/dags/src/db_to_schema.py for tasks to queue
[2024-11-01T19:45:03.049+0000] {logging_mixin.py:190} INFO - [2024-11-01T19:45:03.049+0000] {dagbag.py:588} INFO - Filling up the DagBag from /opt/airflow/dags/src/db_to_schema.py
[2024-11-01T19:45:03.195+0000] {processor.py:927} WARNING - No viable dags retrieved from /opt/airflow/dags/src/db_to_schema.py
[2024-11-01T19:45:03.202+0000] {processor.py:208} INFO - Processing /opt/airflow/dags/src/db_to_schema.py took 0.159 seconds
[2024-11-01T19:45:33.896+0000] {processor.py:186} INFO - Started process (PID=79) to work on /opt/airflow/dags/src/db_to_schema.py
[2024-11-01T19:45:33.897+0000] {processor.py:914} INFO - Processing file /opt/airflow/dags/src/db_to_schema.py for tasks to queue
[2024-11-01T19:45:33.898+0000] {logging_mixin.py:190} INFO - [2024-11-01T19:45:33.898+0000] {dagbag.py:588} INFO - Filling up the DagBag from /opt/airflow/dags/src/db_to_schema.py
[2024-11-01T19:45:34.055+0000] {processor.py:927} WARNING - No viable dags retrieved from /opt/airflow/dags/src/db_to_schema.py
[2024-11-01T19:45:34.061+0000] {processor.py:208} INFO - Processing /opt/airflow/dags/src/db_to_schema.py took 0.168 seconds
[2024-11-01T19:46:04.649+0000] {processor.py:186} INFO - Started process (PID=89) to work on /opt/airflow/dags/src/db_to_schema.py
[2024-11-01T19:46:04.650+0000] {processor.py:914} INFO - Processing file /opt/airflow/dags/src/db_to_schema.py for tasks to queue
[2024-11-01T19:46:04.651+0000] {logging_mixin.py:190} INFO - [2024-11-01T19:46:04.651+0000] {dagbag.py:588} INFO - Filling up the DagBag from /opt/airflow/dags/src/db_to_schema.py
[2024-11-01T19:46:04.808+0000] {processor.py:927} WARNING - No viable dags retrieved from /opt/airflow/dags/src/db_to_schema.py
[2024-11-01T19:46:04.814+0000] {processor.py:208} INFO - Processing /opt/airflow/dags/src/db_to_schema.py took 0.167 seconds
[2024-11-01T19:46:35.451+0000] {processor.py:186} INFO - Started process (PID=105) to work on /opt/airflow/dags/src/db_to_schema.py
[2024-11-01T19:46:35.452+0000] {processor.py:914} INFO - Processing file /opt/airflow/dags/src/db_to_schema.py for tasks to queue
[2024-11-01T19:46:35.453+0000] {logging_mixin.py:190} INFO - [2024-11-01T19:46:35.453+0000] {dagbag.py:588} INFO - Filling up the DagBag from /opt/airflow/dags/src/db_to_schema.py
[2024-11-01T19:46:35.591+0000] {processor.py:927} WARNING - No viable dags retrieved from /opt/airflow/dags/src/db_to_schema.py
[2024-11-01T19:46:35.599+0000] {processor.py:208} INFO - Processing /opt/airflow/dags/src/db_to_schema.py took 0.151 seconds
[2024-11-01T19:47:27.200+0000] {processor.py:186} INFO - Started process (PID=43) to work on /opt/airflow/dags/src/db_to_schema.py
[2024-11-01T19:47:27.201+0000] {processor.py:914} INFO - Processing file /opt/airflow/dags/src/db_to_schema.py for tasks to queue
[2024-11-01T19:47:27.203+0000] {logging_mixin.py:190} INFO - [2024-11-01T19:47:27.203+0000] {dagbag.py:588} INFO - Filling up the DagBag from /opt/airflow/dags/src/db_to_schema.py
[2024-11-01T19:47:27.419+0000] {processor.py:927} WARNING - No viable dags retrieved from /opt/airflow/dags/src/db_to_schema.py
[2024-11-01T19:47:27.424+0000] {processor.py:208} INFO - Processing /opt/airflow/dags/src/db_to_schema.py took 0.228 seconds
[2024-11-01T19:47:57.977+0000] {processor.py:186} INFO - Started process (PID=63) to work on /opt/airflow/dags/src/db_to_schema.py
[2024-11-01T19:47:57.978+0000] {processor.py:914} INFO - Processing file /opt/airflow/dags/src/db_to_schema.py for tasks to queue
[2024-11-01T19:47:57.979+0000] {logging_mixin.py:190} INFO - [2024-11-01T19:47:57.979+0000] {dagbag.py:588} INFO - Filling up the DagBag from /opt/airflow/dags/src/db_to_schema.py
[2024-11-01T19:47:58.121+0000] {processor.py:927} WARNING - No viable dags retrieved from /opt/airflow/dags/src/db_to_schema.py
[2024-11-01T19:47:58.129+0000] {processor.py:208} INFO - Processing /opt/airflow/dags/src/db_to_schema.py took 0.154 seconds
[2024-11-01T19:48:28.760+0000] {processor.py:186} INFO - Started process (PID=73) to work on /opt/airflow/dags/src/db_to_schema.py
[2024-11-01T19:48:28.761+0000] {processor.py:914} INFO - Processing file /opt/airflow/dags/src/db_to_schema.py for tasks to queue
[2024-11-01T19:48:28.762+0000] {logging_mixin.py:190} INFO - [2024-11-01T19:48:28.762+0000] {dagbag.py:588} INFO - Filling up the DagBag from /opt/airflow/dags/src/db_to_schema.py
[2024-11-01T19:48:28.915+0000] {processor.py:927} WARNING - No viable dags retrieved from /opt/airflow/dags/src/db_to_schema.py
[2024-11-01T19:48:28.919+0000] {processor.py:208} INFO - Processing /opt/airflow/dags/src/db_to_schema.py took 0.162 seconds
[2024-11-01T19:48:59.460+0000] {processor.py:186} INFO - Started process (PID=83) to work on /opt/airflow/dags/src/db_to_schema.py
[2024-11-01T19:48:59.460+0000] {processor.py:914} INFO - Processing file /opt/airflow/dags/src/db_to_schema.py for tasks to queue
[2024-11-01T19:48:59.462+0000] {logging_mixin.py:190} INFO - [2024-11-01T19:48:59.462+0000] {dagbag.py:588} INFO - Filling up the DagBag from /opt/airflow/dags/src/db_to_schema.py
[2024-11-01T19:48:59.595+0000] {processor.py:927} WARNING - No viable dags retrieved from /opt/airflow/dags/src/db_to_schema.py
[2024-11-01T19:48:59.601+0000] {processor.py:208} INFO - Processing /opt/airflow/dags/src/db_to_schema.py took 0.144 seconds
[2024-11-01T19:49:30.325+0000] {processor.py:186} INFO - Started process (PID=93) to work on /opt/airflow/dags/src/db_to_schema.py
[2024-11-01T19:49:30.326+0000] {processor.py:914} INFO - Processing file /opt/airflow/dags/src/db_to_schema.py for tasks to queue
[2024-11-01T19:49:30.327+0000] {logging_mixin.py:190} INFO - [2024-11-01T19:49:30.326+0000] {dagbag.py:588} INFO - Filling up the DagBag from /opt/airflow/dags/src/db_to_schema.py
[2024-11-01T19:49:30.454+0000] {processor.py:927} WARNING - No viable dags retrieved from /opt/airflow/dags/src/db_to_schema.py
[2024-11-01T19:49:30.463+0000] {processor.py:208} INFO - Processing /opt/airflow/dags/src/db_to_schema.py took 0.140 seconds
[2024-11-01T19:50:01.056+0000] {processor.py:186} INFO - Started process (PID=109) to work on /opt/airflow/dags/src/db_to_schema.py
[2024-11-01T19:50:01.056+0000] {processor.py:914} INFO - Processing file /opt/airflow/dags/src/db_to_schema.py for tasks to queue
[2024-11-01T19:50:01.057+0000] {logging_mixin.py:190} INFO - [2024-11-01T19:50:01.057+0000] {dagbag.py:588} INFO - Filling up the DagBag from /opt/airflow/dags/src/db_to_schema.py
[2024-11-01T19:50:01.185+0000] {processor.py:927} WARNING - No viable dags retrieved from /opt/airflow/dags/src/db_to_schema.py
[2024-11-01T19:50:01.193+0000] {processor.py:208} INFO - Processing /opt/airflow/dags/src/db_to_schema.py took 0.139 seconds
[2024-11-01T19:50:31.859+0000] {processor.py:186} INFO - Started process (PID=119) to work on /opt/airflow/dags/src/db_to_schema.py
[2024-11-01T19:50:31.860+0000] {processor.py:914} INFO - Processing file /opt/airflow/dags/src/db_to_schema.py for tasks to queue
[2024-11-01T19:50:31.861+0000] {logging_mixin.py:190} INFO - [2024-11-01T19:50:31.861+0000] {dagbag.py:588} INFO - Filling up the DagBag from /opt/airflow/dags/src/db_to_schema.py
[2024-11-01T19:50:31.988+0000] {processor.py:927} WARNING - No viable dags retrieved from /opt/airflow/dags/src/db_to_schema.py
[2024-11-01T19:50:32.003+0000] {processor.py:208} INFO - Processing /opt/airflow/dags/src/db_to_schema.py took 0.146 seconds
[2024-11-01T19:51:02.619+0000] {processor.py:186} INFO - Started process (PID=129) to work on /opt/airflow/dags/src/db_to_schema.py
[2024-11-01T19:51:02.620+0000] {processor.py:914} INFO - Processing file /opt/airflow/dags/src/db_to_schema.py for tasks to queue
[2024-11-01T19:51:02.621+0000] {logging_mixin.py:190} INFO - [2024-11-01T19:51:02.621+0000] {dagbag.py:588} INFO - Filling up the DagBag from /opt/airflow/dags/src/db_to_schema.py
[2024-11-01T19:51:02.762+0000] {processor.py:927} WARNING - No viable dags retrieved from /opt/airflow/dags/src/db_to_schema.py
[2024-11-01T19:51:02.769+0000] {processor.py:208} INFO - Processing /opt/airflow/dags/src/db_to_schema.py took 0.153 seconds
[2024-11-01T19:51:33.312+0000] {processor.py:186} INFO - Started process (PID=139) to work on /opt/airflow/dags/src/db_to_schema.py
[2024-11-01T19:51:33.313+0000] {processor.py:914} INFO - Processing file /opt/airflow/dags/src/db_to_schema.py for tasks to queue
[2024-11-01T19:51:33.314+0000] {logging_mixin.py:190} INFO - [2024-11-01T19:51:33.313+0000] {dagbag.py:588} INFO - Filling up the DagBag from /opt/airflow/dags/src/db_to_schema.py
[2024-11-01T19:51:33.437+0000] {processor.py:927} WARNING - No viable dags retrieved from /opt/airflow/dags/src/db_to_schema.py
[2024-11-01T19:51:33.445+0000] {processor.py:208} INFO - Processing /opt/airflow/dags/src/db_to_schema.py took 0.136 seconds
[2024-11-01T19:52:04.016+0000] {processor.py:186} INFO - Started process (PID=149) to work on /opt/airflow/dags/src/db_to_schema.py
[2024-11-01T19:52:04.017+0000] {processor.py:914} INFO - Processing file /opt/airflow/dags/src/db_to_schema.py for tasks to queue
[2024-11-01T19:52:04.018+0000] {logging_mixin.py:190} INFO - [2024-11-01T19:52:04.018+0000] {dagbag.py:588} INFO - Filling up the DagBag from /opt/airflow/dags/src/db_to_schema.py
[2024-11-01T19:52:04.069+0000] {processor.py:927} WARNING - No viable dags retrieved from /opt/airflow/dags/src/db_to_schema.py
[2024-11-01T19:52:04.076+0000] {processor.py:208} INFO - Processing /opt/airflow/dags/src/db_to_schema.py took 0.063 seconds
[2024-11-01T19:52:34.583+0000] {processor.py:186} INFO - Started process (PID=159) to work on /opt/airflow/dags/src/db_to_schema.py
[2024-11-01T19:52:34.584+0000] {processor.py:914} INFO - Processing file /opt/airflow/dags/src/db_to_schema.py for tasks to queue
[2024-11-01T19:52:34.585+0000] {logging_mixin.py:190} INFO - [2024-11-01T19:52:34.584+0000] {dagbag.py:588} INFO - Filling up the DagBag from /opt/airflow/dags/src/db_to_schema.py
[2024-11-01T19:52:34.639+0000] {processor.py:927} WARNING - No viable dags retrieved from /opt/airflow/dags/src/db_to_schema.py
[2024-11-01T19:52:34.645+0000] {processor.py:208} INFO - Processing /opt/airflow/dags/src/db_to_schema.py took 0.065 seconds
[2024-11-01T19:53:05.065+0000] {processor.py:186} INFO - Started process (PID=169) to work on /opt/airflow/dags/src/db_to_schema.py
[2024-11-01T19:53:05.066+0000] {processor.py:914} INFO - Processing file /opt/airflow/dags/src/db_to_schema.py for tasks to queue
[2024-11-01T19:53:05.067+0000] {logging_mixin.py:190} INFO - [2024-11-01T19:53:05.067+0000] {dagbag.py:588} INFO - Filling up the DagBag from /opt/airflow/dags/src/db_to_schema.py
[2024-11-01T19:53:05.121+0000] {processor.py:927} WARNING - No viable dags retrieved from /opt/airflow/dags/src/db_to_schema.py
[2024-11-01T19:53:05.127+0000] {processor.py:208} INFO - Processing /opt/airflow/dags/src/db_to_schema.py took 0.065 seconds
[2024-11-01T19:53:35.648+0000] {processor.py:186} INFO - Started process (PID=179) to work on /opt/airflow/dags/src/db_to_schema.py
[2024-11-01T19:53:35.648+0000] {processor.py:914} INFO - Processing file /opt/airflow/dags/src/db_to_schema.py for tasks to queue
[2024-11-01T19:53:35.649+0000] {logging_mixin.py:190} INFO - [2024-11-01T19:53:35.649+0000] {dagbag.py:588} INFO - Filling up the DagBag from /opt/airflow/dags/src/db_to_schema.py
[2024-11-01T19:53:35.707+0000] {processor.py:927} WARNING - No viable dags retrieved from /opt/airflow/dags/src/db_to_schema.py
[2024-11-01T19:53:35.713+0000] {processor.py:208} INFO - Processing /opt/airflow/dags/src/db_to_schema.py took 0.068 seconds
[2024-11-01T19:54:06.252+0000] {processor.py:186} INFO - Started process (PID=189) to work on /opt/airflow/dags/src/db_to_schema.py
[2024-11-01T19:54:06.253+0000] {processor.py:914} INFO - Processing file /opt/airflow/dags/src/db_to_schema.py for tasks to queue
[2024-11-01T19:54:06.254+0000] {logging_mixin.py:190} INFO - [2024-11-01T19:54:06.254+0000] {dagbag.py:588} INFO - Filling up the DagBag from /opt/airflow/dags/src/db_to_schema.py
[2024-11-01T19:54:06.321+0000] {processor.py:927} WARNING - No viable dags retrieved from /opt/airflow/dags/src/db_to_schema.py
[2024-11-01T19:54:06.330+0000] {processor.py:208} INFO - Processing /opt/airflow/dags/src/db_to_schema.py took 0.081 seconds
[2024-11-01T19:54:36.772+0000] {processor.py:186} INFO - Started process (PID=198) to work on /opt/airflow/dags/src/db_to_schema.py
[2024-11-01T19:54:36.773+0000] {processor.py:914} INFO - Processing file /opt/airflow/dags/src/db_to_schema.py for tasks to queue
[2024-11-01T19:54:36.773+0000] {logging_mixin.py:190} INFO - [2024-11-01T19:54:36.773+0000] {dagbag.py:588} INFO - Filling up the DagBag from /opt/airflow/dags/src/db_to_schema.py
[2024-11-01T19:54:36.828+0000] {processor.py:927} WARNING - No viable dags retrieved from /opt/airflow/dags/src/db_to_schema.py
[2024-11-01T19:54:36.834+0000] {processor.py:208} INFO - Processing /opt/airflow/dags/src/db_to_schema.py took 0.066 seconds
[2024-11-01T19:55:07.487+0000] {processor.py:186} INFO - Started process (PID=208) to work on /opt/airflow/dags/src/db_to_schema.py
[2024-11-01T19:55:07.489+0000] {processor.py:914} INFO - Processing file /opt/airflow/dags/src/db_to_schema.py for tasks to queue
[2024-11-01T19:55:07.492+0000] {logging_mixin.py:190} INFO - [2024-11-01T19:55:07.492+0000] {dagbag.py:588} INFO - Filling up the DagBag from /opt/airflow/dags/src/db_to_schema.py
[2024-11-01T19:55:07.601+0000] {processor.py:927} WARNING - No viable dags retrieved from /opt/airflow/dags/src/db_to_schema.py
[2024-11-01T19:55:07.624+0000] {processor.py:208} INFO - Processing /opt/airflow/dags/src/db_to_schema.py took 0.148 seconds
[2024-11-01T19:55:38.126+0000] {processor.py:186} INFO - Started process (PID=218) to work on /opt/airflow/dags/src/db_to_schema.py
[2024-11-01T19:55:38.126+0000] {processor.py:914} INFO - Processing file /opt/airflow/dags/src/db_to_schema.py for tasks to queue
[2024-11-01T19:55:38.128+0000] {logging_mixin.py:190} INFO - [2024-11-01T19:55:38.127+0000] {dagbag.py:588} INFO - Filling up the DagBag from /opt/airflow/dags/src/db_to_schema.py
[2024-11-01T19:55:38.183+0000] {processor.py:927} WARNING - No viable dags retrieved from /opt/airflow/dags/src/db_to_schema.py
[2024-11-01T19:55:38.189+0000] {processor.py:208} INFO - Processing /opt/airflow/dags/src/db_to_schema.py took 0.066 seconds
[2024-11-01T19:56:08.670+0000] {processor.py:186} INFO - Started process (PID=228) to work on /opt/airflow/dags/src/db_to_schema.py
[2024-11-01T19:56:08.671+0000] {processor.py:914} INFO - Processing file /opt/airflow/dags/src/db_to_schema.py for tasks to queue
[2024-11-01T19:56:08.672+0000] {logging_mixin.py:190} INFO - [2024-11-01T19:56:08.672+0000] {dagbag.py:588} INFO - Filling up the DagBag from /opt/airflow/dags/src/db_to_schema.py
[2024-11-01T19:56:08.732+0000] {processor.py:927} WARNING - No viable dags retrieved from /opt/airflow/dags/src/db_to_schema.py
[2024-11-01T19:56:08.738+0000] {processor.py:208} INFO - Processing /opt/airflow/dags/src/db_to_schema.py took 0.072 seconds
[2024-11-01T19:56:39.294+0000] {processor.py:186} INFO - Started process (PID=238) to work on /opt/airflow/dags/src/db_to_schema.py
[2024-11-01T19:56:39.295+0000] {processor.py:914} INFO - Processing file /opt/airflow/dags/src/db_to_schema.py for tasks to queue
[2024-11-01T19:56:39.296+0000] {logging_mixin.py:190} INFO - [2024-11-01T19:56:39.296+0000] {dagbag.py:588} INFO - Filling up the DagBag from /opt/airflow/dags/src/db_to_schema.py
[2024-11-01T19:56:39.360+0000] {processor.py:927} WARNING - No viable dags retrieved from /opt/airflow/dags/src/db_to_schema.py
[2024-11-01T19:56:39.366+0000] {processor.py:208} INFO - Processing /opt/airflow/dags/src/db_to_schema.py took 0.076 seconds
[2024-11-01T19:57:09.878+0000] {processor.py:186} INFO - Started process (PID=248) to work on /opt/airflow/dags/src/db_to_schema.py
[2024-11-01T19:57:09.879+0000] {processor.py:914} INFO - Processing file /opt/airflow/dags/src/db_to_schema.py for tasks to queue
[2024-11-01T19:57:09.880+0000] {logging_mixin.py:190} INFO - [2024-11-01T19:57:09.880+0000] {dagbag.py:588} INFO - Filling up the DagBag from /opt/airflow/dags/src/db_to_schema.py
[2024-11-01T19:57:09.932+0000] {processor.py:927} WARNING - No viable dags retrieved from /opt/airflow/dags/src/db_to_schema.py
[2024-11-01T19:57:09.937+0000] {processor.py:208} INFO - Processing /opt/airflow/dags/src/db_to_schema.py took 0.062 seconds
[2024-11-01T19:57:40.389+0000] {processor.py:186} INFO - Started process (PID=258) to work on /opt/airflow/dags/src/db_to_schema.py
[2024-11-01T19:57:40.389+0000] {processor.py:914} INFO - Processing file /opt/airflow/dags/src/db_to_schema.py for tasks to queue
[2024-11-01T19:57:40.390+0000] {logging_mixin.py:190} INFO - [2024-11-01T19:57:40.390+0000] {dagbag.py:588} INFO - Filling up the DagBag from /opt/airflow/dags/src/db_to_schema.py
[2024-11-01T19:57:40.454+0000] {processor.py:927} WARNING - No viable dags retrieved from /opt/airflow/dags/src/db_to_schema.py
[2024-11-01T19:57:40.460+0000] {processor.py:208} INFO - Processing /opt/airflow/dags/src/db_to_schema.py took 0.074 seconds
[2024-11-01T19:58:10.938+0000] {processor.py:186} INFO - Started process (PID=268) to work on /opt/airflow/dags/src/db_to_schema.py
[2024-11-01T19:58:10.939+0000] {processor.py:914} INFO - Processing file /opt/airflow/dags/src/db_to_schema.py for tasks to queue
[2024-11-01T19:58:10.940+0000] {logging_mixin.py:190} INFO - [2024-11-01T19:58:10.939+0000] {dagbag.py:588} INFO - Filling up the DagBag from /opt/airflow/dags/src/db_to_schema.py
[2024-11-01T19:58:10.994+0000] {processor.py:927} WARNING - No viable dags retrieved from /opt/airflow/dags/src/db_to_schema.py
[2024-11-01T19:58:11.000+0000] {processor.py:208} INFO - Processing /opt/airflow/dags/src/db_to_schema.py took 0.065 seconds
[2024-11-01T19:58:41.505+0000] {processor.py:186} INFO - Started process (PID=278) to work on /opt/airflow/dags/src/db_to_schema.py
[2024-11-01T19:58:41.506+0000] {processor.py:914} INFO - Processing file /opt/airflow/dags/src/db_to_schema.py for tasks to queue
[2024-11-01T19:58:41.507+0000] {logging_mixin.py:190} INFO - [2024-11-01T19:58:41.507+0000] {dagbag.py:588} INFO - Filling up the DagBag from /opt/airflow/dags/src/db_to_schema.py
[2024-11-01T19:58:41.570+0000] {processor.py:927} WARNING - No viable dags retrieved from /opt/airflow/dags/src/db_to_schema.py
[2024-11-01T19:58:41.577+0000] {processor.py:208} INFO - Processing /opt/airflow/dags/src/db_to_schema.py took 0.075 seconds
[2024-11-01T19:59:12.060+0000] {processor.py:186} INFO - Started process (PID=288) to work on /opt/airflow/dags/src/db_to_schema.py
[2024-11-01T19:59:12.061+0000] {processor.py:914} INFO - Processing file /opt/airflow/dags/src/db_to_schema.py for tasks to queue
[2024-11-01T19:59:12.062+0000] {logging_mixin.py:190} INFO - [2024-11-01T19:59:12.062+0000] {dagbag.py:588} INFO - Filling up the DagBag from /opt/airflow/dags/src/db_to_schema.py
[2024-11-01T19:59:12.119+0000] {processor.py:927} WARNING - No viable dags retrieved from /opt/airflow/dags/src/db_to_schema.py
[2024-11-01T19:59:12.125+0000] {processor.py:208} INFO - Processing /opt/airflow/dags/src/db_to_schema.py took 0.069 seconds
[2024-11-01T19:59:42.598+0000] {processor.py:186} INFO - Started process (PID=298) to work on /opt/airflow/dags/src/db_to_schema.py
[2024-11-01T19:59:42.599+0000] {processor.py:914} INFO - Processing file /opt/airflow/dags/src/db_to_schema.py for tasks to queue
[2024-11-01T19:59:42.600+0000] {logging_mixin.py:190} INFO - [2024-11-01T19:59:42.599+0000] {dagbag.py:588} INFO - Filling up the DagBag from /opt/airflow/dags/src/db_to_schema.py
[2024-11-01T19:59:42.652+0000] {processor.py:927} WARNING - No viable dags retrieved from /opt/airflow/dags/src/db_to_schema.py
[2024-11-01T19:59:42.658+0000] {processor.py:208} INFO - Processing /opt/airflow/dags/src/db_to_schema.py took 0.063 seconds
[2024-11-01T20:00:13.161+0000] {processor.py:186} INFO - Started process (PID=308) to work on /opt/airflow/dags/src/db_to_schema.py
[2024-11-01T20:00:13.162+0000] {processor.py:914} INFO - Processing file /opt/airflow/dags/src/db_to_schema.py for tasks to queue
[2024-11-01T20:00:13.163+0000] {logging_mixin.py:190} INFO - [2024-11-01T20:00:13.162+0000] {dagbag.py:588} INFO - Filling up the DagBag from /opt/airflow/dags/src/db_to_schema.py
[2024-11-01T20:00:13.220+0000] {processor.py:927} WARNING - No viable dags retrieved from /opt/airflow/dags/src/db_to_schema.py
[2024-11-01T20:00:13.227+0000] {processor.py:208} INFO - Processing /opt/airflow/dags/src/db_to_schema.py took 0.069 seconds
[2024-11-01T20:00:43.693+0000] {processor.py:186} INFO - Started process (PID=318) to work on /opt/airflow/dags/src/db_to_schema.py
[2024-11-01T20:00:43.695+0000] {processor.py:914} INFO - Processing file /opt/airflow/dags/src/db_to_schema.py for tasks to queue
[2024-11-01T20:00:43.696+0000] {logging_mixin.py:190} INFO - [2024-11-01T20:00:43.696+0000] {dagbag.py:588} INFO - Filling up the DagBag from /opt/airflow/dags/src/db_to_schema.py
[2024-11-01T20:00:43.754+0000] {processor.py:927} WARNING - No viable dags retrieved from /opt/airflow/dags/src/db_to_schema.py
[2024-11-01T20:00:43.761+0000] {processor.py:208} INFO - Processing /opt/airflow/dags/src/db_to_schema.py took 0.072 seconds
[2024-11-01T20:01:14.205+0000] {processor.py:186} INFO - Started process (PID=328) to work on /opt/airflow/dags/src/db_to_schema.py
[2024-11-01T20:01:14.206+0000] {processor.py:914} INFO - Processing file /opt/airflow/dags/src/db_to_schema.py for tasks to queue
[2024-11-01T20:01:14.207+0000] {logging_mixin.py:190} INFO - [2024-11-01T20:01:14.207+0000] {dagbag.py:588} INFO - Filling up the DagBag from /opt/airflow/dags/src/db_to_schema.py
[2024-11-01T20:01:14.262+0000] {processor.py:927} WARNING - No viable dags retrieved from /opt/airflow/dags/src/db_to_schema.py
[2024-11-01T20:01:14.268+0000] {processor.py:208} INFO - Processing /opt/airflow/dags/src/db_to_schema.py took 0.065 seconds
[2024-11-01T20:01:44.753+0000] {processor.py:186} INFO - Started process (PID=338) to work on /opt/airflow/dags/src/db_to_schema.py
[2024-11-01T20:01:44.754+0000] {processor.py:914} INFO - Processing file /opt/airflow/dags/src/db_to_schema.py for tasks to queue
[2024-11-01T20:01:44.755+0000] {logging_mixin.py:190} INFO - [2024-11-01T20:01:44.755+0000] {dagbag.py:588} INFO - Filling up the DagBag from /opt/airflow/dags/src/db_to_schema.py
[2024-11-01T20:01:44.809+0000] {processor.py:927} WARNING - No viable dags retrieved from /opt/airflow/dags/src/db_to_schema.py
[2024-11-01T20:01:44.815+0000] {processor.py:208} INFO - Processing /opt/airflow/dags/src/db_to_schema.py took 0.064 seconds
[2024-11-01T20:02:15.355+0000] {processor.py:186} INFO - Started process (PID=348) to work on /opt/airflow/dags/src/db_to_schema.py
[2024-11-01T20:02:15.355+0000] {processor.py:914} INFO - Processing file /opt/airflow/dags/src/db_to_schema.py for tasks to queue
[2024-11-01T20:02:15.356+0000] {logging_mixin.py:190} INFO - [2024-11-01T20:02:15.356+0000] {dagbag.py:588} INFO - Filling up the DagBag from /opt/airflow/dags/src/db_to_schema.py
[2024-11-01T20:02:15.411+0000] {processor.py:927} WARNING - No viable dags retrieved from /opt/airflow/dags/src/db_to_schema.py
[2024-11-01T20:02:15.417+0000] {processor.py:208} INFO - Processing /opt/airflow/dags/src/db_to_schema.py took 0.065 seconds
