[2024-11-02T17:38:45.255+0000] {processor.py:186} INFO - Started process (PID=40) to work on /opt/airflow/dags/airflow.py
[2024-11-02T17:38:45.256+0000] {processor.py:914} INFO - Processing file /opt/airflow/dags/airflow.py for tasks to queue
[2024-11-02T17:38:45.259+0000] {logging_mixin.py:190} INFO - [2024-11-02T17:38:45.259+0000] {dagbag.py:588} INFO - Filling up the DagBag from /opt/airflow/dags/airflow.py
[2024-11-02T17:38:45.837+0000] {processor.py:925} INFO - DAG(s) 'data_pipeline' retrieved from /opt/airflow/dags/airflow.py
[2024-11-02T17:38:45.856+0000] {logging_mixin.py:190} INFO - [2024-11-02T17:38:45.855+0000] {dag.py:3239} INFO - Sync 1 DAGs
[2024-11-02T17:38:45.864+0000] {logging_mixin.py:190} INFO - [2024-11-02T17:38:45.864+0000] {dag.py:4180} INFO - Setting next_dagrun for data_pipeline to None, run_after=None
[2024-11-02T17:38:45.874+0000] {processor.py:208} INFO - Processing /opt/airflow/dags/airflow.py took 0.626 seconds
[2024-11-02T17:39:16.106+0000] {processor.py:186} INFO - Started process (PID=50) to work on /opt/airflow/dags/airflow.py
[2024-11-02T17:39:16.107+0000] {processor.py:914} INFO - Processing file /opt/airflow/dags/airflow.py for tasks to queue
[2024-11-02T17:39:16.111+0000] {logging_mixin.py:190} INFO - [2024-11-02T17:39:16.110+0000] {dagbag.py:588} INFO - Filling up the DagBag from /opt/airflow/dags/airflow.py
[2024-11-02T17:39:16.570+0000] {processor.py:925} INFO - DAG(s) 'data_pipeline' retrieved from /opt/airflow/dags/airflow.py
[2024-11-02T17:39:16.582+0000] {logging_mixin.py:190} INFO - [2024-11-02T17:39:16.582+0000] {dag.py:3239} INFO - Sync 1 DAGs
[2024-11-02T17:39:16.591+0000] {logging_mixin.py:190} INFO - [2024-11-02T17:39:16.591+0000] {dag.py:4180} INFO - Setting next_dagrun for data_pipeline to None, run_after=None
[2024-11-02T17:39:16.601+0000] {processor.py:208} INFO - Processing /opt/airflow/dags/airflow.py took 0.498 seconds
[2024-11-02T17:39:46.881+0000] {processor.py:186} INFO - Started process (PID=60) to work on /opt/airflow/dags/airflow.py
[2024-11-02T17:39:46.882+0000] {processor.py:914} INFO - Processing file /opt/airflow/dags/airflow.py for tasks to queue
[2024-11-02T17:39:46.884+0000] {logging_mixin.py:190} INFO - [2024-11-02T17:39:46.884+0000] {dagbag.py:588} INFO - Filling up the DagBag from /opt/airflow/dags/airflow.py
[2024-11-02T17:39:47.245+0000] {processor.py:925} INFO - DAG(s) 'data_pipeline' retrieved from /opt/airflow/dags/airflow.py
[2024-11-02T17:39:47.257+0000] {logging_mixin.py:190} INFO - [2024-11-02T17:39:47.257+0000] {dag.py:3239} INFO - Sync 1 DAGs
[2024-11-02T17:39:47.263+0000] {logging_mixin.py:190} INFO - [2024-11-02T17:39:47.262+0000] {dag.py:4180} INFO - Setting next_dagrun for data_pipeline to None, run_after=None
[2024-11-02T17:39:47.271+0000] {processor.py:208} INFO - Processing /opt/airflow/dags/airflow.py took 0.394 seconds
[2024-11-02T17:40:17.552+0000] {processor.py:186} INFO - Started process (PID=70) to work on /opt/airflow/dags/airflow.py
[2024-11-02T17:40:17.552+0000] {processor.py:914} INFO - Processing file /opt/airflow/dags/airflow.py for tasks to queue
[2024-11-02T17:40:17.555+0000] {logging_mixin.py:190} INFO - [2024-11-02T17:40:17.555+0000] {dagbag.py:588} INFO - Filling up the DagBag from /opt/airflow/dags/airflow.py
[2024-11-02T17:40:17.871+0000] {processor.py:925} INFO - DAG(s) 'data_pipeline' retrieved from /opt/airflow/dags/airflow.py
[2024-11-02T17:40:17.882+0000] {logging_mixin.py:190} INFO - [2024-11-02T17:40:17.882+0000] {dag.py:3239} INFO - Sync 1 DAGs
[2024-11-02T17:40:17.887+0000] {logging_mixin.py:190} INFO - [2024-11-02T17:40:17.887+0000] {dag.py:4180} INFO - Setting next_dagrun for data_pipeline to None, run_after=None
[2024-11-02T17:40:17.896+0000] {processor.py:208} INFO - Processing /opt/airflow/dags/airflow.py took 0.347 seconds
[2024-11-02T17:40:48.166+0000] {processor.py:186} INFO - Started process (PID=86) to work on /opt/airflow/dags/airflow.py
[2024-11-02T17:40:48.167+0000] {processor.py:914} INFO - Processing file /opt/airflow/dags/airflow.py for tasks to queue
[2024-11-02T17:40:48.169+0000] {logging_mixin.py:190} INFO - [2024-11-02T17:40:48.169+0000] {dagbag.py:588} INFO - Filling up the DagBag from /opt/airflow/dags/airflow.py
[2024-11-02T17:40:48.542+0000] {processor.py:925} INFO - DAG(s) 'data_pipeline' retrieved from /opt/airflow/dags/airflow.py
[2024-11-02T17:40:48.552+0000] {logging_mixin.py:190} INFO - [2024-11-02T17:40:48.551+0000] {dag.py:3239} INFO - Sync 1 DAGs
[2024-11-02T17:40:48.556+0000] {logging_mixin.py:190} INFO - [2024-11-02T17:40:48.556+0000] {dag.py:4180} INFO - Setting next_dagrun for data_pipeline to None, run_after=None
[2024-11-02T17:40:48.564+0000] {processor.py:208} INFO - Processing /opt/airflow/dags/airflow.py took 0.403 seconds
[2024-11-02T17:41:18.872+0000] {processor.py:186} INFO - Started process (PID=96) to work on /opt/airflow/dags/airflow.py
[2024-11-02T17:41:18.875+0000] {processor.py:914} INFO - Processing file /opt/airflow/dags/airflow.py for tasks to queue
[2024-11-02T17:41:18.876+0000] {logging_mixin.py:190} INFO - [2024-11-02T17:41:18.876+0000] {dagbag.py:588} INFO - Filling up the DagBag from /opt/airflow/dags/airflow.py
[2024-11-02T17:41:19.222+0000] {processor.py:925} INFO - DAG(s) 'data_pipeline' retrieved from /opt/airflow/dags/airflow.py
[2024-11-02T17:41:19.233+0000] {logging_mixin.py:190} INFO - [2024-11-02T17:41:19.233+0000] {dag.py:3239} INFO - Sync 1 DAGs
[2024-11-02T17:41:19.239+0000] {logging_mixin.py:190} INFO - [2024-11-02T17:41:19.239+0000] {dag.py:4180} INFO - Setting next_dagrun for data_pipeline to None, run_after=None
[2024-11-02T17:41:19.244+0000] {processor.py:208} INFO - Processing /opt/airflow/dags/airflow.py took 0.381 seconds
[2024-11-02T17:41:49.535+0000] {processor.py:186} INFO - Started process (PID=106) to work on /opt/airflow/dags/airflow.py
[2024-11-02T17:41:49.536+0000] {processor.py:914} INFO - Processing file /opt/airflow/dags/airflow.py for tasks to queue
[2024-11-02T17:41:49.540+0000] {logging_mixin.py:190} INFO - [2024-11-02T17:41:49.539+0000] {dagbag.py:588} INFO - Filling up the DagBag from /opt/airflow/dags/airflow.py
[2024-11-02T17:41:49.923+0000] {processor.py:925} INFO - DAG(s) 'data_pipeline' retrieved from /opt/airflow/dags/airflow.py
[2024-11-02T17:41:49.935+0000] {logging_mixin.py:190} INFO - [2024-11-02T17:41:49.935+0000] {dag.py:3239} INFO - Sync 1 DAGs
[2024-11-02T17:41:49.960+0000] {logging_mixin.py:190} INFO - [2024-11-02T17:41:49.959+0000] {dag.py:4180} INFO - Setting next_dagrun for data_pipeline to None, run_after=None
[2024-11-02T17:41:49.967+0000] {processor.py:208} INFO - Processing /opt/airflow/dags/airflow.py took 0.438 seconds
[2024-11-02T17:42:20.310+0000] {processor.py:186} INFO - Started process (PID=116) to work on /opt/airflow/dags/airflow.py
[2024-11-02T17:42:20.311+0000] {processor.py:914} INFO - Processing file /opt/airflow/dags/airflow.py for tasks to queue
[2024-11-02T17:42:20.314+0000] {logging_mixin.py:190} INFO - [2024-11-02T17:42:20.314+0000] {dagbag.py:588} INFO - Filling up the DagBag from /opt/airflow/dags/airflow.py
[2024-11-02T17:42:20.631+0000] {processor.py:925} INFO - DAG(s) 'data_pipeline' retrieved from /opt/airflow/dags/airflow.py
[2024-11-02T17:42:20.643+0000] {logging_mixin.py:190} INFO - [2024-11-02T17:42:20.643+0000] {dag.py:3239} INFO - Sync 1 DAGs
[2024-11-02T17:42:20.651+0000] {logging_mixin.py:190} INFO - [2024-11-02T17:42:20.650+0000] {dag.py:4180} INFO - Setting next_dagrun for data_pipeline to None, run_after=None
[2024-11-02T17:42:20.659+0000] {processor.py:208} INFO - Processing /opt/airflow/dags/airflow.py took 0.353 seconds
[2024-11-02T17:42:50.955+0000] {processor.py:186} INFO - Started process (PID=126) to work on /opt/airflow/dags/airflow.py
[2024-11-02T17:42:50.956+0000] {processor.py:914} INFO - Processing file /opt/airflow/dags/airflow.py for tasks to queue
[2024-11-02T17:42:50.958+0000] {logging_mixin.py:190} INFO - [2024-11-02T17:42:50.958+0000] {dagbag.py:588} INFO - Filling up the DagBag from /opt/airflow/dags/airflow.py
[2024-11-02T17:42:51.293+0000] {processor.py:925} INFO - DAG(s) 'data_pipeline' retrieved from /opt/airflow/dags/airflow.py
[2024-11-02T17:42:51.302+0000] {logging_mixin.py:190} INFO - [2024-11-02T17:42:51.302+0000] {dag.py:3239} INFO - Sync 1 DAGs
[2024-11-02T17:42:51.306+0000] {logging_mixin.py:190} INFO - [2024-11-02T17:42:51.306+0000] {dag.py:4180} INFO - Setting next_dagrun for data_pipeline to None, run_after=None
[2024-11-02T17:42:51.311+0000] {processor.py:208} INFO - Processing /opt/airflow/dags/airflow.py took 0.361 seconds
[2024-11-02T17:43:21.753+0000] {processor.py:186} INFO - Started process (PID=136) to work on /opt/airflow/dags/airflow.py
[2024-11-02T17:43:21.755+0000] {processor.py:914} INFO - Processing file /opt/airflow/dags/airflow.py for tasks to queue
[2024-11-02T17:43:21.758+0000] {logging_mixin.py:190} INFO - [2024-11-02T17:43:21.758+0000] {dagbag.py:588} INFO - Filling up the DagBag from /opt/airflow/dags/airflow.py
[2024-11-02T17:43:22.035+0000] {processor.py:925} INFO - DAG(s) 'data_pipeline' retrieved from /opt/airflow/dags/airflow.py
[2024-11-02T17:43:22.045+0000] {logging_mixin.py:190} INFO - [2024-11-02T17:43:22.045+0000] {dag.py:3239} INFO - Sync 1 DAGs
[2024-11-02T17:43:22.050+0000] {logging_mixin.py:190} INFO - [2024-11-02T17:43:22.050+0000] {dag.py:4180} INFO - Setting next_dagrun for data_pipeline to None, run_after=None
[2024-11-02T17:43:22.057+0000] {processor.py:208} INFO - Processing /opt/airflow/dags/airflow.py took 0.327 seconds
[2024-11-02T17:43:52.277+0000] {processor.py:186} INFO - Started process (PID=146) to work on /opt/airflow/dags/airflow.py
[2024-11-02T17:43:52.277+0000] {processor.py:914} INFO - Processing file /opt/airflow/dags/airflow.py for tasks to queue
[2024-11-02T17:43:52.279+0000] {logging_mixin.py:190} INFO - [2024-11-02T17:43:52.279+0000] {dagbag.py:588} INFO - Filling up the DagBag from /opt/airflow/dags/airflow.py
[2024-11-02T17:43:52.520+0000] {processor.py:925} INFO - DAG(s) 'data_pipeline' retrieved from /opt/airflow/dags/airflow.py
[2024-11-02T17:43:52.530+0000] {logging_mixin.py:190} INFO - [2024-11-02T17:43:52.530+0000] {dag.py:3239} INFO - Sync 1 DAGs
[2024-11-02T17:43:52.536+0000] {logging_mixin.py:190} INFO - [2024-11-02T17:43:52.536+0000] {dag.py:4180} INFO - Setting next_dagrun for data_pipeline to None, run_after=None
[2024-11-02T17:43:52.544+0000] {processor.py:208} INFO - Processing /opt/airflow/dags/airflow.py took 0.272 seconds
[2024-11-02T17:44:22.779+0000] {processor.py:186} INFO - Started process (PID=156) to work on /opt/airflow/dags/airflow.py
[2024-11-02T17:44:22.780+0000] {processor.py:914} INFO - Processing file /opt/airflow/dags/airflow.py for tasks to queue
[2024-11-02T17:44:22.782+0000] {logging_mixin.py:190} INFO - [2024-11-02T17:44:22.782+0000] {dagbag.py:588} INFO - Filling up the DagBag from /opt/airflow/dags/airflow.py
[2024-11-02T17:44:23.027+0000] {processor.py:925} INFO - DAG(s) 'data_pipeline' retrieved from /opt/airflow/dags/airflow.py
[2024-11-02T17:44:23.038+0000] {logging_mixin.py:190} INFO - [2024-11-02T17:44:23.038+0000] {dag.py:3239} INFO - Sync 1 DAGs
[2024-11-02T17:44:23.044+0000] {logging_mixin.py:190} INFO - [2024-11-02T17:44:23.044+0000] {dag.py:4180} INFO - Setting next_dagrun for data_pipeline to None, run_after=None
[2024-11-02T17:44:23.051+0000] {processor.py:208} INFO - Processing /opt/airflow/dags/airflow.py took 0.279 seconds
[2024-11-02T17:44:53.239+0000] {processor.py:186} INFO - Started process (PID=166) to work on /opt/airflow/dags/airflow.py
[2024-11-02T17:44:53.240+0000] {processor.py:914} INFO - Processing file /opt/airflow/dags/airflow.py for tasks to queue
[2024-11-02T17:44:53.244+0000] {logging_mixin.py:190} INFO - [2024-11-02T17:44:53.244+0000] {dagbag.py:588} INFO - Filling up the DagBag from /opt/airflow/dags/airflow.py
[2024-11-02T17:44:53.508+0000] {processor.py:925} INFO - DAG(s) 'data_pipeline' retrieved from /opt/airflow/dags/airflow.py
[2024-11-02T17:44:53.524+0000] {logging_mixin.py:190} INFO - [2024-11-02T17:44:53.524+0000] {dag.py:3239} INFO - Sync 1 DAGs
[2024-11-02T17:44:53.531+0000] {logging_mixin.py:190} INFO - [2024-11-02T17:44:53.531+0000] {dag.py:4180} INFO - Setting next_dagrun for data_pipeline to None, run_after=None
[2024-11-02T17:44:53.538+0000] {processor.py:208} INFO - Processing /opt/airflow/dags/airflow.py took 0.307 seconds
[2024-11-02T17:45:23.725+0000] {processor.py:186} INFO - Started process (PID=176) to work on /opt/airflow/dags/airflow.py
[2024-11-02T17:45:23.725+0000] {processor.py:914} INFO - Processing file /opt/airflow/dags/airflow.py for tasks to queue
[2024-11-02T17:45:23.727+0000] {logging_mixin.py:190} INFO - [2024-11-02T17:45:23.727+0000] {dagbag.py:588} INFO - Filling up the DagBag from /opt/airflow/dags/airflow.py
[2024-11-02T17:45:23.949+0000] {processor.py:925} INFO - DAG(s) 'data_pipeline' retrieved from /opt/airflow/dags/airflow.py
[2024-11-02T17:45:23.960+0000] {logging_mixin.py:190} INFO - [2024-11-02T17:45:23.960+0000] {dag.py:3239} INFO - Sync 1 DAGs
[2024-11-02T17:45:23.966+0000] {logging_mixin.py:190} INFO - [2024-11-02T17:45:23.966+0000] {dag.py:4180} INFO - Setting next_dagrun for data_pipeline to None, run_after=None
[2024-11-02T17:45:23.972+0000] {processor.py:208} INFO - Processing /opt/airflow/dags/airflow.py took 0.251 seconds
[2024-11-02T17:45:54.280+0000] {processor.py:186} INFO - Started process (PID=186) to work on /opt/airflow/dags/airflow.py
[2024-11-02T17:45:54.283+0000] {processor.py:914} INFO - Processing file /opt/airflow/dags/airflow.py for tasks to queue
[2024-11-02T17:45:54.286+0000] {logging_mixin.py:190} INFO - [2024-11-02T17:45:54.286+0000] {dagbag.py:588} INFO - Filling up the DagBag from /opt/airflow/dags/airflow.py
[2024-11-02T17:45:54.525+0000] {processor.py:925} INFO - DAG(s) 'data_pipeline' retrieved from /opt/airflow/dags/airflow.py
[2024-11-02T17:45:54.535+0000] {logging_mixin.py:190} INFO - [2024-11-02T17:45:54.535+0000] {dag.py:3239} INFO - Sync 1 DAGs
[2024-11-02T17:45:54.540+0000] {logging_mixin.py:190} INFO - [2024-11-02T17:45:54.540+0000] {dag.py:4180} INFO - Setting next_dagrun for data_pipeline to None, run_after=None
[2024-11-02T17:45:54.547+0000] {processor.py:208} INFO - Processing /opt/airflow/dags/airflow.py took 0.275 seconds
[2024-11-02T17:46:24.754+0000] {processor.py:186} INFO - Started process (PID=196) to work on /opt/airflow/dags/airflow.py
[2024-11-02T17:46:24.755+0000] {processor.py:914} INFO - Processing file /opt/airflow/dags/airflow.py for tasks to queue
[2024-11-02T17:46:24.757+0000] {logging_mixin.py:190} INFO - [2024-11-02T17:46:24.757+0000] {dagbag.py:588} INFO - Filling up the DagBag from /opt/airflow/dags/airflow.py
[2024-11-02T17:46:24.952+0000] {processor.py:925} INFO - DAG(s) 'data_pipeline' retrieved from /opt/airflow/dags/airflow.py
[2024-11-02T17:46:24.961+0000] {logging_mixin.py:190} INFO - [2024-11-02T17:46:24.961+0000] {dag.py:3239} INFO - Sync 1 DAGs
[2024-11-02T17:46:24.966+0000] {logging_mixin.py:190} INFO - [2024-11-02T17:46:24.966+0000] {dag.py:4180} INFO - Setting next_dagrun for data_pipeline to None, run_after=None
[2024-11-02T17:46:24.972+0000] {processor.py:208} INFO - Processing /opt/airflow/dags/airflow.py took 0.223 seconds
[2024-11-02T17:46:55.261+0000] {processor.py:186} INFO - Started process (PID=206) to work on /opt/airflow/dags/airflow.py
[2024-11-02T17:46:55.272+0000] {processor.py:914} INFO - Processing file /opt/airflow/dags/airflow.py for tasks to queue
[2024-11-02T17:46:55.310+0000] {logging_mixin.py:190} INFO - [2024-11-02T17:46:55.308+0000] {dagbag.py:588} INFO - Filling up the DagBag from /opt/airflow/dags/airflow.py
[2024-11-02T17:46:55.816+0000] {processor.py:925} INFO - DAG(s) 'data_pipeline' retrieved from /opt/airflow/dags/airflow.py
[2024-11-02T17:46:55.841+0000] {logging_mixin.py:190} INFO - [2024-11-02T17:46:55.841+0000] {dag.py:3239} INFO - Sync 1 DAGs
[2024-11-02T17:46:55.849+0000] {logging_mixin.py:190} INFO - [2024-11-02T17:46:55.849+0000] {dag.py:4180} INFO - Setting next_dagrun for data_pipeline to None, run_after=None
[2024-11-02T17:46:55.858+0000] {processor.py:208} INFO - Processing /opt/airflow/dags/airflow.py took 0.625 seconds
[2024-11-02T17:47:26.027+0000] {processor.py:186} INFO - Started process (PID=216) to work on /opt/airflow/dags/airflow.py
[2024-11-02T17:47:26.029+0000] {processor.py:914} INFO - Processing file /opt/airflow/dags/airflow.py for tasks to queue
[2024-11-02T17:47:26.032+0000] {logging_mixin.py:190} INFO - [2024-11-02T17:47:26.032+0000] {dagbag.py:588} INFO - Filling up the DagBag from /opt/airflow/dags/airflow.py
[2024-11-02T17:47:26.270+0000] {processor.py:925} INFO - DAG(s) 'data_pipeline' retrieved from /opt/airflow/dags/airflow.py
[2024-11-02T17:47:26.281+0000] {logging_mixin.py:190} INFO - [2024-11-02T17:47:26.281+0000] {dag.py:3239} INFO - Sync 1 DAGs
[2024-11-02T17:47:26.287+0000] {logging_mixin.py:190} INFO - [2024-11-02T17:47:26.287+0000] {dag.py:4180} INFO - Setting next_dagrun for data_pipeline to None, run_after=None
[2024-11-02T17:47:26.293+0000] {processor.py:208} INFO - Processing /opt/airflow/dags/airflow.py took 0.271 seconds
[2024-11-02T17:47:56.498+0000] {processor.py:186} INFO - Started process (PID=226) to work on /opt/airflow/dags/airflow.py
[2024-11-02T17:47:56.498+0000] {processor.py:914} INFO - Processing file /opt/airflow/dags/airflow.py for tasks to queue
[2024-11-02T17:47:56.500+0000] {logging_mixin.py:190} INFO - [2024-11-02T17:47:56.500+0000] {dagbag.py:588} INFO - Filling up the DagBag from /opt/airflow/dags/airflow.py
[2024-11-02T17:47:56.730+0000] {processor.py:925} INFO - DAG(s) 'data_pipeline' retrieved from /opt/airflow/dags/airflow.py
[2024-11-02T17:47:56.741+0000] {logging_mixin.py:190} INFO - [2024-11-02T17:47:56.741+0000] {dag.py:3239} INFO - Sync 1 DAGs
[2024-11-02T17:47:56.746+0000] {logging_mixin.py:190} INFO - [2024-11-02T17:47:56.746+0000] {dag.py:4180} INFO - Setting next_dagrun for data_pipeline to None, run_after=None
[2024-11-02T17:47:56.753+0000] {processor.py:208} INFO - Processing /opt/airflow/dags/airflow.py took 0.260 seconds
[2024-11-02T17:48:27.009+0000] {processor.py:186} INFO - Started process (PID=236) to work on /opt/airflow/dags/airflow.py
[2024-11-02T17:48:27.010+0000] {processor.py:914} INFO - Processing file /opt/airflow/dags/airflow.py for tasks to queue
[2024-11-02T17:48:27.018+0000] {logging_mixin.py:190} INFO - [2024-11-02T17:48:27.017+0000] {dagbag.py:588} INFO - Filling up the DagBag from /opt/airflow/dags/airflow.py
[2024-11-02T17:48:27.354+0000] {processor.py:925} INFO - DAG(s) 'data_pipeline' retrieved from /opt/airflow/dags/airflow.py
[2024-11-02T17:48:27.365+0000] {logging_mixin.py:190} INFO - [2024-11-02T17:48:27.365+0000] {dag.py:3239} INFO - Sync 1 DAGs
[2024-11-02T17:48:27.371+0000] {logging_mixin.py:190} INFO - [2024-11-02T17:48:27.371+0000] {dag.py:4180} INFO - Setting next_dagrun for data_pipeline to None, run_after=None
[2024-11-02T17:48:27.379+0000] {processor.py:208} INFO - Processing /opt/airflow/dags/airflow.py took 0.379 seconds
[2024-11-02T17:48:57.580+0000] {processor.py:186} INFO - Started process (PID=246) to work on /opt/airflow/dags/airflow.py
[2024-11-02T17:48:57.580+0000] {processor.py:914} INFO - Processing file /opt/airflow/dags/airflow.py for tasks to queue
[2024-11-02T17:48:57.583+0000] {logging_mixin.py:190} INFO - [2024-11-02T17:48:57.582+0000] {dagbag.py:588} INFO - Filling up the DagBag from /opt/airflow/dags/airflow.py
[2024-11-02T17:48:57.779+0000] {processor.py:925} INFO - DAG(s) 'data_pipeline' retrieved from /opt/airflow/dags/airflow.py
[2024-11-02T17:48:57.789+0000] {logging_mixin.py:190} INFO - [2024-11-02T17:48:57.788+0000] {dag.py:3239} INFO - Sync 1 DAGs
[2024-11-02T17:48:57.793+0000] {logging_mixin.py:190} INFO - [2024-11-02T17:48:57.793+0000] {dag.py:4180} INFO - Setting next_dagrun for data_pipeline to None, run_after=None
[2024-11-02T17:48:57.799+0000] {processor.py:208} INFO - Processing /opt/airflow/dags/airflow.py took 0.225 seconds
[2024-11-02T17:49:28.082+0000] {processor.py:186} INFO - Started process (PID=256) to work on /opt/airflow/dags/airflow.py
[2024-11-02T17:49:28.083+0000] {processor.py:914} INFO - Processing file /opt/airflow/dags/airflow.py for tasks to queue
[2024-11-02T17:49:28.087+0000] {logging_mixin.py:190} INFO - [2024-11-02T17:49:28.087+0000] {dagbag.py:588} INFO - Filling up the DagBag from /opt/airflow/dags/airflow.py
[2024-11-02T17:49:28.293+0000] {processor.py:925} INFO - DAG(s) 'data_pipeline' retrieved from /opt/airflow/dags/airflow.py
[2024-11-02T17:49:28.303+0000] {logging_mixin.py:190} INFO - [2024-11-02T17:49:28.302+0000] {dag.py:3239} INFO - Sync 1 DAGs
[2024-11-02T17:49:28.308+0000] {logging_mixin.py:190} INFO - [2024-11-02T17:49:28.308+0000] {dag.py:4180} INFO - Setting next_dagrun for data_pipeline to None, run_after=None
[2024-11-02T17:49:28.314+0000] {processor.py:208} INFO - Processing /opt/airflow/dags/airflow.py took 0.240 seconds
[2024-11-02T17:49:58.575+0000] {processor.py:186} INFO - Started process (PID=266) to work on /opt/airflow/dags/airflow.py
[2024-11-02T17:49:58.576+0000] {processor.py:914} INFO - Processing file /opt/airflow/dags/airflow.py for tasks to queue
[2024-11-02T17:49:58.578+0000] {logging_mixin.py:190} INFO - [2024-11-02T17:49:58.577+0000] {dagbag.py:588} INFO - Filling up the DagBag from /opt/airflow/dags/airflow.py
[2024-11-02T17:49:58.809+0000] {processor.py:925} INFO - DAG(s) 'data_pipeline' retrieved from /opt/airflow/dags/airflow.py
[2024-11-02T17:49:58.821+0000] {logging_mixin.py:190} INFO - [2024-11-02T17:49:58.820+0000] {dag.py:3239} INFO - Sync 1 DAGs
[2024-11-02T17:49:58.827+0000] {logging_mixin.py:190} INFO - [2024-11-02T17:49:58.827+0000] {dag.py:4180} INFO - Setting next_dagrun for data_pipeline to None, run_after=None
[2024-11-02T17:49:58.834+0000] {processor.py:208} INFO - Processing /opt/airflow/dags/airflow.py took 0.263 seconds
[2024-11-02T17:50:28.987+0000] {processor.py:186} INFO - Started process (PID=276) to work on /opt/airflow/dags/airflow.py
[2024-11-02T17:50:28.989+0000] {processor.py:914} INFO - Processing file /opt/airflow/dags/airflow.py for tasks to queue
[2024-11-02T17:50:28.990+0000] {logging_mixin.py:190} INFO - [2024-11-02T17:50:28.989+0000] {dagbag.py:588} INFO - Filling up the DagBag from /opt/airflow/dags/airflow.py
[2024-11-02T17:50:29.203+0000] {processor.py:925} INFO - DAG(s) 'data_pipeline' retrieved from /opt/airflow/dags/airflow.py
[2024-11-02T17:50:29.213+0000] {logging_mixin.py:190} INFO - [2024-11-02T17:50:29.213+0000] {dag.py:3239} INFO - Sync 1 DAGs
[2024-11-02T17:50:29.218+0000] {logging_mixin.py:190} INFO - [2024-11-02T17:50:29.218+0000] {dag.py:4180} INFO - Setting next_dagrun for data_pipeline to None, run_after=None
[2024-11-02T17:50:29.224+0000] {processor.py:208} INFO - Processing /opt/airflow/dags/airflow.py took 0.240 seconds
[2024-11-02T17:50:59.423+0000] {processor.py:186} INFO - Started process (PID=286) to work on /opt/airflow/dags/airflow.py
[2024-11-02T17:50:59.424+0000] {processor.py:914} INFO - Processing file /opt/airflow/dags/airflow.py for tasks to queue
[2024-11-02T17:50:59.425+0000] {logging_mixin.py:190} INFO - [2024-11-02T17:50:59.425+0000] {dagbag.py:588} INFO - Filling up the DagBag from /opt/airflow/dags/airflow.py
[2024-11-02T17:50:59.621+0000] {processor.py:925} INFO - DAG(s) 'data_pipeline' retrieved from /opt/airflow/dags/airflow.py
[2024-11-02T17:50:59.631+0000] {logging_mixin.py:190} INFO - [2024-11-02T17:50:59.631+0000] {dag.py:3239} INFO - Sync 1 DAGs
[2024-11-02T17:50:59.637+0000] {logging_mixin.py:190} INFO - [2024-11-02T17:50:59.636+0000] {dag.py:4180} INFO - Setting next_dagrun for data_pipeline to None, run_after=None
[2024-11-02T17:50:59.643+0000] {processor.py:208} INFO - Processing /opt/airflow/dags/airflow.py took 0.223 seconds
[2024-11-02T17:51:29.887+0000] {processor.py:186} INFO - Started process (PID=296) to work on /opt/airflow/dags/airflow.py
[2024-11-02T17:51:29.888+0000] {processor.py:914} INFO - Processing file /opt/airflow/dags/airflow.py for tasks to queue
[2024-11-02T17:51:29.890+0000] {logging_mixin.py:190} INFO - [2024-11-02T17:51:29.890+0000] {dagbag.py:588} INFO - Filling up the DagBag from /opt/airflow/dags/airflow.py
[2024-11-02T17:51:30.100+0000] {processor.py:925} INFO - DAG(s) 'data_pipeline' retrieved from /opt/airflow/dags/airflow.py
[2024-11-02T17:51:30.110+0000] {logging_mixin.py:190} INFO - [2024-11-02T17:51:30.110+0000] {dag.py:3239} INFO - Sync 1 DAGs
[2024-11-02T17:51:30.116+0000] {logging_mixin.py:190} INFO - [2024-11-02T17:51:30.115+0000] {dag.py:4180} INFO - Setting next_dagrun for data_pipeline to None, run_after=None
[2024-11-02T17:51:30.123+0000] {processor.py:208} INFO - Processing /opt/airflow/dags/airflow.py took 0.239 seconds
[2024-11-02T17:52:00.328+0000] {processor.py:186} INFO - Started process (PID=305) to work on /opt/airflow/dags/airflow.py
[2024-11-02T17:52:00.329+0000] {processor.py:914} INFO - Processing file /opt/airflow/dags/airflow.py for tasks to queue
[2024-11-02T17:52:00.331+0000] {logging_mixin.py:190} INFO - [2024-11-02T17:52:00.330+0000] {dagbag.py:588} INFO - Filling up the DagBag from /opt/airflow/dags/airflow.py
[2024-11-02T17:52:00.567+0000] {processor.py:925} INFO - DAG(s) 'data_pipeline' retrieved from /opt/airflow/dags/airflow.py
[2024-11-02T17:52:00.578+0000] {logging_mixin.py:190} INFO - [2024-11-02T17:52:00.578+0000] {dag.py:3239} INFO - Sync 1 DAGs
[2024-11-02T17:52:00.584+0000] {logging_mixin.py:190} INFO - [2024-11-02T17:52:00.584+0000] {dag.py:4180} INFO - Setting next_dagrun for data_pipeline to None, run_after=None
[2024-11-02T17:52:00.591+0000] {processor.py:208} INFO - Processing /opt/airflow/dags/airflow.py took 0.267 seconds
[2024-11-02T17:52:30.809+0000] {processor.py:186} INFO - Started process (PID=315) to work on /opt/airflow/dags/airflow.py
[2024-11-02T17:52:30.811+0000] {processor.py:914} INFO - Processing file /opt/airflow/dags/airflow.py for tasks to queue
[2024-11-02T17:52:30.814+0000] {logging_mixin.py:190} INFO - [2024-11-02T17:52:30.813+0000] {dagbag.py:588} INFO - Filling up the DagBag from /opt/airflow/dags/airflow.py
[2024-11-02T17:52:31.007+0000] {processor.py:925} INFO - DAG(s) 'data_pipeline' retrieved from /opt/airflow/dags/airflow.py
[2024-11-02T17:52:31.015+0000] {logging_mixin.py:190} INFO - [2024-11-02T17:52:31.015+0000] {dag.py:3239} INFO - Sync 1 DAGs
[2024-11-02T17:52:31.021+0000] {logging_mixin.py:190} INFO - [2024-11-02T17:52:31.021+0000] {dag.py:4180} INFO - Setting next_dagrun for data_pipeline to None, run_after=None
[2024-11-02T17:52:31.027+0000] {processor.py:208} INFO - Processing /opt/airflow/dags/airflow.py took 0.224 seconds
[2024-11-02T17:53:01.271+0000] {processor.py:186} INFO - Started process (PID=325) to work on /opt/airflow/dags/airflow.py
[2024-11-02T17:53:01.272+0000] {processor.py:914} INFO - Processing file /opt/airflow/dags/airflow.py for tasks to queue
[2024-11-02T17:53:01.274+0000] {logging_mixin.py:190} INFO - [2024-11-02T17:53:01.273+0000] {dagbag.py:588} INFO - Filling up the DagBag from /opt/airflow/dags/airflow.py
[2024-11-02T17:53:01.472+0000] {processor.py:925} INFO - DAG(s) 'data_pipeline' retrieved from /opt/airflow/dags/airflow.py
[2024-11-02T17:53:01.482+0000] {logging_mixin.py:190} INFO - [2024-11-02T17:53:01.482+0000] {dag.py:3239} INFO - Sync 1 DAGs
[2024-11-02T17:53:01.487+0000] {logging_mixin.py:190} INFO - [2024-11-02T17:53:01.487+0000] {dag.py:4180} INFO - Setting next_dagrun for data_pipeline to None, run_after=None
[2024-11-02T17:53:01.493+0000] {processor.py:208} INFO - Processing /opt/airflow/dags/airflow.py took 0.229 seconds
[2024-11-02T17:53:31.711+0000] {processor.py:186} INFO - Started process (PID=335) to work on /opt/airflow/dags/airflow.py
[2024-11-02T17:53:31.713+0000] {processor.py:914} INFO - Processing file /opt/airflow/dags/airflow.py for tasks to queue
[2024-11-02T17:53:31.714+0000] {logging_mixin.py:190} INFO - [2024-11-02T17:53:31.714+0000] {dagbag.py:588} INFO - Filling up the DagBag from /opt/airflow/dags/airflow.py
[2024-11-02T17:53:31.911+0000] {processor.py:925} INFO - DAG(s) 'data_pipeline' retrieved from /opt/airflow/dags/airflow.py
[2024-11-02T17:53:31.922+0000] {logging_mixin.py:190} INFO - [2024-11-02T17:53:31.922+0000] {dag.py:3239} INFO - Sync 1 DAGs
[2024-11-02T17:53:31.928+0000] {logging_mixin.py:190} INFO - [2024-11-02T17:53:31.927+0000] {dag.py:4180} INFO - Setting next_dagrun for data_pipeline to None, run_after=None
[2024-11-02T17:53:31.934+0000] {processor.py:208} INFO - Processing /opt/airflow/dags/airflow.py took 0.226 seconds
[2024-11-02T17:54:02.184+0000] {processor.py:186} INFO - Started process (PID=345) to work on /opt/airflow/dags/airflow.py
[2024-11-02T17:54:02.185+0000] {processor.py:914} INFO - Processing file /opt/airflow/dags/airflow.py for tasks to queue
[2024-11-02T17:54:02.187+0000] {logging_mixin.py:190} INFO - [2024-11-02T17:54:02.186+0000] {dagbag.py:588} INFO - Filling up the DagBag from /opt/airflow/dags/airflow.py
[2024-11-02T17:54:02.442+0000] {processor.py:925} INFO - DAG(s) 'data_pipeline' retrieved from /opt/airflow/dags/airflow.py
[2024-11-02T17:54:02.455+0000] {logging_mixin.py:190} INFO - [2024-11-02T17:54:02.455+0000] {dag.py:3239} INFO - Sync 1 DAGs
[2024-11-02T17:54:02.462+0000] {logging_mixin.py:190} INFO - [2024-11-02T17:54:02.462+0000] {dag.py:4180} INFO - Setting next_dagrun for data_pipeline to None, run_after=None
[2024-11-02T17:54:02.480+0000] {processor.py:208} INFO - Processing /opt/airflow/dags/airflow.py took 0.301 seconds
[2024-11-02T17:54:32.660+0000] {processor.py:186} INFO - Started process (PID=355) to work on /opt/airflow/dags/airflow.py
[2024-11-02T17:54:32.661+0000] {processor.py:914} INFO - Processing file /opt/airflow/dags/airflow.py for tasks to queue
[2024-11-02T17:54:32.664+0000] {logging_mixin.py:190} INFO - [2024-11-02T17:54:32.664+0000] {dagbag.py:588} INFO - Filling up the DagBag from /opt/airflow/dags/airflow.py
[2024-11-02T17:54:32.891+0000] {processor.py:925} INFO - DAG(s) 'data_pipeline' retrieved from /opt/airflow/dags/airflow.py
[2024-11-02T17:54:32.901+0000] {logging_mixin.py:190} INFO - [2024-11-02T17:54:32.901+0000] {dag.py:3239} INFO - Sync 1 DAGs
[2024-11-02T17:54:32.906+0000] {logging_mixin.py:190} INFO - [2024-11-02T17:54:32.906+0000] {dag.py:4180} INFO - Setting next_dagrun for data_pipeline to None, run_after=None
[2024-11-02T17:54:32.912+0000] {processor.py:208} INFO - Processing /opt/airflow/dags/airflow.py took 0.258 seconds
[2024-11-02T17:55:03.088+0000] {processor.py:186} INFO - Started process (PID=364) to work on /opt/airflow/dags/airflow.py
[2024-11-02T17:55:03.089+0000] {processor.py:914} INFO - Processing file /opt/airflow/dags/airflow.py for tasks to queue
[2024-11-02T17:55:03.090+0000] {logging_mixin.py:190} INFO - [2024-11-02T17:55:03.090+0000] {dagbag.py:588} INFO - Filling up the DagBag from /opt/airflow/dags/airflow.py
[2024-11-02T17:55:03.291+0000] {processor.py:925} INFO - DAG(s) 'data_pipeline' retrieved from /opt/airflow/dags/airflow.py
[2024-11-02T17:55:03.301+0000] {logging_mixin.py:190} INFO - [2024-11-02T17:55:03.301+0000] {dag.py:3239} INFO - Sync 1 DAGs
[2024-11-02T17:55:03.306+0000] {logging_mixin.py:190} INFO - [2024-11-02T17:55:03.306+0000] {dag.py:4180} INFO - Setting next_dagrun for data_pipeline to None, run_after=None
[2024-11-02T17:55:03.314+0000] {processor.py:208} INFO - Processing /opt/airflow/dags/airflow.py took 0.231 seconds
[2024-11-02T17:55:33.534+0000] {processor.py:186} INFO - Started process (PID=374) to work on /opt/airflow/dags/airflow.py
[2024-11-02T17:55:33.535+0000] {processor.py:914} INFO - Processing file /opt/airflow/dags/airflow.py for tasks to queue
[2024-11-02T17:55:33.539+0000] {logging_mixin.py:190} INFO - [2024-11-02T17:55:33.538+0000] {dagbag.py:588} INFO - Filling up the DagBag from /opt/airflow/dags/airflow.py
[2024-11-02T17:55:33.753+0000] {processor.py:925} INFO - DAG(s) 'data_pipeline' retrieved from /opt/airflow/dags/airflow.py
[2024-11-02T17:55:33.762+0000] {logging_mixin.py:190} INFO - [2024-11-02T17:55:33.762+0000] {dag.py:3239} INFO - Sync 1 DAGs
[2024-11-02T17:55:33.768+0000] {logging_mixin.py:190} INFO - [2024-11-02T17:55:33.768+0000] {dag.py:4180} INFO - Setting next_dagrun for data_pipeline to None, run_after=None
[2024-11-02T17:55:33.774+0000] {processor.py:208} INFO - Processing /opt/airflow/dags/airflow.py took 0.249 seconds
[2024-11-02T17:56:04.016+0000] {processor.py:186} INFO - Started process (PID=384) to work on /opt/airflow/dags/airflow.py
[2024-11-02T17:56:04.017+0000] {processor.py:914} INFO - Processing file /opt/airflow/dags/airflow.py for tasks to queue
[2024-11-02T17:56:04.020+0000] {logging_mixin.py:190} INFO - [2024-11-02T17:56:04.019+0000] {dagbag.py:588} INFO - Filling up the DagBag from /opt/airflow/dags/airflow.py
[2024-11-02T17:56:04.259+0000] {processor.py:925} INFO - DAG(s) 'data_pipeline' retrieved from /opt/airflow/dags/airflow.py
[2024-11-02T17:56:04.271+0000] {logging_mixin.py:190} INFO - [2024-11-02T17:56:04.271+0000] {dag.py:3239} INFO - Sync 1 DAGs
[2024-11-02T17:56:04.278+0000] {logging_mixin.py:190} INFO - [2024-11-02T17:56:04.278+0000] {dag.py:4180} INFO - Setting next_dagrun for data_pipeline to None, run_after=None
[2024-11-02T17:56:04.287+0000] {processor.py:208} INFO - Processing /opt/airflow/dags/airflow.py took 0.276 seconds
[2024-11-02T17:56:34.526+0000] {processor.py:186} INFO - Started process (PID=394) to work on /opt/airflow/dags/airflow.py
[2024-11-02T17:56:34.527+0000] {processor.py:914} INFO - Processing file /opt/airflow/dags/airflow.py for tasks to queue
[2024-11-02T17:56:34.529+0000] {logging_mixin.py:190} INFO - [2024-11-02T17:56:34.528+0000] {dagbag.py:588} INFO - Filling up the DagBag from /opt/airflow/dags/airflow.py
[2024-11-02T17:56:34.744+0000] {processor.py:925} INFO - DAG(s) 'data_pipeline' retrieved from /opt/airflow/dags/airflow.py
[2024-11-02T17:56:34.753+0000] {logging_mixin.py:190} INFO - [2024-11-02T17:56:34.753+0000] {dag.py:3239} INFO - Sync 1 DAGs
[2024-11-02T17:56:34.758+0000] {logging_mixin.py:190} INFO - [2024-11-02T17:56:34.757+0000] {dag.py:4180} INFO - Setting next_dagrun for data_pipeline to None, run_after=None
[2024-11-02T17:56:34.763+0000] {processor.py:208} INFO - Processing /opt/airflow/dags/airflow.py took 0.244 seconds
[2024-11-02T17:57:05.043+0000] {processor.py:186} INFO - Started process (PID=404) to work on /opt/airflow/dags/airflow.py
[2024-11-02T17:57:05.044+0000] {processor.py:914} INFO - Processing file /opt/airflow/dags/airflow.py for tasks to queue
[2024-11-02T17:57:05.046+0000] {logging_mixin.py:190} INFO - [2024-11-02T17:57:05.046+0000] {dagbag.py:588} INFO - Filling up the DagBag from /opt/airflow/dags/airflow.py
[2024-11-02T17:57:05.244+0000] {processor.py:925} INFO - DAG(s) 'data_pipeline' retrieved from /opt/airflow/dags/airflow.py
[2024-11-02T17:57:05.252+0000] {logging_mixin.py:190} INFO - [2024-11-02T17:57:05.252+0000] {dag.py:3239} INFO - Sync 1 DAGs
[2024-11-02T17:57:05.257+0000] {logging_mixin.py:190} INFO - [2024-11-02T17:57:05.257+0000] {dag.py:4180} INFO - Setting next_dagrun for data_pipeline to None, run_after=None
[2024-11-02T17:57:05.263+0000] {processor.py:208} INFO - Processing /opt/airflow/dags/airflow.py took 0.227 seconds
[2024-11-02T17:57:35.475+0000] {processor.py:186} INFO - Started process (PID=414) to work on /opt/airflow/dags/airflow.py
[2024-11-02T17:57:35.476+0000] {processor.py:914} INFO - Processing file /opt/airflow/dags/airflow.py for tasks to queue
[2024-11-02T17:57:35.478+0000] {logging_mixin.py:190} INFO - [2024-11-02T17:57:35.478+0000] {dagbag.py:588} INFO - Filling up the DagBag from /opt/airflow/dags/airflow.py
[2024-11-02T17:57:35.709+0000] {processor.py:925} INFO - DAG(s) 'data_pipeline' retrieved from /opt/airflow/dags/airflow.py
[2024-11-02T17:57:35.719+0000] {logging_mixin.py:190} INFO - [2024-11-02T17:57:35.718+0000] {dag.py:3239} INFO - Sync 1 DAGs
[2024-11-02T17:57:35.724+0000] {logging_mixin.py:190} INFO - [2024-11-02T17:57:35.724+0000] {dag.py:4180} INFO - Setting next_dagrun for data_pipeline to None, run_after=None
[2024-11-02T17:57:35.730+0000] {processor.py:208} INFO - Processing /opt/airflow/dags/airflow.py took 0.258 seconds
[2024-11-02T17:58:05.951+0000] {processor.py:186} INFO - Started process (PID=424) to work on /opt/airflow/dags/airflow.py
[2024-11-02T17:58:05.952+0000] {processor.py:914} INFO - Processing file /opt/airflow/dags/airflow.py for tasks to queue
[2024-11-02T17:58:05.954+0000] {logging_mixin.py:190} INFO - [2024-11-02T17:58:05.954+0000] {dagbag.py:588} INFO - Filling up the DagBag from /opt/airflow/dags/airflow.py
[2024-11-02T17:58:06.143+0000] {processor.py:925} INFO - DAG(s) 'data_pipeline' retrieved from /opt/airflow/dags/airflow.py
[2024-11-02T17:58:06.152+0000] {logging_mixin.py:190} INFO - [2024-11-02T17:58:06.152+0000] {dag.py:3239} INFO - Sync 1 DAGs
[2024-11-02T17:58:06.157+0000] {logging_mixin.py:190} INFO - [2024-11-02T17:58:06.157+0000] {dag.py:4180} INFO - Setting next_dagrun for data_pipeline to None, run_after=None
[2024-11-02T17:58:06.164+0000] {processor.py:208} INFO - Processing /opt/airflow/dags/airflow.py took 0.215 seconds
[2024-11-02T17:58:36.457+0000] {processor.py:186} INFO - Started process (PID=434) to work on /opt/airflow/dags/airflow.py
[2024-11-02T17:58:36.458+0000] {processor.py:914} INFO - Processing file /opt/airflow/dags/airflow.py for tasks to queue
[2024-11-02T17:58:36.460+0000] {logging_mixin.py:190} INFO - [2024-11-02T17:58:36.460+0000] {dagbag.py:588} INFO - Filling up the DagBag from /opt/airflow/dags/airflow.py
[2024-11-02T17:58:36.652+0000] {processor.py:925} INFO - DAG(s) 'data_pipeline' retrieved from /opt/airflow/dags/airflow.py
[2024-11-02T17:58:36.661+0000] {logging_mixin.py:190} INFO - [2024-11-02T17:58:36.660+0000] {dag.py:3239} INFO - Sync 1 DAGs
[2024-11-02T17:58:36.666+0000] {logging_mixin.py:190} INFO - [2024-11-02T17:58:36.666+0000] {dag.py:4180} INFO - Setting next_dagrun for data_pipeline to None, run_after=None
[2024-11-02T17:58:36.671+0000] {processor.py:208} INFO - Processing /opt/airflow/dags/airflow.py took 0.219 seconds
[2024-11-02T17:59:06.986+0000] {processor.py:186} INFO - Started process (PID=444) to work on /opt/airflow/dags/airflow.py
[2024-11-02T17:59:06.987+0000] {processor.py:914} INFO - Processing file /opt/airflow/dags/airflow.py for tasks to queue
[2024-11-02T17:59:06.989+0000] {logging_mixin.py:190} INFO - [2024-11-02T17:59:06.989+0000] {dagbag.py:588} INFO - Filling up the DagBag from /opt/airflow/dags/airflow.py
[2024-11-02T17:59:07.182+0000] {processor.py:925} INFO - DAG(s) 'data_pipeline' retrieved from /opt/airflow/dags/airflow.py
[2024-11-02T17:59:07.192+0000] {logging_mixin.py:190} INFO - [2024-11-02T17:59:07.192+0000] {dag.py:3239} INFO - Sync 1 DAGs
[2024-11-02T17:59:07.197+0000] {logging_mixin.py:190} INFO - [2024-11-02T17:59:07.197+0000] {dag.py:4180} INFO - Setting next_dagrun for data_pipeline to None, run_after=None
[2024-11-02T17:59:07.203+0000] {processor.py:208} INFO - Processing /opt/airflow/dags/airflow.py took 0.222 seconds
[2024-11-02T17:59:37.448+0000] {processor.py:186} INFO - Started process (PID=454) to work on /opt/airflow/dags/airflow.py
[2024-11-02T17:59:37.449+0000] {processor.py:914} INFO - Processing file /opt/airflow/dags/airflow.py for tasks to queue
[2024-11-02T17:59:37.452+0000] {logging_mixin.py:190} INFO - [2024-11-02T17:59:37.452+0000] {dagbag.py:588} INFO - Filling up the DagBag from /opt/airflow/dags/airflow.py
[2024-11-02T17:59:37.650+0000] {processor.py:925} INFO - DAG(s) 'data_pipeline' retrieved from /opt/airflow/dags/airflow.py
[2024-11-02T17:59:37.659+0000] {logging_mixin.py:190} INFO - [2024-11-02T17:59:37.659+0000] {dag.py:3239} INFO - Sync 1 DAGs
[2024-11-02T17:59:37.663+0000] {logging_mixin.py:190} INFO - [2024-11-02T17:59:37.663+0000] {dag.py:4180} INFO - Setting next_dagrun for data_pipeline to None, run_after=None
[2024-11-02T17:59:37.669+0000] {processor.py:208} INFO - Processing /opt/airflow/dags/airflow.py took 0.228 seconds
[2024-11-02T18:00:07.930+0000] {processor.py:186} INFO - Started process (PID=464) to work on /opt/airflow/dags/airflow.py
[2024-11-02T18:00:07.931+0000] {processor.py:914} INFO - Processing file /opt/airflow/dags/airflow.py for tasks to queue
[2024-11-02T18:00:07.933+0000] {logging_mixin.py:190} INFO - [2024-11-02T18:00:07.932+0000] {dagbag.py:588} INFO - Filling up the DagBag from /opt/airflow/dags/airflow.py
[2024-11-02T18:00:08.125+0000] {processor.py:925} INFO - DAG(s) 'data_pipeline' retrieved from /opt/airflow/dags/airflow.py
[2024-11-02T18:00:08.133+0000] {logging_mixin.py:190} INFO - [2024-11-02T18:00:08.133+0000] {dag.py:3239} INFO - Sync 1 DAGs
[2024-11-02T18:00:08.138+0000] {logging_mixin.py:190} INFO - [2024-11-02T18:00:08.138+0000] {dag.py:4180} INFO - Setting next_dagrun for data_pipeline to None, run_after=None
[2024-11-02T18:00:08.144+0000] {processor.py:208} INFO - Processing /opt/airflow/dags/airflow.py took 0.220 seconds
[2024-11-02T18:00:38.438+0000] {processor.py:186} INFO - Started process (PID=474) to work on /opt/airflow/dags/airflow.py
[2024-11-02T18:00:38.439+0000] {processor.py:914} INFO - Processing file /opt/airflow/dags/airflow.py for tasks to queue
[2024-11-02T18:00:38.441+0000] {logging_mixin.py:190} INFO - [2024-11-02T18:00:38.441+0000] {dagbag.py:588} INFO - Filling up the DagBag from /opt/airflow/dags/airflow.py
[2024-11-02T18:00:38.638+0000] {processor.py:925} INFO - DAG(s) 'data_pipeline' retrieved from /opt/airflow/dags/airflow.py
[2024-11-02T18:00:38.647+0000] {logging_mixin.py:190} INFO - [2024-11-02T18:00:38.646+0000] {dag.py:3239} INFO - Sync 1 DAGs
[2024-11-02T18:00:38.651+0000] {logging_mixin.py:190} INFO - [2024-11-02T18:00:38.651+0000] {dag.py:4180} INFO - Setting next_dagrun for data_pipeline to None, run_after=None
[2024-11-02T18:00:38.657+0000] {processor.py:208} INFO - Processing /opt/airflow/dags/airflow.py took 0.225 seconds
[2024-11-02T18:01:08.895+0000] {processor.py:186} INFO - Started process (PID=484) to work on /opt/airflow/dags/airflow.py
[2024-11-02T18:01:08.896+0000] {processor.py:914} INFO - Processing file /opt/airflow/dags/airflow.py for tasks to queue
[2024-11-02T18:01:08.898+0000] {logging_mixin.py:190} INFO - [2024-11-02T18:01:08.897+0000] {dagbag.py:588} INFO - Filling up the DagBag from /opt/airflow/dags/airflow.py
[2024-11-02T18:01:09.092+0000] {processor.py:925} INFO - DAG(s) 'data_pipeline' retrieved from /opt/airflow/dags/airflow.py
[2024-11-02T18:01:09.100+0000] {logging_mixin.py:190} INFO - [2024-11-02T18:01:09.100+0000] {dag.py:3239} INFO - Sync 1 DAGs
[2024-11-02T18:01:09.106+0000] {logging_mixin.py:190} INFO - [2024-11-02T18:01:09.106+0000] {dag.py:4180} INFO - Setting next_dagrun for data_pipeline to None, run_after=None
[2024-11-02T18:01:09.111+0000] {processor.py:208} INFO - Processing /opt/airflow/dags/airflow.py took 0.222 seconds
[2024-11-02T18:01:39.363+0000] {processor.py:186} INFO - Started process (PID=494) to work on /opt/airflow/dags/airflow.py
[2024-11-02T18:01:39.365+0000] {processor.py:914} INFO - Processing file /opt/airflow/dags/airflow.py for tasks to queue
[2024-11-02T18:01:39.370+0000] {logging_mixin.py:190} INFO - [2024-11-02T18:01:39.370+0000] {dagbag.py:588} INFO - Filling up the DagBag from /opt/airflow/dags/airflow.py
[2024-11-02T18:01:39.607+0000] {processor.py:925} INFO - DAG(s) 'data_pipeline' retrieved from /opt/airflow/dags/airflow.py
[2024-11-02T18:01:39.621+0000] {logging_mixin.py:190} INFO - [2024-11-02T18:01:39.620+0000] {dag.py:3239} INFO - Sync 1 DAGs
[2024-11-02T18:01:39.626+0000] {logging_mixin.py:190} INFO - [2024-11-02T18:01:39.626+0000] {dag.py:4180} INFO - Setting next_dagrun for data_pipeline to None, run_after=None
[2024-11-02T18:01:39.632+0000] {processor.py:208} INFO - Processing /opt/airflow/dags/airflow.py took 0.282 seconds
[2024-11-02T18:02:09.834+0000] {processor.py:186} INFO - Started process (PID=504) to work on /opt/airflow/dags/airflow.py
[2024-11-02T18:02:09.835+0000] {processor.py:914} INFO - Processing file /opt/airflow/dags/airflow.py for tasks to queue
[2024-11-02T18:02:09.837+0000] {logging_mixin.py:190} INFO - [2024-11-02T18:02:09.837+0000] {dagbag.py:588} INFO - Filling up the DagBag from /opt/airflow/dags/airflow.py
[2024-11-02T18:02:10.029+0000] {processor.py:925} INFO - DAG(s) 'data_pipeline' retrieved from /opt/airflow/dags/airflow.py
[2024-11-02T18:02:10.040+0000] {logging_mixin.py:190} INFO - [2024-11-02T18:02:10.039+0000] {dag.py:3239} INFO - Sync 1 DAGs
[2024-11-02T18:02:10.044+0000] {logging_mixin.py:190} INFO - [2024-11-02T18:02:10.044+0000] {dag.py:4180} INFO - Setting next_dagrun for data_pipeline to None, run_after=None
[2024-11-02T18:02:10.050+0000] {processor.py:208} INFO - Processing /opt/airflow/dags/airflow.py took 0.218 seconds
[2024-11-02T18:02:40.312+0000] {processor.py:186} INFO - Started process (PID=514) to work on /opt/airflow/dags/airflow.py
[2024-11-02T18:02:40.314+0000] {processor.py:914} INFO - Processing file /opt/airflow/dags/airflow.py for tasks to queue
[2024-11-02T18:02:40.317+0000] {logging_mixin.py:190} INFO - [2024-11-02T18:02:40.316+0000] {dagbag.py:588} INFO - Filling up the DagBag from /opt/airflow/dags/airflow.py
[2024-11-02T18:02:40.507+0000] {processor.py:925} INFO - DAG(s) 'data_pipeline' retrieved from /opt/airflow/dags/airflow.py
[2024-11-02T18:02:40.515+0000] {logging_mixin.py:190} INFO - [2024-11-02T18:02:40.515+0000] {dag.py:3239} INFO - Sync 1 DAGs
[2024-11-02T18:02:40.520+0000] {logging_mixin.py:190} INFO - [2024-11-02T18:02:40.520+0000] {dag.py:4180} INFO - Setting next_dagrun for data_pipeline to None, run_after=None
[2024-11-02T18:02:40.526+0000] {processor.py:208} INFO - Processing /opt/airflow/dags/airflow.py took 0.220 seconds
[2024-11-02T18:03:10.798+0000] {processor.py:186} INFO - Started process (PID=524) to work on /opt/airflow/dags/airflow.py
[2024-11-02T18:03:10.799+0000] {processor.py:914} INFO - Processing file /opt/airflow/dags/airflow.py for tasks to queue
[2024-11-02T18:03:10.801+0000] {logging_mixin.py:190} INFO - [2024-11-02T18:03:10.801+0000] {dagbag.py:588} INFO - Filling up the DagBag from /opt/airflow/dags/airflow.py
[2024-11-02T18:03:10.999+0000] {processor.py:925} INFO - DAG(s) 'data_pipeline' retrieved from /opt/airflow/dags/airflow.py
[2024-11-02T18:03:11.008+0000] {logging_mixin.py:190} INFO - [2024-11-02T18:03:11.008+0000] {dag.py:3239} INFO - Sync 1 DAGs
[2024-11-02T18:03:11.013+0000] {logging_mixin.py:190} INFO - [2024-11-02T18:03:11.013+0000] {dag.py:4180} INFO - Setting next_dagrun for data_pipeline to None, run_after=None
[2024-11-02T18:03:11.019+0000] {processor.py:208} INFO - Processing /opt/airflow/dags/airflow.py took 0.227 seconds
[2024-11-02T18:03:41.254+0000] {processor.py:186} INFO - Started process (PID=534) to work on /opt/airflow/dags/airflow.py
[2024-11-02T18:03:41.255+0000] {processor.py:914} INFO - Processing file /opt/airflow/dags/airflow.py for tasks to queue
[2024-11-02T18:03:41.258+0000] {logging_mixin.py:190} INFO - [2024-11-02T18:03:41.257+0000] {dagbag.py:588} INFO - Filling up the DagBag from /opt/airflow/dags/airflow.py
[2024-11-02T18:03:41.460+0000] {processor.py:925} INFO - DAG(s) 'data_pipeline' retrieved from /opt/airflow/dags/airflow.py
[2024-11-02T18:03:41.469+0000] {logging_mixin.py:190} INFO - [2024-11-02T18:03:41.469+0000] {dag.py:3239} INFO - Sync 1 DAGs
[2024-11-02T18:03:41.475+0000] {logging_mixin.py:190} INFO - [2024-11-02T18:03:41.475+0000] {dag.py:4180} INFO - Setting next_dagrun for data_pipeline to None, run_after=None
[2024-11-02T18:03:41.481+0000] {processor.py:208} INFO - Processing /opt/airflow/dags/airflow.py took 0.236 seconds
[2024-11-02T18:04:11.731+0000] {processor.py:186} INFO - Started process (PID=544) to work on /opt/airflow/dags/airflow.py
[2024-11-02T18:04:11.733+0000] {processor.py:914} INFO - Processing file /opt/airflow/dags/airflow.py for tasks to queue
[2024-11-02T18:04:11.736+0000] {logging_mixin.py:190} INFO - [2024-11-02T18:04:11.736+0000] {dagbag.py:588} INFO - Filling up the DagBag from /opt/airflow/dags/airflow.py
[2024-11-02T18:04:11.956+0000] {processor.py:925} INFO - DAG(s) 'data_pipeline' retrieved from /opt/airflow/dags/airflow.py
[2024-11-02T18:04:11.966+0000] {logging_mixin.py:190} INFO - [2024-11-02T18:04:11.966+0000] {dag.py:3239} INFO - Sync 1 DAGs
[2024-11-02T18:04:11.971+0000] {logging_mixin.py:190} INFO - [2024-11-02T18:04:11.971+0000] {dag.py:4180} INFO - Setting next_dagrun for data_pipeline to None, run_after=None
[2024-11-02T18:04:11.977+0000] {processor.py:208} INFO - Processing /opt/airflow/dags/airflow.py took 0.253 seconds
[2024-11-02T18:04:42.186+0000] {processor.py:186} INFO - Started process (PID=554) to work on /opt/airflow/dags/airflow.py
[2024-11-02T18:04:42.187+0000] {processor.py:914} INFO - Processing file /opt/airflow/dags/airflow.py for tasks to queue
[2024-11-02T18:04:42.188+0000] {logging_mixin.py:190} INFO - [2024-11-02T18:04:42.188+0000] {dagbag.py:588} INFO - Filling up the DagBag from /opt/airflow/dags/airflow.py
[2024-11-02T18:04:42.380+0000] {processor.py:925} INFO - DAG(s) 'data_pipeline' retrieved from /opt/airflow/dags/airflow.py
[2024-11-02T18:04:42.390+0000] {logging_mixin.py:190} INFO - [2024-11-02T18:04:42.389+0000] {dag.py:3239} INFO - Sync 1 DAGs
[2024-11-02T18:04:42.394+0000] {logging_mixin.py:190} INFO - [2024-11-02T18:04:42.394+0000] {dag.py:4180} INFO - Setting next_dagrun for data_pipeline to None, run_after=None
[2024-11-02T18:04:42.400+0000] {processor.py:208} INFO - Processing /opt/airflow/dags/airflow.py took 0.218 seconds
[2024-11-02T23:58:17.633+0000] {processor.py:186} INFO - Started process (PID=40) to work on /opt/airflow/dags/airflow.py
[2024-11-02T23:58:17.634+0000] {processor.py:914} INFO - Processing file /opt/airflow/dags/airflow.py for tasks to queue
[2024-11-02T23:58:17.635+0000] {logging_mixin.py:190} INFO - [2024-11-02T23:58:17.635+0000] {dagbag.py:588} INFO - Filling up the DagBag from /opt/airflow/dags/airflow.py
[2024-11-02T23:58:18.157+0000] {processor.py:925} INFO - DAG(s) 'data_pipeline' retrieved from /opt/airflow/dags/airflow.py
[2024-11-02T23:58:18.173+0000] {logging_mixin.py:190} INFO - [2024-11-02T23:58:18.173+0000] {dag.py:3239} INFO - Sync 1 DAGs
[2024-11-02T23:58:18.180+0000] {logging_mixin.py:190} INFO - [2024-11-02T23:58:18.180+0000] {dag.py:4180} INFO - Setting next_dagrun for data_pipeline to None, run_after=None
[2024-11-02T23:58:18.187+0000] {processor.py:208} INFO - Processing /opt/airflow/dags/airflow.py took 0.559 seconds
[2024-11-02T23:58:48.525+0000] {processor.py:186} INFO - Started process (PID=50) to work on /opt/airflow/dags/airflow.py
[2024-11-02T23:58:48.526+0000] {processor.py:914} INFO - Processing file /opt/airflow/dags/airflow.py for tasks to queue
[2024-11-02T23:58:48.528+0000] {logging_mixin.py:190} INFO - [2024-11-02T23:58:48.527+0000] {dagbag.py:588} INFO - Filling up the DagBag from /opt/airflow/dags/airflow.py
[2024-11-02T23:58:48.820+0000] {processor.py:925} INFO - DAG(s) 'data_pipeline' retrieved from /opt/airflow/dags/airflow.py
[2024-11-02T23:58:48.829+0000] {logging_mixin.py:190} INFO - [2024-11-02T23:58:48.829+0000] {dag.py:3239} INFO - Sync 1 DAGs
[2024-11-02T23:58:48.833+0000] {logging_mixin.py:190} INFO - [2024-11-02T23:58:48.833+0000] {dag.py:4180} INFO - Setting next_dagrun for data_pipeline to None, run_after=None
[2024-11-02T23:58:48.839+0000] {processor.py:208} INFO - Processing /opt/airflow/dags/airflow.py took 0.319 seconds
[2024-11-02T23:59:19.115+0000] {processor.py:186} INFO - Started process (PID=60) to work on /opt/airflow/dags/airflow.py
[2024-11-02T23:59:19.115+0000] {processor.py:914} INFO - Processing file /opt/airflow/dags/airflow.py for tasks to queue
[2024-11-02T23:59:19.117+0000] {logging_mixin.py:190} INFO - [2024-11-02T23:59:19.117+0000] {dagbag.py:588} INFO - Filling up the DagBag from /opt/airflow/dags/airflow.py
[2024-11-02T23:59:19.408+0000] {processor.py:925} INFO - DAG(s) 'data_pipeline' retrieved from /opt/airflow/dags/airflow.py
[2024-11-02T23:59:19.416+0000] {logging_mixin.py:190} INFO - [2024-11-02T23:59:19.416+0000] {dag.py:3239} INFO - Sync 1 DAGs
[2024-11-02T23:59:19.420+0000] {logging_mixin.py:190} INFO - [2024-11-02T23:59:19.420+0000] {dag.py:4180} INFO - Setting next_dagrun for data_pipeline to None, run_after=None
[2024-11-02T23:59:19.425+0000] {processor.py:208} INFO - Processing /opt/airflow/dags/airflow.py took 0.313 seconds
[2024-11-02T23:59:49.724+0000] {processor.py:186} INFO - Started process (PID=70) to work on /opt/airflow/dags/airflow.py
[2024-11-02T23:59:49.724+0000] {processor.py:914} INFO - Processing file /opt/airflow/dags/airflow.py for tasks to queue
[2024-11-02T23:59:49.725+0000] {logging_mixin.py:190} INFO - [2024-11-02T23:59:49.725+0000] {dagbag.py:588} INFO - Filling up the DagBag from /opt/airflow/dags/airflow.py
[2024-11-02T23:59:50.007+0000] {processor.py:925} INFO - DAG(s) 'data_pipeline' retrieved from /opt/airflow/dags/airflow.py
[2024-11-02T23:59:50.016+0000] {logging_mixin.py:190} INFO - [2024-11-02T23:59:50.016+0000] {dag.py:3239} INFO - Sync 1 DAGs
[2024-11-02T23:59:50.025+0000] {logging_mixin.py:190} INFO - [2024-11-02T23:59:50.025+0000] {dag.py:4180} INFO - Setting next_dagrun for data_pipeline to None, run_after=None
[2024-11-02T23:59:50.032+0000] {processor.py:208} INFO - Processing /opt/airflow/dags/airflow.py took 0.310 seconds
