[2024-11-02T17:38:45.255+0000] {processor.py:186} INFO - Started process (PID=41) to work on /opt/airflow/dags/src/CSV_to_DB.py
[2024-11-02T17:38:45.257+0000] {processor.py:914} INFO - Processing file /opt/airflow/dags/src/CSV_to_DB.py for tasks to queue
[2024-11-02T17:38:45.261+0000] {logging_mixin.py:190} INFO - [2024-11-02T17:38:45.260+0000] {dagbag.py:588} INFO - Filling up the DagBag from /opt/airflow/dags/src/CSV_to_DB.py
[2024-11-02T17:38:45.580+0000] {processor.py:927} WARNING - No viable dags retrieved from /opt/airflow/dags/src/CSV_to_DB.py
[2024-11-02T17:38:45.589+0000] {processor.py:208} INFO - Processing /opt/airflow/dags/src/CSV_to_DB.py took 0.341 seconds
[2024-11-02T17:39:16.106+0000] {processor.py:186} INFO - Started process (PID=51) to work on /opt/airflow/dags/src/CSV_to_DB.py
[2024-11-02T17:39:16.108+0000] {processor.py:914} INFO - Processing file /opt/airflow/dags/src/CSV_to_DB.py for tasks to queue
[2024-11-02T17:39:16.110+0000] {logging_mixin.py:190} INFO - [2024-11-02T17:39:16.109+0000] {dagbag.py:588} INFO - Filling up the DagBag from /opt/airflow/dags/src/CSV_to_DB.py
[2024-11-02T17:39:16.410+0000] {processor.py:927} WARNING - No viable dags retrieved from /opt/airflow/dags/src/CSV_to_DB.py
[2024-11-02T17:39:16.417+0000] {processor.py:208} INFO - Processing /opt/airflow/dags/src/CSV_to_DB.py took 0.314 seconds
[2024-11-02T17:39:46.881+0000] {processor.py:186} INFO - Started process (PID=61) to work on /opt/airflow/dags/src/CSV_to_DB.py
[2024-11-02T17:39:46.882+0000] {processor.py:914} INFO - Processing file /opt/airflow/dags/src/CSV_to_DB.py for tasks to queue
[2024-11-02T17:39:46.884+0000] {logging_mixin.py:190} INFO - [2024-11-02T17:39:46.883+0000] {dagbag.py:588} INFO - Filling up the DagBag from /opt/airflow/dags/src/CSV_to_DB.py
[2024-11-02T17:39:47.087+0000] {processor.py:927} WARNING - No viable dags retrieved from /opt/airflow/dags/src/CSV_to_DB.py
[2024-11-02T17:39:47.093+0000] {processor.py:208} INFO - Processing /opt/airflow/dags/src/CSV_to_DB.py took 0.215 seconds
[2024-11-02T17:40:17.552+0000] {processor.py:186} INFO - Started process (PID=71) to work on /opt/airflow/dags/src/CSV_to_DB.py
[2024-11-02T17:40:17.554+0000] {processor.py:914} INFO - Processing file /opt/airflow/dags/src/CSV_to_DB.py for tasks to queue
[2024-11-02T17:40:17.556+0000] {logging_mixin.py:190} INFO - [2024-11-02T17:40:17.556+0000] {dagbag.py:588} INFO - Filling up the DagBag from /opt/airflow/dags/src/CSV_to_DB.py
[2024-11-02T17:40:17.718+0000] {processor.py:927} WARNING - No viable dags retrieved from /opt/airflow/dags/src/CSV_to_DB.py
[2024-11-02T17:40:17.723+0000] {processor.py:208} INFO - Processing /opt/airflow/dags/src/CSV_to_DB.py took 0.174 seconds
[2024-11-02T17:40:48.167+0000] {processor.py:186} INFO - Started process (PID=87) to work on /opt/airflow/dags/src/CSV_to_DB.py
[2024-11-02T17:40:48.168+0000] {processor.py:914} INFO - Processing file /opt/airflow/dags/src/CSV_to_DB.py for tasks to queue
[2024-11-02T17:40:48.170+0000] {logging_mixin.py:190} INFO - [2024-11-02T17:40:48.169+0000] {dagbag.py:588} INFO - Filling up the DagBag from /opt/airflow/dags/src/CSV_to_DB.py
[2024-11-02T17:40:48.382+0000] {processor.py:927} WARNING - No viable dags retrieved from /opt/airflow/dags/src/CSV_to_DB.py
[2024-11-02T17:40:48.387+0000] {processor.py:208} INFO - Processing /opt/airflow/dags/src/CSV_to_DB.py took 0.225 seconds
[2024-11-02T17:41:18.872+0000] {processor.py:186} INFO - Started process (PID=97) to work on /opt/airflow/dags/src/CSV_to_DB.py
[2024-11-02T17:41:18.873+0000] {processor.py:914} INFO - Processing file /opt/airflow/dags/src/CSV_to_DB.py for tasks to queue
[2024-11-02T17:41:18.876+0000] {logging_mixin.py:190} INFO - [2024-11-02T17:41:18.875+0000] {dagbag.py:588} INFO - Filling up the DagBag from /opt/airflow/dags/src/CSV_to_DB.py
[2024-11-02T17:41:19.073+0000] {processor.py:927} WARNING - No viable dags retrieved from /opt/airflow/dags/src/CSV_to_DB.py
[2024-11-02T17:41:19.078+0000] {processor.py:208} INFO - Processing /opt/airflow/dags/src/CSV_to_DB.py took 0.212 seconds
[2024-11-02T17:41:49.535+0000] {processor.py:186} INFO - Started process (PID=107) to work on /opt/airflow/dags/src/CSV_to_DB.py
[2024-11-02T17:41:49.538+0000] {processor.py:914} INFO - Processing file /opt/airflow/dags/src/CSV_to_DB.py for tasks to queue
[2024-11-02T17:41:49.541+0000] {logging_mixin.py:190} INFO - [2024-11-02T17:41:49.540+0000] {dagbag.py:588} INFO - Filling up the DagBag from /opt/airflow/dags/src/CSV_to_DB.py
[2024-11-02T17:41:49.767+0000] {processor.py:927} WARNING - No viable dags retrieved from /opt/airflow/dags/src/CSV_to_DB.py
[2024-11-02T17:41:49.774+0000] {processor.py:208} INFO - Processing /opt/airflow/dags/src/CSV_to_DB.py took 0.245 seconds
[2024-11-02T17:42:20.310+0000] {processor.py:186} INFO - Started process (PID=117) to work on /opt/airflow/dags/src/CSV_to_DB.py
[2024-11-02T17:42:20.313+0000] {processor.py:914} INFO - Processing file /opt/airflow/dags/src/CSV_to_DB.py for tasks to queue
[2024-11-02T17:42:20.315+0000] {logging_mixin.py:190} INFO - [2024-11-02T17:42:20.315+0000] {dagbag.py:588} INFO - Filling up the DagBag from /opt/airflow/dags/src/CSV_to_DB.py
[2024-11-02T17:42:20.488+0000] {processor.py:927} WARNING - No viable dags retrieved from /opt/airflow/dags/src/CSV_to_DB.py
[2024-11-02T17:42:20.494+0000] {processor.py:208} INFO - Processing /opt/airflow/dags/src/CSV_to_DB.py took 0.189 seconds
[2024-11-02T17:42:50.955+0000] {processor.py:186} INFO - Started process (PID=127) to work on /opt/airflow/dags/src/CSV_to_DB.py
[2024-11-02T17:42:50.956+0000] {processor.py:914} INFO - Processing file /opt/airflow/dags/src/CSV_to_DB.py for tasks to queue
[2024-11-02T17:42:50.958+0000] {logging_mixin.py:190} INFO - [2024-11-02T17:42:50.958+0000] {dagbag.py:588} INFO - Filling up the DagBag from /opt/airflow/dags/src/CSV_to_DB.py
[2024-11-02T17:42:51.135+0000] {processor.py:927} WARNING - No viable dags retrieved from /opt/airflow/dags/src/CSV_to_DB.py
[2024-11-02T17:42:51.141+0000] {processor.py:208} INFO - Processing /opt/airflow/dags/src/CSV_to_DB.py took 0.190 seconds
[2024-11-02T17:43:21.761+0000] {processor.py:186} INFO - Started process (PID=137) to work on /opt/airflow/dags/src/CSV_to_DB.py
[2024-11-02T17:43:21.763+0000] {processor.py:914} INFO - Processing file /opt/airflow/dags/src/CSV_to_DB.py for tasks to queue
[2024-11-02T17:43:21.765+0000] {logging_mixin.py:190} INFO - [2024-11-02T17:43:21.765+0000] {dagbag.py:588} INFO - Filling up the DagBag from /opt/airflow/dags/src/CSV_to_DB.py
[2024-11-02T17:43:21.867+0000] {processor.py:927} WARNING - No viable dags retrieved from /opt/airflow/dags/src/CSV_to_DB.py
[2024-11-02T17:43:21.879+0000] {processor.py:208} INFO - Processing /opt/airflow/dags/src/CSV_to_DB.py took 0.125 seconds
[2024-11-02T17:43:52.278+0000] {processor.py:186} INFO - Started process (PID=147) to work on /opt/airflow/dags/src/CSV_to_DB.py
[2024-11-02T17:43:52.279+0000] {processor.py:914} INFO - Processing file /opt/airflow/dags/src/CSV_to_DB.py for tasks to queue
[2024-11-02T17:43:52.280+0000] {logging_mixin.py:190} INFO - [2024-11-02T17:43:52.280+0000] {dagbag.py:588} INFO - Filling up the DagBag from /opt/airflow/dags/src/CSV_to_DB.py
[2024-11-02T17:43:52.373+0000] {processor.py:927} WARNING - No viable dags retrieved from /opt/airflow/dags/src/CSV_to_DB.py
[2024-11-02T17:43:52.381+0000] {processor.py:208} INFO - Processing /opt/airflow/dags/src/CSV_to_DB.py took 0.105 seconds
[2024-11-02T17:44:22.783+0000] {processor.py:186} INFO - Started process (PID=157) to work on /opt/airflow/dags/src/CSV_to_DB.py
[2024-11-02T17:44:22.783+0000] {processor.py:914} INFO - Processing file /opt/airflow/dags/src/CSV_to_DB.py for tasks to queue
[2024-11-02T17:44:22.785+0000] {logging_mixin.py:190} INFO - [2024-11-02T17:44:22.785+0000] {dagbag.py:588} INFO - Filling up the DagBag from /opt/airflow/dags/src/CSV_to_DB.py
[2024-11-02T17:44:22.882+0000] {processor.py:927} WARNING - No viable dags retrieved from /opt/airflow/dags/src/CSV_to_DB.py
[2024-11-02T17:44:22.895+0000] {processor.py:208} INFO - Processing /opt/airflow/dags/src/CSV_to_DB.py took 0.116 seconds
[2024-11-02T17:44:53.240+0000] {processor.py:186} INFO - Started process (PID=167) to work on /opt/airflow/dags/src/CSV_to_DB.py
[2024-11-02T17:44:53.244+0000] {processor.py:914} INFO - Processing file /opt/airflow/dags/src/CSV_to_DB.py for tasks to queue
[2024-11-02T17:44:53.247+0000] {logging_mixin.py:190} INFO - [2024-11-02T17:44:53.246+0000] {dagbag.py:588} INFO - Filling up the DagBag from /opt/airflow/dags/src/CSV_to_DB.py
[2024-11-02T17:44:53.346+0000] {processor.py:927} WARNING - No viable dags retrieved from /opt/airflow/dags/src/CSV_to_DB.py
[2024-11-02T17:44:53.355+0000] {processor.py:208} INFO - Processing /opt/airflow/dags/src/CSV_to_DB.py took 0.123 seconds
[2024-11-02T17:45:23.727+0000] {processor.py:186} INFO - Started process (PID=177) to work on /opt/airflow/dags/src/CSV_to_DB.py
[2024-11-02T17:45:23.727+0000] {processor.py:914} INFO - Processing file /opt/airflow/dags/src/CSV_to_DB.py for tasks to queue
[2024-11-02T17:45:23.729+0000] {logging_mixin.py:190} INFO - [2024-11-02T17:45:23.729+0000] {dagbag.py:588} INFO - Filling up the DagBag from /opt/airflow/dags/src/CSV_to_DB.py
[2024-11-02T17:45:23.805+0000] {processor.py:927} WARNING - No viable dags retrieved from /opt/airflow/dags/src/CSV_to_DB.py
[2024-11-02T17:45:23.811+0000] {processor.py:208} INFO - Processing /opt/airflow/dags/src/CSV_to_DB.py took 0.088 seconds
[2024-11-02T17:45:54.283+0000] {processor.py:186} INFO - Started process (PID=187) to work on /opt/airflow/dags/src/CSV_to_DB.py
[2024-11-02T17:45:54.284+0000] {processor.py:914} INFO - Processing file /opt/airflow/dags/src/CSV_to_DB.py for tasks to queue
[2024-11-02T17:45:54.286+0000] {logging_mixin.py:190} INFO - [2024-11-02T17:45:54.286+0000] {dagbag.py:588} INFO - Filling up the DagBag from /opt/airflow/dags/src/CSV_to_DB.py
[2024-11-02T17:45:54.383+0000] {processor.py:927} WARNING - No viable dags retrieved from /opt/airflow/dags/src/CSV_to_DB.py
[2024-11-02T17:45:54.391+0000] {processor.py:208} INFO - Processing /opt/airflow/dags/src/CSV_to_DB.py took 0.115 seconds
[2024-11-02T17:46:24.755+0000] {processor.py:186} INFO - Started process (PID=197) to work on /opt/airflow/dags/src/CSV_to_DB.py
[2024-11-02T17:46:24.756+0000] {processor.py:914} INFO - Processing file /opt/airflow/dags/src/CSV_to_DB.py for tasks to queue
[2024-11-02T17:46:24.758+0000] {logging_mixin.py:190} INFO - [2024-11-02T17:46:24.758+0000] {dagbag.py:588} INFO - Filling up the DagBag from /opt/airflow/dags/src/CSV_to_DB.py
[2024-11-02T17:46:24.828+0000] {processor.py:927} WARNING - No viable dags retrieved from /opt/airflow/dags/src/CSV_to_DB.py
[2024-11-02T17:46:24.834+0000] {processor.py:208} INFO - Processing /opt/airflow/dags/src/CSV_to_DB.py took 0.083 seconds
[2024-11-02T17:46:55.261+0000] {processor.py:186} INFO - Started process (PID=207) to work on /opt/airflow/dags/src/CSV_to_DB.py
[2024-11-02T17:46:55.269+0000] {processor.py:914} INFO - Processing file /opt/airflow/dags/src/CSV_to_DB.py for tasks to queue
[2024-11-02T17:46:55.310+0000] {logging_mixin.py:190} INFO - [2024-11-02T17:46:55.309+0000] {dagbag.py:588} INFO - Filling up the DagBag from /opt/airflow/dags/src/CSV_to_DB.py
[2024-11-02T17:46:55.552+0000] {processor.py:927} WARNING - No viable dags retrieved from /opt/airflow/dags/src/CSV_to_DB.py
[2024-11-02T17:46:55.577+0000] {processor.py:208} INFO - Processing /opt/airflow/dags/src/CSV_to_DB.py took 0.340 seconds
[2024-11-02T17:47:26.027+0000] {processor.py:186} INFO - Started process (PID=217) to work on /opt/airflow/dags/src/CSV_to_DB.py
[2024-11-02T17:47:26.029+0000] {processor.py:914} INFO - Processing file /opt/airflow/dags/src/CSV_to_DB.py for tasks to queue
[2024-11-02T17:47:26.032+0000] {logging_mixin.py:190} INFO - [2024-11-02T17:47:26.032+0000] {dagbag.py:588} INFO - Filling up the DagBag from /opt/airflow/dags/src/CSV_to_DB.py
[2024-11-02T17:47:26.124+0000] {processor.py:927} WARNING - No viable dags retrieved from /opt/airflow/dags/src/CSV_to_DB.py
[2024-11-02T17:47:26.130+0000] {processor.py:208} INFO - Processing /opt/airflow/dags/src/CSV_to_DB.py took 0.107 seconds
[2024-11-02T17:47:56.499+0000] {processor.py:186} INFO - Started process (PID=227) to work on /opt/airflow/dags/src/CSV_to_DB.py
[2024-11-02T17:47:56.501+0000] {processor.py:914} INFO - Processing file /opt/airflow/dags/src/CSV_to_DB.py for tasks to queue
[2024-11-02T17:47:56.502+0000] {logging_mixin.py:190} INFO - [2024-11-02T17:47:56.502+0000] {dagbag.py:588} INFO - Filling up the DagBag from /opt/airflow/dags/src/CSV_to_DB.py
[2024-11-02T17:47:56.582+0000] {processor.py:927} WARNING - No viable dags retrieved from /opt/airflow/dags/src/CSV_to_DB.py
[2024-11-02T17:47:56.588+0000] {processor.py:208} INFO - Processing /opt/airflow/dags/src/CSV_to_DB.py took 0.093 seconds
[2024-11-02T17:48:27.009+0000] {processor.py:186} INFO - Started process (PID=237) to work on /opt/airflow/dags/src/CSV_to_DB.py
[2024-11-02T17:48:27.010+0000] {processor.py:914} INFO - Processing file /opt/airflow/dags/src/CSV_to_DB.py for tasks to queue
[2024-11-02T17:48:27.018+0000] {logging_mixin.py:190} INFO - [2024-11-02T17:48:27.017+0000] {dagbag.py:588} INFO - Filling up the DagBag from /opt/airflow/dags/src/CSV_to_DB.py
[2024-11-02T17:48:27.171+0000] {processor.py:927} WARNING - No viable dags retrieved from /opt/airflow/dags/src/CSV_to_DB.py
[2024-11-02T17:48:27.182+0000] {processor.py:208} INFO - Processing /opt/airflow/dags/src/CSV_to_DB.py took 0.181 seconds
[2024-11-02T17:48:57.582+0000] {processor.py:186} INFO - Started process (PID=247) to work on /opt/airflow/dags/src/CSV_to_DB.py
[2024-11-02T17:48:57.583+0000] {processor.py:914} INFO - Processing file /opt/airflow/dags/src/CSV_to_DB.py for tasks to queue
[2024-11-02T17:48:57.586+0000] {logging_mixin.py:190} INFO - [2024-11-02T17:48:57.586+0000] {dagbag.py:588} INFO - Filling up the DagBag from /opt/airflow/dags/src/CSV_to_DB.py
[2024-11-02T17:48:57.659+0000] {processor.py:927} WARNING - No viable dags retrieved from /opt/airflow/dags/src/CSV_to_DB.py
[2024-11-02T17:48:57.664+0000] {processor.py:208} INFO - Processing /opt/airflow/dags/src/CSV_to_DB.py took 0.088 seconds
[2024-11-02T17:49:28.084+0000] {processor.py:186} INFO - Started process (PID=257) to work on /opt/airflow/dags/src/CSV_to_DB.py
[2024-11-02T17:49:28.085+0000] {processor.py:914} INFO - Processing file /opt/airflow/dags/src/CSV_to_DB.py for tasks to queue
[2024-11-02T17:49:28.087+0000] {logging_mixin.py:190} INFO - [2024-11-02T17:49:28.087+0000] {dagbag.py:588} INFO - Filling up the DagBag from /opt/airflow/dags/src/CSV_to_DB.py
[2024-11-02T17:49:28.171+0000] {processor.py:927} WARNING - No viable dags retrieved from /opt/airflow/dags/src/CSV_to_DB.py
[2024-11-02T17:49:28.177+0000] {processor.py:208} INFO - Processing /opt/airflow/dags/src/CSV_to_DB.py took 0.098 seconds
[2024-11-02T17:49:58.576+0000] {processor.py:186} INFO - Started process (PID=267) to work on /opt/airflow/dags/src/CSV_to_DB.py
[2024-11-02T17:49:58.577+0000] {processor.py:914} INFO - Processing file /opt/airflow/dags/src/CSV_to_DB.py for tasks to queue
[2024-11-02T17:49:58.579+0000] {logging_mixin.py:190} INFO - [2024-11-02T17:49:58.578+0000] {dagbag.py:588} INFO - Filling up the DagBag from /opt/airflow/dags/src/CSV_to_DB.py
[2024-11-02T17:49:58.667+0000] {processor.py:927} WARNING - No viable dags retrieved from /opt/airflow/dags/src/CSV_to_DB.py
[2024-11-02T17:49:58.674+0000] {processor.py:208} INFO - Processing /opt/airflow/dags/src/CSV_to_DB.py took 0.102 seconds
[2024-11-02T17:50:28.987+0000] {processor.py:186} INFO - Started process (PID=277) to work on /opt/airflow/dags/src/CSV_to_DB.py
[2024-11-02T17:50:28.988+0000] {processor.py:914} INFO - Processing file /opt/airflow/dags/src/CSV_to_DB.py for tasks to queue
[2024-11-02T17:50:28.990+0000] {logging_mixin.py:190} INFO - [2024-11-02T17:50:28.990+0000] {dagbag.py:588} INFO - Filling up the DagBag from /opt/airflow/dags/src/CSV_to_DB.py
[2024-11-02T17:50:29.058+0000] {processor.py:927} WARNING - No viable dags retrieved from /opt/airflow/dags/src/CSV_to_DB.py
[2024-11-02T17:50:29.064+0000] {processor.py:208} INFO - Processing /opt/airflow/dags/src/CSV_to_DB.py took 0.080 seconds
[2024-11-02T17:50:59.424+0000] {processor.py:186} INFO - Started process (PID=287) to work on /opt/airflow/dags/src/CSV_to_DB.py
[2024-11-02T17:50:59.426+0000] {processor.py:914} INFO - Processing file /opt/airflow/dags/src/CSV_to_DB.py for tasks to queue
[2024-11-02T17:50:59.427+0000] {logging_mixin.py:190} INFO - [2024-11-02T17:50:59.427+0000] {dagbag.py:588} INFO - Filling up the DagBag from /opt/airflow/dags/src/CSV_to_DB.py
[2024-11-02T17:50:59.497+0000] {processor.py:927} WARNING - No viable dags retrieved from /opt/airflow/dags/src/CSV_to_DB.py
[2024-11-02T17:50:59.503+0000] {processor.py:208} INFO - Processing /opt/airflow/dags/src/CSV_to_DB.py took 0.081 seconds
[2024-11-02T17:51:29.888+0000] {processor.py:186} INFO - Started process (PID=297) to work on /opt/airflow/dags/src/CSV_to_DB.py
[2024-11-02T17:51:29.889+0000] {processor.py:914} INFO - Processing file /opt/airflow/dags/src/CSV_to_DB.py for tasks to queue
[2024-11-02T17:51:29.891+0000] {logging_mixin.py:190} INFO - [2024-11-02T17:51:29.891+0000] {dagbag.py:588} INFO - Filling up the DagBag from /opt/airflow/dags/src/CSV_to_DB.py
[2024-11-02T17:51:29.957+0000] {processor.py:927} WARNING - No viable dags retrieved from /opt/airflow/dags/src/CSV_to_DB.py
[2024-11-02T17:51:29.964+0000] {processor.py:208} INFO - Processing /opt/airflow/dags/src/CSV_to_DB.py took 0.079 seconds
[2024-11-02T17:52:00.328+0000] {processor.py:186} INFO - Started process (PID=306) to work on /opt/airflow/dags/src/CSV_to_DB.py
[2024-11-02T17:52:00.330+0000] {processor.py:914} INFO - Processing file /opt/airflow/dags/src/CSV_to_DB.py for tasks to queue
[2024-11-02T17:52:00.331+0000] {logging_mixin.py:190} INFO - [2024-11-02T17:52:00.331+0000] {dagbag.py:588} INFO - Filling up the DagBag from /opt/airflow/dags/src/CSV_to_DB.py
[2024-11-02T17:52:00.417+0000] {processor.py:927} WARNING - No viable dags retrieved from /opt/airflow/dags/src/CSV_to_DB.py
[2024-11-02T17:52:00.429+0000] {processor.py:208} INFO - Processing /opt/airflow/dags/src/CSV_to_DB.py took 0.105 seconds
[2024-11-02T17:52:30.810+0000] {processor.py:186} INFO - Started process (PID=316) to work on /opt/airflow/dags/src/CSV_to_DB.py
[2024-11-02T17:52:30.812+0000] {processor.py:914} INFO - Processing file /opt/airflow/dags/src/CSV_to_DB.py for tasks to queue
[2024-11-02T17:52:30.813+0000] {logging_mixin.py:190} INFO - [2024-11-02T17:52:30.813+0000] {dagbag.py:588} INFO - Filling up the DagBag from /opt/airflow/dags/src/CSV_to_DB.py
[2024-11-02T17:52:30.882+0000] {processor.py:927} WARNING - No viable dags retrieved from /opt/airflow/dags/src/CSV_to_DB.py
[2024-11-02T17:52:30.887+0000] {processor.py:208} INFO - Processing /opt/airflow/dags/src/CSV_to_DB.py took 0.082 seconds
[2024-11-02T17:53:01.274+0000] {processor.py:186} INFO - Started process (PID=326) to work on /opt/airflow/dags/src/CSV_to_DB.py
[2024-11-02T17:53:01.275+0000] {processor.py:914} INFO - Processing file /opt/airflow/dags/src/CSV_to_DB.py for tasks to queue
[2024-11-02T17:53:01.277+0000] {logging_mixin.py:190} INFO - [2024-11-02T17:53:01.277+0000] {dagbag.py:588} INFO - Filling up the DagBag from /opt/airflow/dags/src/CSV_to_DB.py
[2024-11-02T17:53:01.351+0000] {processor.py:927} WARNING - No viable dags retrieved from /opt/airflow/dags/src/CSV_to_DB.py
[2024-11-02T17:53:01.357+0000] {processor.py:208} INFO - Processing /opt/airflow/dags/src/CSV_to_DB.py took 0.087 seconds
[2024-11-02T17:53:31.711+0000] {processor.py:186} INFO - Started process (PID=336) to work on /opt/airflow/dags/src/CSV_to_DB.py
[2024-11-02T17:53:31.712+0000] {processor.py:914} INFO - Processing file /opt/airflow/dags/src/CSV_to_DB.py for tasks to queue
[2024-11-02T17:53:31.714+0000] {logging_mixin.py:190} INFO - [2024-11-02T17:53:31.713+0000] {dagbag.py:588} INFO - Filling up the DagBag from /opt/airflow/dags/src/CSV_to_DB.py
[2024-11-02T17:53:31.786+0000] {processor.py:927} WARNING - No viable dags retrieved from /opt/airflow/dags/src/CSV_to_DB.py
[2024-11-02T17:53:31.792+0000] {processor.py:208} INFO - Processing /opt/airflow/dags/src/CSV_to_DB.py took 0.084 seconds
[2024-11-02T17:54:02.184+0000] {processor.py:186} INFO - Started process (PID=346) to work on /opt/airflow/dags/src/CSV_to_DB.py
[2024-11-02T17:54:02.186+0000] {processor.py:914} INFO - Processing file /opt/airflow/dags/src/CSV_to_DB.py for tasks to queue
[2024-11-02T17:54:02.188+0000] {logging_mixin.py:190} INFO - [2024-11-02T17:54:02.188+0000] {dagbag.py:588} INFO - Filling up the DagBag from /opt/airflow/dags/src/CSV_to_DB.py
[2024-11-02T17:54:02.280+0000] {processor.py:927} WARNING - No viable dags retrieved from /opt/airflow/dags/src/CSV_to_DB.py
[2024-11-02T17:54:02.286+0000] {processor.py:208} INFO - Processing /opt/airflow/dags/src/CSV_to_DB.py took 0.107 seconds
[2024-11-02T17:54:32.661+0000] {processor.py:186} INFO - Started process (PID=356) to work on /opt/airflow/dags/src/CSV_to_DB.py
[2024-11-02T17:54:32.663+0000] {processor.py:914} INFO - Processing file /opt/airflow/dags/src/CSV_to_DB.py for tasks to queue
[2024-11-02T17:54:32.665+0000] {logging_mixin.py:190} INFO - [2024-11-02T17:54:32.665+0000] {dagbag.py:588} INFO - Filling up the DagBag from /opt/airflow/dags/src/CSV_to_DB.py
[2024-11-02T17:54:32.751+0000] {processor.py:927} WARNING - No viable dags retrieved from /opt/airflow/dags/src/CSV_to_DB.py
[2024-11-02T17:54:32.757+0000] {processor.py:208} INFO - Processing /opt/airflow/dags/src/CSV_to_DB.py took 0.100 seconds
[2024-11-02T17:55:03.088+0000] {processor.py:186} INFO - Started process (PID=365) to work on /opt/airflow/dags/src/CSV_to_DB.py
[2024-11-02T17:55:03.089+0000] {processor.py:914} INFO - Processing file /opt/airflow/dags/src/CSV_to_DB.py for tasks to queue
[2024-11-02T17:55:03.091+0000] {logging_mixin.py:190} INFO - [2024-11-02T17:55:03.091+0000] {dagbag.py:588} INFO - Filling up the DagBag from /opt/airflow/dags/src/CSV_to_DB.py
[2024-11-02T17:55:03.162+0000] {processor.py:927} WARNING - No viable dags retrieved from /opt/airflow/dags/src/CSV_to_DB.py
[2024-11-02T17:55:03.167+0000] {processor.py:208} INFO - Processing /opt/airflow/dags/src/CSV_to_DB.py took 0.083 seconds
[2024-11-02T17:55:33.542+0000] {processor.py:186} INFO - Started process (PID=375) to work on /opt/airflow/dags/src/CSV_to_DB.py
[2024-11-02T17:55:33.542+0000] {processor.py:914} INFO - Processing file /opt/airflow/dags/src/CSV_to_DB.py for tasks to queue
[2024-11-02T17:55:33.545+0000] {logging_mixin.py:190} INFO - [2024-11-02T17:55:33.545+0000] {dagbag.py:588} INFO - Filling up the DagBag from /opt/airflow/dags/src/CSV_to_DB.py
[2024-11-02T17:55:33.616+0000] {processor.py:927} WARNING - No viable dags retrieved from /opt/airflow/dags/src/CSV_to_DB.py
[2024-11-02T17:55:33.623+0000] {processor.py:208} INFO - Processing /opt/airflow/dags/src/CSV_to_DB.py took 0.087 seconds
[2024-11-02T17:56:04.016+0000] {processor.py:186} INFO - Started process (PID=385) to work on /opt/airflow/dags/src/CSV_to_DB.py
[2024-11-02T17:56:04.018+0000] {processor.py:914} INFO - Processing file /opt/airflow/dags/src/CSV_to_DB.py for tasks to queue
[2024-11-02T17:56:04.020+0000] {logging_mixin.py:190} INFO - [2024-11-02T17:56:04.020+0000] {dagbag.py:588} INFO - Filling up the DagBag from /opt/airflow/dags/src/CSV_to_DB.py
[2024-11-02T17:56:04.121+0000] {processor.py:927} WARNING - No viable dags retrieved from /opt/airflow/dags/src/CSV_to_DB.py
[2024-11-02T17:56:04.128+0000] {processor.py:208} INFO - Processing /opt/airflow/dags/src/CSV_to_DB.py took 0.117 seconds
[2024-11-02T17:56:34.528+0000] {processor.py:186} INFO - Started process (PID=395) to work on /opt/airflow/dags/src/CSV_to_DB.py
[2024-11-02T17:56:34.529+0000] {processor.py:914} INFO - Processing file /opt/airflow/dags/src/CSV_to_DB.py for tasks to queue
[2024-11-02T17:56:34.531+0000] {logging_mixin.py:190} INFO - [2024-11-02T17:56:34.531+0000] {dagbag.py:588} INFO - Filling up the DagBag from /opt/airflow/dags/src/CSV_to_DB.py
[2024-11-02T17:56:34.616+0000] {processor.py:927} WARNING - No viable dags retrieved from /opt/airflow/dags/src/CSV_to_DB.py
[2024-11-02T17:56:34.623+0000] {processor.py:208} INFO - Processing /opt/airflow/dags/src/CSV_to_DB.py took 0.099 seconds
[2024-11-02T17:57:05.042+0000] {processor.py:186} INFO - Started process (PID=405) to work on /opt/airflow/dags/src/CSV_to_DB.py
[2024-11-02T17:57:05.043+0000] {processor.py:914} INFO - Processing file /opt/airflow/dags/src/CSV_to_DB.py for tasks to queue
[2024-11-02T17:57:05.045+0000] {logging_mixin.py:190} INFO - [2024-11-02T17:57:05.045+0000] {dagbag.py:588} INFO - Filling up the DagBag from /opt/airflow/dags/src/CSV_to_DB.py
[2024-11-02T17:57:05.118+0000] {processor.py:927} WARNING - No viable dags retrieved from /opt/airflow/dags/src/CSV_to_DB.py
[2024-11-02T17:57:05.123+0000] {processor.py:208} INFO - Processing /opt/airflow/dags/src/CSV_to_DB.py took 0.087 seconds
[2024-11-02T17:57:35.476+0000] {processor.py:186} INFO - Started process (PID=415) to work on /opt/airflow/dags/src/CSV_to_DB.py
[2024-11-02T17:57:35.477+0000] {processor.py:914} INFO - Processing file /opt/airflow/dags/src/CSV_to_DB.py for tasks to queue
[2024-11-02T17:57:35.479+0000] {logging_mixin.py:190} INFO - [2024-11-02T17:57:35.479+0000] {dagbag.py:588} INFO - Filling up the DagBag from /opt/airflow/dags/src/CSV_to_DB.py
[2024-11-02T17:57:35.563+0000] {processor.py:927} WARNING - No viable dags retrieved from /opt/airflow/dags/src/CSV_to_DB.py
[2024-11-02T17:57:35.570+0000] {processor.py:208} INFO - Processing /opt/airflow/dags/src/CSV_to_DB.py took 0.097 seconds
[2024-11-02T17:58:05.952+0000] {processor.py:186} INFO - Started process (PID=425) to work on /opt/airflow/dags/src/CSV_to_DB.py
[2024-11-02T17:58:05.953+0000] {processor.py:914} INFO - Processing file /opt/airflow/dags/src/CSV_to_DB.py for tasks to queue
[2024-11-02T17:58:05.954+0000] {logging_mixin.py:190} INFO - [2024-11-02T17:58:05.953+0000] {dagbag.py:588} INFO - Filling up the DagBag from /opt/airflow/dags/src/CSV_to_DB.py
[2024-11-02T17:58:06.021+0000] {processor.py:927} WARNING - No viable dags retrieved from /opt/airflow/dags/src/CSV_to_DB.py
[2024-11-02T17:58:06.027+0000] {processor.py:208} INFO - Processing /opt/airflow/dags/src/CSV_to_DB.py took 0.077 seconds
[2024-11-02T17:58:36.457+0000] {processor.py:186} INFO - Started process (PID=435) to work on /opt/airflow/dags/src/CSV_to_DB.py
[2024-11-02T17:58:36.459+0000] {processor.py:914} INFO - Processing file /opt/airflow/dags/src/CSV_to_DB.py for tasks to queue
[2024-11-02T17:58:36.460+0000] {logging_mixin.py:190} INFO - [2024-11-02T17:58:36.460+0000] {dagbag.py:588} INFO - Filling up the DagBag from /opt/airflow/dags/src/CSV_to_DB.py
[2024-11-02T17:58:36.545+0000] {processor.py:927} WARNING - No viable dags retrieved from /opt/airflow/dags/src/CSV_to_DB.py
[2024-11-02T17:58:36.550+0000] {processor.py:208} INFO - Processing /opt/airflow/dags/src/CSV_to_DB.py took 0.098 seconds
[2024-11-02T17:59:06.988+0000] {processor.py:186} INFO - Started process (PID=445) to work on /opt/airflow/dags/src/CSV_to_DB.py
[2024-11-02T17:59:06.989+0000] {processor.py:914} INFO - Processing file /opt/airflow/dags/src/CSV_to_DB.py for tasks to queue
[2024-11-02T17:59:06.992+0000] {logging_mixin.py:190} INFO - [2024-11-02T17:59:06.992+0000] {dagbag.py:588} INFO - Filling up the DagBag from /opt/airflow/dags/src/CSV_to_DB.py
[2024-11-02T17:59:07.066+0000] {processor.py:927} WARNING - No viable dags retrieved from /opt/airflow/dags/src/CSV_to_DB.py
[2024-11-02T17:59:07.071+0000] {processor.py:208} INFO - Processing /opt/airflow/dags/src/CSV_to_DB.py took 0.088 seconds
[2024-11-02T17:59:37.453+0000] {processor.py:186} INFO - Started process (PID=455) to work on /opt/airflow/dags/src/CSV_to_DB.py
[2024-11-02T17:59:37.454+0000] {processor.py:914} INFO - Processing file /opt/airflow/dags/src/CSV_to_DB.py for tasks to queue
[2024-11-02T17:59:37.455+0000] {logging_mixin.py:190} INFO - [2024-11-02T17:59:37.455+0000] {dagbag.py:588} INFO - Filling up the DagBag from /opt/airflow/dags/src/CSV_to_DB.py
[2024-11-02T17:59:37.528+0000] {processor.py:927} WARNING - No viable dags retrieved from /opt/airflow/dags/src/CSV_to_DB.py
[2024-11-02T17:59:37.533+0000] {processor.py:208} INFO - Processing /opt/airflow/dags/src/CSV_to_DB.py took 0.086 seconds
[2024-11-02T18:00:07.935+0000] {processor.py:186} INFO - Started process (PID=465) to work on /opt/airflow/dags/src/CSV_to_DB.py
[2024-11-02T18:00:07.937+0000] {processor.py:914} INFO - Processing file /opt/airflow/dags/src/CSV_to_DB.py for tasks to queue
[2024-11-02T18:00:07.939+0000] {logging_mixin.py:190} INFO - [2024-11-02T18:00:07.939+0000] {dagbag.py:588} INFO - Filling up the DagBag from /opt/airflow/dags/src/CSV_to_DB.py
[2024-11-02T18:00:08.008+0000] {processor.py:927} WARNING - No viable dags retrieved from /opt/airflow/dags/src/CSV_to_DB.py
[2024-11-02T18:00:08.013+0000] {processor.py:208} INFO - Processing /opt/airflow/dags/src/CSV_to_DB.py took 0.082 seconds
[2024-11-02T18:00:38.440+0000] {processor.py:186} INFO - Started process (PID=475) to work on /opt/airflow/dags/src/CSV_to_DB.py
[2024-11-02T18:00:38.441+0000] {processor.py:914} INFO - Processing file /opt/airflow/dags/src/CSV_to_DB.py for tasks to queue
[2024-11-02T18:00:38.443+0000] {logging_mixin.py:190} INFO - [2024-11-02T18:00:38.443+0000] {dagbag.py:588} INFO - Filling up the DagBag from /opt/airflow/dags/src/CSV_to_DB.py
[2024-11-02T18:00:38.506+0000] {processor.py:927} WARNING - No viable dags retrieved from /opt/airflow/dags/src/CSV_to_DB.py
[2024-11-02T18:00:38.511+0000] {processor.py:208} INFO - Processing /opt/airflow/dags/src/CSV_to_DB.py took 0.075 seconds
[2024-11-02T18:01:08.898+0000] {processor.py:186} INFO - Started process (PID=485) to work on /opt/airflow/dags/src/CSV_to_DB.py
[2024-11-02T18:01:08.899+0000] {processor.py:914} INFO - Processing file /opt/airflow/dags/src/CSV_to_DB.py for tasks to queue
[2024-11-02T18:01:08.901+0000] {logging_mixin.py:190} INFO - [2024-11-02T18:01:08.901+0000] {dagbag.py:588} INFO - Filling up the DagBag from /opt/airflow/dags/src/CSV_to_DB.py
[2024-11-02T18:01:08.974+0000] {processor.py:927} WARNING - No viable dags retrieved from /opt/airflow/dags/src/CSV_to_DB.py
[2024-11-02T18:01:08.980+0000] {processor.py:208} INFO - Processing /opt/airflow/dags/src/CSV_to_DB.py took 0.086 seconds
[2024-11-02T18:01:39.363+0000] {processor.py:186} INFO - Started process (PID=495) to work on /opt/airflow/dags/src/CSV_to_DB.py
[2024-11-02T18:01:39.368+0000] {processor.py:914} INFO - Processing file /opt/airflow/dags/src/CSV_to_DB.py for tasks to queue
[2024-11-02T18:01:39.370+0000] {logging_mixin.py:190} INFO - [2024-11-02T18:01:39.370+0000] {dagbag.py:588} INFO - Filling up the DagBag from /opt/airflow/dags/src/CSV_to_DB.py
[2024-11-02T18:01:39.456+0000] {processor.py:927} WARNING - No viable dags retrieved from /opt/airflow/dags/src/CSV_to_DB.py
[2024-11-02T18:01:39.463+0000] {processor.py:208} INFO - Processing /opt/airflow/dags/src/CSV_to_DB.py took 0.112 seconds
[2024-11-02T18:02:09.835+0000] {processor.py:186} INFO - Started process (PID=505) to work on /opt/airflow/dags/src/CSV_to_DB.py
[2024-11-02T18:02:09.836+0000] {processor.py:914} INFO - Processing file /opt/airflow/dags/src/CSV_to_DB.py for tasks to queue
[2024-11-02T18:02:09.837+0000] {logging_mixin.py:190} INFO - [2024-11-02T18:02:09.837+0000] {dagbag.py:588} INFO - Filling up the DagBag from /opt/airflow/dags/src/CSV_to_DB.py
[2024-11-02T18:02:09.906+0000] {processor.py:927} WARNING - No viable dags retrieved from /opt/airflow/dags/src/CSV_to_DB.py
[2024-11-02T18:02:09.911+0000] {processor.py:208} INFO - Processing /opt/airflow/dags/src/CSV_to_DB.py took 0.078 seconds
[2024-11-02T18:02:40.315+0000] {processor.py:186} INFO - Started process (PID=515) to work on /opt/airflow/dags/src/CSV_to_DB.py
[2024-11-02T18:02:40.316+0000] {processor.py:914} INFO - Processing file /opt/airflow/dags/src/CSV_to_DB.py for tasks to queue
[2024-11-02T18:02:40.317+0000] {logging_mixin.py:190} INFO - [2024-11-02T18:02:40.317+0000] {dagbag.py:588} INFO - Filling up the DagBag from /opt/airflow/dags/src/CSV_to_DB.py
[2024-11-02T18:02:40.387+0000] {processor.py:927} WARNING - No viable dags retrieved from /opt/airflow/dags/src/CSV_to_DB.py
[2024-11-02T18:02:40.392+0000] {processor.py:208} INFO - Processing /opt/airflow/dags/src/CSV_to_DB.py took 0.083 seconds
[2024-11-02T18:03:10.799+0000] {processor.py:186} INFO - Started process (PID=525) to work on /opt/airflow/dags/src/CSV_to_DB.py
[2024-11-02T18:03:10.800+0000] {processor.py:914} INFO - Processing file /opt/airflow/dags/src/CSV_to_DB.py for tasks to queue
[2024-11-02T18:03:10.802+0000] {logging_mixin.py:190} INFO - [2024-11-02T18:03:10.802+0000] {dagbag.py:588} INFO - Filling up the DagBag from /opt/airflow/dags/src/CSV_to_DB.py
[2024-11-02T18:03:10.876+0000] {processor.py:927} WARNING - No viable dags retrieved from /opt/airflow/dags/src/CSV_to_DB.py
[2024-11-02T18:03:10.882+0000] {processor.py:208} INFO - Processing /opt/airflow/dags/src/CSV_to_DB.py took 0.088 seconds
[2024-11-02T18:03:41.257+0000] {processor.py:186} INFO - Started process (PID=535) to work on /opt/airflow/dags/src/CSV_to_DB.py
[2024-11-02T18:03:41.258+0000] {processor.py:914} INFO - Processing file /opt/airflow/dags/src/CSV_to_DB.py for tasks to queue
[2024-11-02T18:03:41.260+0000] {logging_mixin.py:190} INFO - [2024-11-02T18:03:41.260+0000] {dagbag.py:588} INFO - Filling up the DagBag from /opt/airflow/dags/src/CSV_to_DB.py
[2024-11-02T18:03:41.338+0000] {processor.py:927} WARNING - No viable dags retrieved from /opt/airflow/dags/src/CSV_to_DB.py
[2024-11-02T18:03:41.344+0000] {processor.py:208} INFO - Processing /opt/airflow/dags/src/CSV_to_DB.py took 0.093 seconds
[2024-11-02T18:04:11.734+0000] {processor.py:186} INFO - Started process (PID=545) to work on /opt/airflow/dags/src/CSV_to_DB.py
[2024-11-02T18:04:11.735+0000] {processor.py:914} INFO - Processing file /opt/airflow/dags/src/CSV_to_DB.py for tasks to queue
[2024-11-02T18:04:11.736+0000] {logging_mixin.py:190} INFO - [2024-11-02T18:04:11.736+0000] {dagbag.py:588} INFO - Filling up the DagBag from /opt/airflow/dags/src/CSV_to_DB.py
[2024-11-02T18:04:11.828+0000] {processor.py:927} WARNING - No viable dags retrieved from /opt/airflow/dags/src/CSV_to_DB.py
[2024-11-02T18:04:11.834+0000] {processor.py:208} INFO - Processing /opt/airflow/dags/src/CSV_to_DB.py took 0.107 seconds
[2024-11-02T18:04:42.186+0000] {processor.py:186} INFO - Started process (PID=555) to work on /opt/airflow/dags/src/CSV_to_DB.py
[2024-11-02T18:04:42.187+0000] {processor.py:914} INFO - Processing file /opt/airflow/dags/src/CSV_to_DB.py for tasks to queue
[2024-11-02T18:04:42.189+0000] {logging_mixin.py:190} INFO - [2024-11-02T18:04:42.189+0000] {dagbag.py:588} INFO - Filling up the DagBag from /opt/airflow/dags/src/CSV_to_DB.py
[2024-11-02T18:04:42.259+0000] {processor.py:927} WARNING - No viable dags retrieved from /opt/airflow/dags/src/CSV_to_DB.py
[2024-11-02T18:04:42.265+0000] {processor.py:208} INFO - Processing /opt/airflow/dags/src/CSV_to_DB.py took 0.083 seconds
[2024-11-02T23:58:17.633+0000] {processor.py:186} INFO - Started process (PID=41) to work on /opt/airflow/dags/src/CSV_to_DB.py
[2024-11-02T23:58:17.634+0000] {processor.py:914} INFO - Processing file /opt/airflow/dags/src/CSV_to_DB.py for tasks to queue
[2024-11-02T23:58:17.635+0000] {logging_mixin.py:190} INFO - [2024-11-02T23:58:17.635+0000] {dagbag.py:588} INFO - Filling up the DagBag from /opt/airflow/dags/src/CSV_to_DB.py
[2024-11-02T23:58:17.925+0000] {processor.py:927} WARNING - No viable dags retrieved from /opt/airflow/dags/src/CSV_to_DB.py
[2024-11-02T23:58:17.933+0000] {processor.py:208} INFO - Processing /opt/airflow/dags/src/CSV_to_DB.py took 0.305 seconds
[2024-11-02T23:58:48.526+0000] {processor.py:186} INFO - Started process (PID=51) to work on /opt/airflow/dags/src/CSV_to_DB.py
[2024-11-02T23:58:48.528+0000] {processor.py:914} INFO - Processing file /opt/airflow/dags/src/CSV_to_DB.py for tasks to queue
[2024-11-02T23:58:48.530+0000] {logging_mixin.py:190} INFO - [2024-11-02T23:58:48.530+0000] {dagbag.py:588} INFO - Filling up the DagBag from /opt/airflow/dags/src/CSV_to_DB.py
[2024-11-02T23:58:48.676+0000] {processor.py:927} WARNING - No viable dags retrieved from /opt/airflow/dags/src/CSV_to_DB.py
[2024-11-02T23:58:48.681+0000] {processor.py:208} INFO - Processing /opt/airflow/dags/src/CSV_to_DB.py took 0.159 seconds
[2024-11-02T23:59:19.115+0000] {processor.py:186} INFO - Started process (PID=61) to work on /opt/airflow/dags/src/CSV_to_DB.py
[2024-11-02T23:59:19.116+0000] {processor.py:914} INFO - Processing file /opt/airflow/dags/src/CSV_to_DB.py for tasks to queue
[2024-11-02T23:59:19.118+0000] {logging_mixin.py:190} INFO - [2024-11-02T23:59:19.118+0000] {dagbag.py:588} INFO - Filling up the DagBag from /opt/airflow/dags/src/CSV_to_DB.py
[2024-11-02T23:59:19.256+0000] {processor.py:927} WARNING - No viable dags retrieved from /opt/airflow/dags/src/CSV_to_DB.py
[2024-11-02T23:59:19.261+0000] {processor.py:208} INFO - Processing /opt/airflow/dags/src/CSV_to_DB.py took 0.148 seconds
[2024-11-02T23:59:49.724+0000] {processor.py:186} INFO - Started process (PID=71) to work on /opt/airflow/dags/src/CSV_to_DB.py
[2024-11-02T23:59:49.725+0000] {processor.py:914} INFO - Processing file /opt/airflow/dags/src/CSV_to_DB.py for tasks to queue
[2024-11-02T23:59:49.726+0000] {logging_mixin.py:190} INFO - [2024-11-02T23:59:49.726+0000] {dagbag.py:588} INFO - Filling up the DagBag from /opt/airflow/dags/src/CSV_to_DB.py
[2024-11-02T23:59:49.869+0000] {processor.py:927} WARNING - No viable dags retrieved from /opt/airflow/dags/src/CSV_to_DB.py
[2024-11-02T23:59:49.874+0000] {processor.py:208} INFO - Processing /opt/airflow/dags/src/CSV_to_DB.py took 0.152 seconds
