[2024-11-02T17:38:45.607+0000] {processor.py:186} INFO - Started process (PID=43) to work on /opt/airflow/dags/src/db_to_schema.py
[2024-11-02T17:38:45.608+0000] {processor.py:914} INFO - Processing file /opt/airflow/dags/src/db_to_schema.py for tasks to queue
[2024-11-02T17:38:45.609+0000] {logging_mixin.py:190} INFO - [2024-11-02T17:38:45.609+0000] {dagbag.py:588} INFO - Filling up the DagBag from /opt/airflow/dags/src/db_to_schema.py
[2024-11-02T17:38:45.816+0000] {processor.py:927} WARNING - No viable dags retrieved from /opt/airflow/dags/src/db_to_schema.py
[2024-11-02T17:38:45.822+0000] {processor.py:208} INFO - Processing /opt/airflow/dags/src/db_to_schema.py took 0.218 seconds
[2024-11-02T17:39:16.429+0000] {processor.py:186} INFO - Started process (PID=53) to work on /opt/airflow/dags/src/db_to_schema.py
[2024-11-02T17:39:16.430+0000] {processor.py:914} INFO - Processing file /opt/airflow/dags/src/db_to_schema.py for tasks to queue
[2024-11-02T17:39:16.431+0000] {logging_mixin.py:190} INFO - [2024-11-02T17:39:16.430+0000] {dagbag.py:588} INFO - Filling up the DagBag from /opt/airflow/dags/src/db_to_schema.py
[2024-11-02T17:39:16.590+0000] {processor.py:927} WARNING - No viable dags retrieved from /opt/airflow/dags/src/db_to_schema.py
[2024-11-02T17:39:16.597+0000] {processor.py:208} INFO - Processing /opt/airflow/dags/src/db_to_schema.py took 0.171 seconds
[2024-11-02T17:39:47.104+0000] {processor.py:186} INFO - Started process (PID=63) to work on /opt/airflow/dags/src/db_to_schema.py
[2024-11-02T17:39:47.104+0000] {processor.py:914} INFO - Processing file /opt/airflow/dags/src/db_to_schema.py for tasks to queue
[2024-11-02T17:39:47.105+0000] {logging_mixin.py:190} INFO - [2024-11-02T17:39:47.105+0000] {dagbag.py:588} INFO - Filling up the DagBag from /opt/airflow/dags/src/db_to_schema.py
[2024-11-02T17:39:47.261+0000] {processor.py:927} WARNING - No viable dags retrieved from /opt/airflow/dags/src/db_to_schema.py
[2024-11-02T17:39:47.270+0000] {processor.py:208} INFO - Processing /opt/airflow/dags/src/db_to_schema.py took 0.169 seconds
[2024-11-02T17:40:17.734+0000] {processor.py:186} INFO - Started process (PID=73) to work on /opt/airflow/dags/src/db_to_schema.py
[2024-11-02T17:40:17.735+0000] {processor.py:914} INFO - Processing file /opt/airflow/dags/src/db_to_schema.py for tasks to queue
[2024-11-02T17:40:17.736+0000] {logging_mixin.py:190} INFO - [2024-11-02T17:40:17.735+0000] {dagbag.py:588} INFO - Filling up the DagBag from /opt/airflow/dags/src/db_to_schema.py
[2024-11-02T17:40:17.883+0000] {processor.py:927} WARNING - No viable dags retrieved from /opt/airflow/dags/src/db_to_schema.py
[2024-11-02T17:40:17.889+0000] {processor.py:208} INFO - Processing /opt/airflow/dags/src/db_to_schema.py took 0.158 seconds
[2024-11-02T17:40:48.400+0000] {processor.py:186} INFO - Started process (PID=89) to work on /opt/airflow/dags/src/db_to_schema.py
[2024-11-02T17:40:48.401+0000] {processor.py:914} INFO - Processing file /opt/airflow/dags/src/db_to_schema.py for tasks to queue
[2024-11-02T17:40:48.402+0000] {logging_mixin.py:190} INFO - [2024-11-02T17:40:48.402+0000] {dagbag.py:588} INFO - Filling up the DagBag from /opt/airflow/dags/src/db_to_schema.py
[2024-11-02T17:40:48.555+0000] {processor.py:927} WARNING - No viable dags retrieved from /opt/airflow/dags/src/db_to_schema.py
[2024-11-02T17:40:48.562+0000] {processor.py:208} INFO - Processing /opt/airflow/dags/src/db_to_schema.py took 0.165 seconds
[2024-11-02T17:41:19.089+0000] {processor.py:186} INFO - Started process (PID=99) to work on /opt/airflow/dags/src/db_to_schema.py
[2024-11-02T17:41:19.090+0000] {processor.py:914} INFO - Processing file /opt/airflow/dags/src/db_to_schema.py for tasks to queue
[2024-11-02T17:41:19.091+0000] {logging_mixin.py:190} INFO - [2024-11-02T17:41:19.090+0000] {dagbag.py:588} INFO - Filling up the DagBag from /opt/airflow/dags/src/db_to_schema.py
[2024-11-02T17:41:19.220+0000] {processor.py:927} WARNING - No viable dags retrieved from /opt/airflow/dags/src/db_to_schema.py
[2024-11-02T17:41:19.227+0000] {processor.py:208} INFO - Processing /opt/airflow/dags/src/db_to_schema.py took 0.140 seconds
[2024-11-02T17:41:49.787+0000] {processor.py:186} INFO - Started process (PID=109) to work on /opt/airflow/dags/src/db_to_schema.py
[2024-11-02T17:41:49.790+0000] {processor.py:914} INFO - Processing file /opt/airflow/dags/src/db_to_schema.py for tasks to queue
[2024-11-02T17:41:49.791+0000] {logging_mixin.py:190} INFO - [2024-11-02T17:41:49.791+0000] {dagbag.py:588} INFO - Filling up the DagBag from /opt/airflow/dags/src/db_to_schema.py
[2024-11-02T17:41:49.925+0000] {processor.py:927} WARNING - No viable dags retrieved from /opt/airflow/dags/src/db_to_schema.py
[2024-11-02T17:41:49.932+0000] {processor.py:208} INFO - Processing /opt/airflow/dags/src/db_to_schema.py took 0.149 seconds
[2024-11-02T17:42:20.505+0000] {processor.py:186} INFO - Started process (PID=119) to work on /opt/airflow/dags/src/db_to_schema.py
[2024-11-02T17:42:20.506+0000] {processor.py:914} INFO - Processing file /opt/airflow/dags/src/db_to_schema.py for tasks to queue
[2024-11-02T17:42:20.507+0000] {logging_mixin.py:190} INFO - [2024-11-02T17:42:20.507+0000] {dagbag.py:588} INFO - Filling up the DagBag from /opt/airflow/dags/src/db_to_schema.py
[2024-11-02T17:42:20.647+0000] {processor.py:927} WARNING - No viable dags retrieved from /opt/airflow/dags/src/db_to_schema.py
[2024-11-02T17:42:20.655+0000] {processor.py:208} INFO - Processing /opt/airflow/dags/src/db_to_schema.py took 0.152 seconds
[2024-11-02T17:42:51.151+0000] {processor.py:186} INFO - Started process (PID=129) to work on /opt/airflow/dags/src/db_to_schema.py
[2024-11-02T17:42:51.151+0000] {processor.py:914} INFO - Processing file /opt/airflow/dags/src/db_to_schema.py for tasks to queue
[2024-11-02T17:42:51.152+0000] {logging_mixin.py:190} INFO - [2024-11-02T17:42:51.152+0000] {dagbag.py:588} INFO - Filling up the DagBag from /opt/airflow/dags/src/db_to_schema.py
[2024-11-02T17:42:51.281+0000] {processor.py:927} WARNING - No viable dags retrieved from /opt/airflow/dags/src/db_to_schema.py
[2024-11-02T17:42:51.287+0000] {processor.py:208} INFO - Processing /opt/airflow/dags/src/db_to_schema.py took 0.138 seconds
[2024-11-02T17:43:21.893+0000] {processor.py:186} INFO - Started process (PID=139) to work on /opt/airflow/dags/src/db_to_schema.py
[2024-11-02T17:43:21.894+0000] {processor.py:914} INFO - Processing file /opt/airflow/dags/src/db_to_schema.py for tasks to queue
[2024-11-02T17:43:21.896+0000] {logging_mixin.py:190} INFO - [2024-11-02T17:43:21.895+0000] {dagbag.py:588} INFO - Filling up the DagBag from /opt/airflow/dags/src/db_to_schema.py
[2024-11-02T17:43:21.963+0000] {processor.py:927} WARNING - No viable dags retrieved from /opt/airflow/dags/src/db_to_schema.py
[2024-11-02T17:43:21.970+0000] {processor.py:208} INFO - Processing /opt/airflow/dags/src/db_to_schema.py took 0.080 seconds
[2024-11-02T17:43:52.391+0000] {processor.py:186} INFO - Started process (PID=149) to work on /opt/airflow/dags/src/db_to_schema.py
[2024-11-02T17:43:52.392+0000] {processor.py:914} INFO - Processing file /opt/airflow/dags/src/db_to_schema.py for tasks to queue
[2024-11-02T17:43:52.393+0000] {logging_mixin.py:190} INFO - [2024-11-02T17:43:52.393+0000] {dagbag.py:588} INFO - Filling up the DagBag from /opt/airflow/dags/src/db_to_schema.py
[2024-11-02T17:43:52.454+0000] {processor.py:927} WARNING - No viable dags retrieved from /opt/airflow/dags/src/db_to_schema.py
[2024-11-02T17:43:52.460+0000] {processor.py:208} INFO - Processing /opt/airflow/dags/src/db_to_schema.py took 0.072 seconds
[2024-11-02T17:44:22.909+0000] {processor.py:186} INFO - Started process (PID=159) to work on /opt/airflow/dags/src/db_to_schema.py
[2024-11-02T17:44:22.910+0000] {processor.py:914} INFO - Processing file /opt/airflow/dags/src/db_to_schema.py for tasks to queue
[2024-11-02T17:44:22.911+0000] {logging_mixin.py:190} INFO - [2024-11-02T17:44:22.911+0000] {dagbag.py:588} INFO - Filling up the DagBag from /opt/airflow/dags/src/db_to_schema.py
[2024-11-02T17:44:22.969+0000] {processor.py:927} WARNING - No viable dags retrieved from /opt/airflow/dags/src/db_to_schema.py
[2024-11-02T17:44:22.975+0000] {processor.py:208} INFO - Processing /opt/airflow/dags/src/db_to_schema.py took 0.069 seconds
[2024-11-02T17:44:53.370+0000] {processor.py:186} INFO - Started process (PID=169) to work on /opt/airflow/dags/src/db_to_schema.py
[2024-11-02T17:44:53.370+0000] {processor.py:914} INFO - Processing file /opt/airflow/dags/src/db_to_schema.py for tasks to queue
[2024-11-02T17:44:53.372+0000] {logging_mixin.py:190} INFO - [2024-11-02T17:44:53.371+0000] {dagbag.py:588} INFO - Filling up the DagBag from /opt/airflow/dags/src/db_to_schema.py
[2024-11-02T17:44:53.433+0000] {processor.py:927} WARNING - No viable dags retrieved from /opt/airflow/dags/src/db_to_schema.py
[2024-11-02T17:44:53.440+0000] {processor.py:208} INFO - Processing /opt/airflow/dags/src/db_to_schema.py took 0.073 seconds
[2024-11-02T17:45:23.822+0000] {processor.py:186} INFO - Started process (PID=179) to work on /opt/airflow/dags/src/db_to_schema.py
[2024-11-02T17:45:23.822+0000] {processor.py:914} INFO - Processing file /opt/airflow/dags/src/db_to_schema.py for tasks to queue
[2024-11-02T17:45:23.824+0000] {logging_mixin.py:190} INFO - [2024-11-02T17:45:23.824+0000] {dagbag.py:588} INFO - Filling up the DagBag from /opt/airflow/dags/src/db_to_schema.py
[2024-11-02T17:45:23.883+0000] {processor.py:927} WARNING - No viable dags retrieved from /opt/airflow/dags/src/db_to_schema.py
[2024-11-02T17:45:23.889+0000] {processor.py:208} INFO - Processing /opt/airflow/dags/src/db_to_schema.py took 0.070 seconds
[2024-11-02T17:45:54.401+0000] {processor.py:186} INFO - Started process (PID=189) to work on /opt/airflow/dags/src/db_to_schema.py
[2024-11-02T17:45:54.402+0000] {processor.py:914} INFO - Processing file /opt/airflow/dags/src/db_to_schema.py for tasks to queue
[2024-11-02T17:45:54.403+0000] {logging_mixin.py:190} INFO - [2024-11-02T17:45:54.403+0000] {dagbag.py:588} INFO - Filling up the DagBag from /opt/airflow/dags/src/db_to_schema.py
[2024-11-02T17:45:54.458+0000] {processor.py:927} WARNING - No viable dags retrieved from /opt/airflow/dags/src/db_to_schema.py
[2024-11-02T17:45:54.464+0000] {processor.py:208} INFO - Processing /opt/airflow/dags/src/db_to_schema.py took 0.065 seconds
[2024-11-02T17:46:24.843+0000] {processor.py:186} INFO - Started process (PID=199) to work on /opt/airflow/dags/src/db_to_schema.py
[2024-11-02T17:46:24.843+0000] {processor.py:914} INFO - Processing file /opt/airflow/dags/src/db_to_schema.py for tasks to queue
[2024-11-02T17:46:24.844+0000] {logging_mixin.py:190} INFO - [2024-11-02T17:46:24.844+0000] {dagbag.py:588} INFO - Filling up the DagBag from /opt/airflow/dags/src/db_to_schema.py
[2024-11-02T17:46:24.897+0000] {processor.py:927} WARNING - No viable dags retrieved from /opt/airflow/dags/src/db_to_schema.py
[2024-11-02T17:46:24.903+0000] {processor.py:208} INFO - Processing /opt/airflow/dags/src/db_to_schema.py took 0.062 seconds
[2024-11-02T17:46:55.610+0000] {processor.py:186} INFO - Started process (PID=209) to work on /opt/airflow/dags/src/db_to_schema.py
[2024-11-02T17:46:55.611+0000] {processor.py:914} INFO - Processing file /opt/airflow/dags/src/db_to_schema.py for tasks to queue
[2024-11-02T17:46:55.613+0000] {logging_mixin.py:190} INFO - [2024-11-02T17:46:55.613+0000] {dagbag.py:588} INFO - Filling up the DagBag from /opt/airflow/dags/src/db_to_schema.py
[2024-11-02T17:46:55.730+0000] {processor.py:927} WARNING - No viable dags retrieved from /opt/airflow/dags/src/db_to_schema.py
[2024-11-02T17:46:55.745+0000] {processor.py:208} INFO - Processing /opt/airflow/dags/src/db_to_schema.py took 0.143 seconds
[2024-11-02T17:47:26.140+0000] {processor.py:186} INFO - Started process (PID=219) to work on /opt/airflow/dags/src/db_to_schema.py
[2024-11-02T17:47:26.141+0000] {processor.py:914} INFO - Processing file /opt/airflow/dags/src/db_to_schema.py for tasks to queue
[2024-11-02T17:47:26.142+0000] {logging_mixin.py:190} INFO - [2024-11-02T17:47:26.142+0000] {dagbag.py:588} INFO - Filling up the DagBag from /opt/airflow/dags/src/db_to_schema.py
[2024-11-02T17:47:26.197+0000] {processor.py:927} WARNING - No viable dags retrieved from /opt/airflow/dags/src/db_to_schema.py
[2024-11-02T17:47:26.203+0000] {processor.py:208} INFO - Processing /opt/airflow/dags/src/db_to_schema.py took 0.065 seconds
[2024-11-02T17:47:56.600+0000] {processor.py:186} INFO - Started process (PID=229) to work on /opt/airflow/dags/src/db_to_schema.py
[2024-11-02T17:47:56.600+0000] {processor.py:914} INFO - Processing file /opt/airflow/dags/src/db_to_schema.py for tasks to queue
[2024-11-02T17:47:56.602+0000] {logging_mixin.py:190} INFO - [2024-11-02T17:47:56.601+0000] {dagbag.py:588} INFO - Filling up the DagBag from /opt/airflow/dags/src/db_to_schema.py
[2024-11-02T17:47:56.669+0000] {processor.py:927} WARNING - No viable dags retrieved from /opt/airflow/dags/src/db_to_schema.py
[2024-11-02T17:47:56.675+0000] {processor.py:208} INFO - Processing /opt/airflow/dags/src/db_to_schema.py took 0.078 seconds
[2024-11-02T17:48:27.202+0000] {processor.py:186} INFO - Started process (PID=239) to work on /opt/airflow/dags/src/db_to_schema.py
[2024-11-02T17:48:27.203+0000] {processor.py:914} INFO - Processing file /opt/airflow/dags/src/db_to_schema.py for tasks to queue
[2024-11-02T17:48:27.204+0000] {logging_mixin.py:190} INFO - [2024-11-02T17:48:27.204+0000] {dagbag.py:588} INFO - Filling up the DagBag from /opt/airflow/dags/src/db_to_schema.py
[2024-11-02T17:48:27.266+0000] {processor.py:927} WARNING - No viable dags retrieved from /opt/airflow/dags/src/db_to_schema.py
[2024-11-02T17:48:27.273+0000] {processor.py:208} INFO - Processing /opt/airflow/dags/src/db_to_schema.py took 0.081 seconds
[2024-11-02T17:48:57.673+0000] {processor.py:186} INFO - Started process (PID=249) to work on /opt/airflow/dags/src/db_to_schema.py
[2024-11-02T17:48:57.674+0000] {processor.py:914} INFO - Processing file /opt/airflow/dags/src/db_to_schema.py for tasks to queue
[2024-11-02T17:48:57.675+0000] {logging_mixin.py:190} INFO - [2024-11-02T17:48:57.675+0000] {dagbag.py:588} INFO - Filling up the DagBag from /opt/airflow/dags/src/db_to_schema.py
[2024-11-02T17:48:57.727+0000] {processor.py:927} WARNING - No viable dags retrieved from /opt/airflow/dags/src/db_to_schema.py
[2024-11-02T17:48:57.735+0000] {processor.py:208} INFO - Processing /opt/airflow/dags/src/db_to_schema.py took 0.064 seconds
[2024-11-02T17:49:28.187+0000] {processor.py:186} INFO - Started process (PID=259) to work on /opt/airflow/dags/src/db_to_schema.py
[2024-11-02T17:49:28.188+0000] {processor.py:914} INFO - Processing file /opt/airflow/dags/src/db_to_schema.py for tasks to queue
[2024-11-02T17:49:28.188+0000] {logging_mixin.py:190} INFO - [2024-11-02T17:49:28.188+0000] {dagbag.py:588} INFO - Filling up the DagBag from /opt/airflow/dags/src/db_to_schema.py
[2024-11-02T17:49:28.246+0000] {processor.py:927} WARNING - No viable dags retrieved from /opt/airflow/dags/src/db_to_schema.py
[2024-11-02T17:49:28.251+0000] {processor.py:208} INFO - Processing /opt/airflow/dags/src/db_to_schema.py took 0.066 seconds
[2024-11-02T17:49:58.686+0000] {processor.py:186} INFO - Started process (PID=269) to work on /opt/airflow/dags/src/db_to_schema.py
[2024-11-02T17:49:58.686+0000] {processor.py:914} INFO - Processing file /opt/airflow/dags/src/db_to_schema.py for tasks to queue
[2024-11-02T17:49:58.687+0000] {logging_mixin.py:190} INFO - [2024-11-02T17:49:58.687+0000] {dagbag.py:588} INFO - Filling up the DagBag from /opt/airflow/dags/src/db_to_schema.py
[2024-11-02T17:49:58.745+0000] {processor.py:927} WARNING - No viable dags retrieved from /opt/airflow/dags/src/db_to_schema.py
[2024-11-02T17:49:58.751+0000] {processor.py:208} INFO - Processing /opt/airflow/dags/src/db_to_schema.py took 0.068 seconds
[2024-11-02T17:50:29.073+0000] {processor.py:186} INFO - Started process (PID=279) to work on /opt/airflow/dags/src/db_to_schema.py
[2024-11-02T17:50:29.074+0000] {processor.py:914} INFO - Processing file /opt/airflow/dags/src/db_to_schema.py for tasks to queue
[2024-11-02T17:50:29.075+0000] {logging_mixin.py:190} INFO - [2024-11-02T17:50:29.074+0000] {dagbag.py:588} INFO - Filling up the DagBag from /opt/airflow/dags/src/db_to_schema.py
[2024-11-02T17:50:29.129+0000] {processor.py:927} WARNING - No viable dags retrieved from /opt/airflow/dags/src/db_to_schema.py
[2024-11-02T17:50:29.135+0000] {processor.py:208} INFO - Processing /opt/airflow/dags/src/db_to_schema.py took 0.064 seconds
[2024-11-02T17:50:59.512+0000] {processor.py:186} INFO - Started process (PID=289) to work on /opt/airflow/dags/src/db_to_schema.py
[2024-11-02T17:50:59.513+0000] {processor.py:914} INFO - Processing file /opt/airflow/dags/src/db_to_schema.py for tasks to queue
[2024-11-02T17:50:59.514+0000] {logging_mixin.py:190} INFO - [2024-11-02T17:50:59.514+0000] {dagbag.py:588} INFO - Filling up the DagBag from /opt/airflow/dags/src/db_to_schema.py
[2024-11-02T17:50:59.568+0000] {processor.py:927} WARNING - No viable dags retrieved from /opt/airflow/dags/src/db_to_schema.py
[2024-11-02T17:50:59.576+0000] {processor.py:208} INFO - Processing /opt/airflow/dags/src/db_to_schema.py took 0.066 seconds
[2024-11-02T17:51:29.974+0000] {processor.py:186} INFO - Started process (PID=299) to work on /opt/airflow/dags/src/db_to_schema.py
[2024-11-02T17:51:29.975+0000] {processor.py:914} INFO - Processing file /opt/airflow/dags/src/db_to_schema.py for tasks to queue
[2024-11-02T17:51:29.976+0000] {logging_mixin.py:190} INFO - [2024-11-02T17:51:29.976+0000] {dagbag.py:588} INFO - Filling up the DagBag from /opt/airflow/dags/src/db_to_schema.py
[2024-11-02T17:51:30.034+0000] {processor.py:927} WARNING - No viable dags retrieved from /opt/airflow/dags/src/db_to_schema.py
[2024-11-02T17:51:30.041+0000] {processor.py:208} INFO - Processing /opt/airflow/dags/src/db_to_schema.py took 0.069 seconds
[2024-11-02T17:52:00.441+0000] {processor.py:186} INFO - Started process (PID=308) to work on /opt/airflow/dags/src/db_to_schema.py
[2024-11-02T17:52:00.441+0000] {processor.py:914} INFO - Processing file /opt/airflow/dags/src/db_to_schema.py for tasks to queue
[2024-11-02T17:52:00.442+0000] {logging_mixin.py:190} INFO - [2024-11-02T17:52:00.442+0000] {dagbag.py:588} INFO - Filling up the DagBag from /opt/airflow/dags/src/db_to_schema.py
[2024-11-02T17:52:00.501+0000] {processor.py:927} WARNING - No viable dags retrieved from /opt/airflow/dags/src/db_to_schema.py
[2024-11-02T17:52:00.507+0000] {processor.py:208} INFO - Processing /opt/airflow/dags/src/db_to_schema.py took 0.068 seconds
[2024-11-02T17:52:30.896+0000] {processor.py:186} INFO - Started process (PID=318) to work on /opt/airflow/dags/src/db_to_schema.py
[2024-11-02T17:52:30.896+0000] {processor.py:914} INFO - Processing file /opt/airflow/dags/src/db_to_schema.py for tasks to queue
[2024-11-02T17:52:30.897+0000] {logging_mixin.py:190} INFO - [2024-11-02T17:52:30.897+0000] {dagbag.py:588} INFO - Filling up the DagBag from /opt/airflow/dags/src/db_to_schema.py
[2024-11-02T17:52:30.950+0000] {processor.py:927} WARNING - No viable dags retrieved from /opt/airflow/dags/src/db_to_schema.py
[2024-11-02T17:52:30.956+0000] {processor.py:208} INFO - Processing /opt/airflow/dags/src/db_to_schema.py took 0.062 seconds
[2024-11-02T17:53:01.367+0000] {processor.py:186} INFO - Started process (PID=328) to work on /opt/airflow/dags/src/db_to_schema.py
[2024-11-02T17:53:01.367+0000] {processor.py:914} INFO - Processing file /opt/airflow/dags/src/db_to_schema.py for tasks to queue
[2024-11-02T17:53:01.368+0000] {logging_mixin.py:190} INFO - [2024-11-02T17:53:01.368+0000] {dagbag.py:588} INFO - Filling up the DagBag from /opt/airflow/dags/src/db_to_schema.py
[2024-11-02T17:53:01.421+0000] {processor.py:927} WARNING - No viable dags retrieved from /opt/airflow/dags/src/db_to_schema.py
[2024-11-02T17:53:01.428+0000] {processor.py:208} INFO - Processing /opt/airflow/dags/src/db_to_schema.py took 0.064 seconds
[2024-11-02T17:53:31.802+0000] {processor.py:186} INFO - Started process (PID=338) to work on /opt/airflow/dags/src/db_to_schema.py
[2024-11-02T17:53:31.803+0000] {processor.py:914} INFO - Processing file /opt/airflow/dags/src/db_to_schema.py for tasks to queue
[2024-11-02T17:53:31.804+0000] {logging_mixin.py:190} INFO - [2024-11-02T17:53:31.804+0000] {dagbag.py:588} INFO - Filling up the DagBag from /opt/airflow/dags/src/db_to_schema.py
[2024-11-02T17:53:31.858+0000] {processor.py:927} WARNING - No viable dags retrieved from /opt/airflow/dags/src/db_to_schema.py
[2024-11-02T17:53:31.865+0000] {processor.py:208} INFO - Processing /opt/airflow/dags/src/db_to_schema.py took 0.065 seconds
[2024-11-02T17:54:02.296+0000] {processor.py:186} INFO - Started process (PID=348) to work on /opt/airflow/dags/src/db_to_schema.py
[2024-11-02T17:54:02.296+0000] {processor.py:914} INFO - Processing file /opt/airflow/dags/src/db_to_schema.py for tasks to queue
[2024-11-02T17:54:02.297+0000] {logging_mixin.py:190} INFO - [2024-11-02T17:54:02.297+0000] {dagbag.py:588} INFO - Filling up the DagBag from /opt/airflow/dags/src/db_to_schema.py
[2024-11-02T17:54:02.356+0000] {processor.py:927} WARNING - No viable dags retrieved from /opt/airflow/dags/src/db_to_schema.py
[2024-11-02T17:54:02.363+0000] {processor.py:208} INFO - Processing /opt/airflow/dags/src/db_to_schema.py took 0.070 seconds
[2024-11-02T17:54:32.767+0000] {processor.py:186} INFO - Started process (PID=358) to work on /opt/airflow/dags/src/db_to_schema.py
[2024-11-02T17:54:32.767+0000] {processor.py:914} INFO - Processing file /opt/airflow/dags/src/db_to_schema.py for tasks to queue
[2024-11-02T17:54:32.768+0000] {logging_mixin.py:190} INFO - [2024-11-02T17:54:32.768+0000] {dagbag.py:588} INFO - Filling up the DagBag from /opt/airflow/dags/src/db_to_schema.py
[2024-11-02T17:54:32.822+0000] {processor.py:927} WARNING - No viable dags retrieved from /opt/airflow/dags/src/db_to_schema.py
[2024-11-02T17:54:32.828+0000] {processor.py:208} INFO - Processing /opt/airflow/dags/src/db_to_schema.py took 0.063 seconds
[2024-11-02T17:55:03.176+0000] {processor.py:186} INFO - Started process (PID=367) to work on /opt/airflow/dags/src/db_to_schema.py
[2024-11-02T17:55:03.177+0000] {processor.py:914} INFO - Processing file /opt/airflow/dags/src/db_to_schema.py for tasks to queue
[2024-11-02T17:55:03.178+0000] {logging_mixin.py:190} INFO - [2024-11-02T17:55:03.178+0000] {dagbag.py:588} INFO - Filling up the DagBag from /opt/airflow/dags/src/db_to_schema.py
[2024-11-02T17:55:03.230+0000] {processor.py:927} WARNING - No viable dags retrieved from /opt/airflow/dags/src/db_to_schema.py
[2024-11-02T17:55:03.235+0000] {processor.py:208} INFO - Processing /opt/airflow/dags/src/db_to_schema.py took 0.061 seconds
[2024-11-02T17:55:33.635+0000] {processor.py:186} INFO - Started process (PID=377) to work on /opt/airflow/dags/src/db_to_schema.py
[2024-11-02T17:55:33.635+0000] {processor.py:914} INFO - Processing file /opt/airflow/dags/src/db_to_schema.py for tasks to queue
[2024-11-02T17:55:33.636+0000] {logging_mixin.py:190} INFO - [2024-11-02T17:55:33.636+0000] {dagbag.py:588} INFO - Filling up the DagBag from /opt/airflow/dags/src/db_to_schema.py
[2024-11-02T17:55:33.691+0000] {processor.py:927} WARNING - No viable dags retrieved from /opt/airflow/dags/src/db_to_schema.py
[2024-11-02T17:55:33.697+0000] {processor.py:208} INFO - Processing /opt/airflow/dags/src/db_to_schema.py took 0.066 seconds
[2024-11-02T17:56:04.140+0000] {processor.py:186} INFO - Started process (PID=387) to work on /opt/airflow/dags/src/db_to_schema.py
[2024-11-02T17:56:04.141+0000] {processor.py:914} INFO - Processing file /opt/airflow/dags/src/db_to_schema.py for tasks to queue
[2024-11-02T17:56:04.142+0000] {logging_mixin.py:190} INFO - [2024-11-02T17:56:04.142+0000] {dagbag.py:588} INFO - Filling up the DagBag from /opt/airflow/dags/src/db_to_schema.py
[2024-11-02T17:56:04.201+0000] {processor.py:927} WARNING - No viable dags retrieved from /opt/airflow/dags/src/db_to_schema.py
[2024-11-02T17:56:04.209+0000] {processor.py:208} INFO - Processing /opt/airflow/dags/src/db_to_schema.py took 0.072 seconds
[2024-11-02T17:56:34.633+0000] {processor.py:186} INFO - Started process (PID=397) to work on /opt/airflow/dags/src/db_to_schema.py
[2024-11-02T17:56:34.634+0000] {processor.py:914} INFO - Processing file /opt/airflow/dags/src/db_to_schema.py for tasks to queue
[2024-11-02T17:56:34.635+0000] {logging_mixin.py:190} INFO - [2024-11-02T17:56:34.634+0000] {dagbag.py:588} INFO - Filling up the DagBag from /opt/airflow/dags/src/db_to_schema.py
[2024-11-02T17:56:34.692+0000] {processor.py:927} WARNING - No viable dags retrieved from /opt/airflow/dags/src/db_to_schema.py
[2024-11-02T17:56:34.701+0000] {processor.py:208} INFO - Processing /opt/airflow/dags/src/db_to_schema.py took 0.071 seconds
[2024-11-02T17:57:05.133+0000] {processor.py:186} INFO - Started process (PID=407) to work on /opt/airflow/dags/src/db_to_schema.py
[2024-11-02T17:57:05.133+0000] {processor.py:914} INFO - Processing file /opt/airflow/dags/src/db_to_schema.py for tasks to queue
[2024-11-02T17:57:05.134+0000] {logging_mixin.py:190} INFO - [2024-11-02T17:57:05.134+0000] {dagbag.py:588} INFO - Filling up the DagBag from /opt/airflow/dags/src/db_to_schema.py
[2024-11-02T17:57:05.186+0000] {processor.py:927} WARNING - No viable dags retrieved from /opt/airflow/dags/src/db_to_schema.py
[2024-11-02T17:57:05.191+0000] {processor.py:208} INFO - Processing /opt/airflow/dags/src/db_to_schema.py took 0.061 seconds
[2024-11-02T17:57:35.581+0000] {processor.py:186} INFO - Started process (PID=417) to work on /opt/airflow/dags/src/db_to_schema.py
[2024-11-02T17:57:35.582+0000] {processor.py:914} INFO - Processing file /opt/airflow/dags/src/db_to_schema.py for tasks to queue
[2024-11-02T17:57:35.584+0000] {logging_mixin.py:190} INFO - [2024-11-02T17:57:35.583+0000] {dagbag.py:588} INFO - Filling up the DagBag from /opt/airflow/dags/src/db_to_schema.py
[2024-11-02T17:57:35.642+0000] {processor.py:927} WARNING - No viable dags retrieved from /opt/airflow/dags/src/db_to_schema.py
[2024-11-02T17:57:35.647+0000] {processor.py:208} INFO - Processing /opt/airflow/dags/src/db_to_schema.py took 0.069 seconds
[2024-11-02T17:58:06.036+0000] {processor.py:186} INFO - Started process (PID=427) to work on /opt/airflow/dags/src/db_to_schema.py
[2024-11-02T17:58:06.037+0000] {processor.py:914} INFO - Processing file /opt/airflow/dags/src/db_to_schema.py for tasks to queue
[2024-11-02T17:58:06.038+0000] {logging_mixin.py:190} INFO - [2024-11-02T17:58:06.038+0000] {dagbag.py:588} INFO - Filling up the DagBag from /opt/airflow/dags/src/db_to_schema.py
[2024-11-02T17:58:06.095+0000] {processor.py:927} WARNING - No viable dags retrieved from /opt/airflow/dags/src/db_to_schema.py
[2024-11-02T17:58:06.101+0000] {processor.py:208} INFO - Processing /opt/airflow/dags/src/db_to_schema.py took 0.067 seconds
[2024-11-02T17:58:36.560+0000] {processor.py:186} INFO - Started process (PID=437) to work on /opt/airflow/dags/src/db_to_schema.py
[2024-11-02T17:58:36.560+0000] {processor.py:914} INFO - Processing file /opt/airflow/dags/src/db_to_schema.py for tasks to queue
[2024-11-02T17:58:36.561+0000] {logging_mixin.py:190} INFO - [2024-11-02T17:58:36.561+0000] {dagbag.py:588} INFO - Filling up the DagBag from /opt/airflow/dags/src/db_to_schema.py
[2024-11-02T17:58:36.616+0000] {processor.py:927} WARNING - No viable dags retrieved from /opt/airflow/dags/src/db_to_schema.py
[2024-11-02T17:58:36.621+0000] {processor.py:208} INFO - Processing /opt/airflow/dags/src/db_to_schema.py took 0.064 seconds
[2024-11-02T17:59:07.080+0000] {processor.py:186} INFO - Started process (PID=447) to work on /opt/airflow/dags/src/db_to_schema.py
[2024-11-02T17:59:07.080+0000] {processor.py:914} INFO - Processing file /opt/airflow/dags/src/db_to_schema.py for tasks to queue
[2024-11-02T17:59:07.082+0000] {logging_mixin.py:190} INFO - [2024-11-02T17:59:07.082+0000] {dagbag.py:588} INFO - Filling up the DagBag from /opt/airflow/dags/src/db_to_schema.py
[2024-11-02T17:59:07.136+0000] {processor.py:927} WARNING - No viable dags retrieved from /opt/airflow/dags/src/db_to_schema.py
[2024-11-02T17:59:07.143+0000] {processor.py:208} INFO - Processing /opt/airflow/dags/src/db_to_schema.py took 0.065 seconds
[2024-11-02T17:59:37.543+0000] {processor.py:186} INFO - Started process (PID=457) to work on /opt/airflow/dags/src/db_to_schema.py
[2024-11-02T17:59:37.543+0000] {processor.py:914} INFO - Processing file /opt/airflow/dags/src/db_to_schema.py for tasks to queue
[2024-11-02T17:59:37.544+0000] {logging_mixin.py:190} INFO - [2024-11-02T17:59:37.544+0000] {dagbag.py:588} INFO - Filling up the DagBag from /opt/airflow/dags/src/db_to_schema.py
[2024-11-02T17:59:37.595+0000] {processor.py:927} WARNING - No viable dags retrieved from /opt/airflow/dags/src/db_to_schema.py
[2024-11-02T17:59:37.600+0000] {processor.py:208} INFO - Processing /opt/airflow/dags/src/db_to_schema.py took 0.060 seconds
[2024-11-02T18:00:08.023+0000] {processor.py:186} INFO - Started process (PID=467) to work on /opt/airflow/dags/src/db_to_schema.py
[2024-11-02T18:00:08.023+0000] {processor.py:914} INFO - Processing file /opt/airflow/dags/src/db_to_schema.py for tasks to queue
[2024-11-02T18:00:08.024+0000] {logging_mixin.py:190} INFO - [2024-11-02T18:00:08.024+0000] {dagbag.py:588} INFO - Filling up the DagBag from /opt/airflow/dags/src/db_to_schema.py
[2024-11-02T18:00:08.076+0000] {processor.py:927} WARNING - No viable dags retrieved from /opt/airflow/dags/src/db_to_schema.py
[2024-11-02T18:00:08.081+0000] {processor.py:208} INFO - Processing /opt/airflow/dags/src/db_to_schema.py took 0.061 seconds
[2024-11-02T18:00:38.520+0000] {processor.py:186} INFO - Started process (PID=477) to work on /opt/airflow/dags/src/db_to_schema.py
[2024-11-02T18:00:38.521+0000] {processor.py:914} INFO - Processing file /opt/airflow/dags/src/db_to_schema.py for tasks to queue
[2024-11-02T18:00:38.521+0000] {logging_mixin.py:190} INFO - [2024-11-02T18:00:38.521+0000] {dagbag.py:588} INFO - Filling up the DagBag from /opt/airflow/dags/src/db_to_schema.py
[2024-11-02T18:00:38.575+0000] {processor.py:927} WARNING - No viable dags retrieved from /opt/airflow/dags/src/db_to_schema.py
[2024-11-02T18:00:38.582+0000] {processor.py:208} INFO - Processing /opt/airflow/dags/src/db_to_schema.py took 0.064 seconds
[2024-11-02T18:01:08.989+0000] {processor.py:186} INFO - Started process (PID=487) to work on /opt/airflow/dags/src/db_to_schema.py
[2024-11-02T18:01:08.989+0000] {processor.py:914} INFO - Processing file /opt/airflow/dags/src/db_to_schema.py for tasks to queue
[2024-11-02T18:01:08.990+0000] {logging_mixin.py:190} INFO - [2024-11-02T18:01:08.990+0000] {dagbag.py:588} INFO - Filling up the DagBag from /opt/airflow/dags/src/db_to_schema.py
[2024-11-02T18:01:09.043+0000] {processor.py:927} WARNING - No viable dags retrieved from /opt/airflow/dags/src/db_to_schema.py
[2024-11-02T18:01:09.048+0000] {processor.py:208} INFO - Processing /opt/airflow/dags/src/db_to_schema.py took 0.061 seconds
[2024-11-02T18:01:39.473+0000] {processor.py:186} INFO - Started process (PID=497) to work on /opt/airflow/dags/src/db_to_schema.py
[2024-11-02T18:01:39.473+0000] {processor.py:914} INFO - Processing file /opt/airflow/dags/src/db_to_schema.py for tasks to queue
[2024-11-02T18:01:39.474+0000] {logging_mixin.py:190} INFO - [2024-11-02T18:01:39.474+0000] {dagbag.py:588} INFO - Filling up the DagBag from /opt/airflow/dags/src/db_to_schema.py
[2024-11-02T18:01:39.532+0000] {processor.py:927} WARNING - No viable dags retrieved from /opt/airflow/dags/src/db_to_schema.py
[2024-11-02T18:01:39.538+0000] {processor.py:208} INFO - Processing /opt/airflow/dags/src/db_to_schema.py took 0.068 seconds
[2024-11-02T18:02:09.921+0000] {processor.py:186} INFO - Started process (PID=507) to work on /opt/airflow/dags/src/db_to_schema.py
[2024-11-02T18:02:09.922+0000] {processor.py:914} INFO - Processing file /opt/airflow/dags/src/db_to_schema.py for tasks to queue
[2024-11-02T18:02:09.923+0000] {logging_mixin.py:190} INFO - [2024-11-02T18:02:09.923+0000] {dagbag.py:588} INFO - Filling up the DagBag from /opt/airflow/dags/src/db_to_schema.py
[2024-11-02T18:02:09.978+0000] {processor.py:927} WARNING - No viable dags retrieved from /opt/airflow/dags/src/db_to_schema.py
[2024-11-02T18:02:09.985+0000] {processor.py:208} INFO - Processing /opt/airflow/dags/src/db_to_schema.py took 0.067 seconds
[2024-11-02T18:02:40.402+0000] {processor.py:186} INFO - Started process (PID=517) to work on /opt/airflow/dags/src/db_to_schema.py
[2024-11-02T18:02:40.402+0000] {processor.py:914} INFO - Processing file /opt/airflow/dags/src/db_to_schema.py for tasks to queue
[2024-11-02T18:02:40.403+0000] {logging_mixin.py:190} INFO - [2024-11-02T18:02:40.403+0000] {dagbag.py:588} INFO - Filling up the DagBag from /opt/airflow/dags/src/db_to_schema.py
[2024-11-02T18:02:40.454+0000] {processor.py:927} WARNING - No viable dags retrieved from /opt/airflow/dags/src/db_to_schema.py
[2024-11-02T18:02:40.460+0000] {processor.py:208} INFO - Processing /opt/airflow/dags/src/db_to_schema.py took 0.060 seconds
[2024-11-02T18:03:10.891+0000] {processor.py:186} INFO - Started process (PID=527) to work on /opt/airflow/dags/src/db_to_schema.py
[2024-11-02T18:03:10.892+0000] {processor.py:914} INFO - Processing file /opt/airflow/dags/src/db_to_schema.py for tasks to queue
[2024-11-02T18:03:10.893+0000] {logging_mixin.py:190} INFO - [2024-11-02T18:03:10.893+0000] {dagbag.py:588} INFO - Filling up the DagBag from /opt/airflow/dags/src/db_to_schema.py
[2024-11-02T18:03:10.946+0000] {processor.py:927} WARNING - No viable dags retrieved from /opt/airflow/dags/src/db_to_schema.py
[2024-11-02T18:03:10.951+0000] {processor.py:208} INFO - Processing /opt/airflow/dags/src/db_to_schema.py took 0.063 seconds
[2024-11-02T18:03:41.353+0000] {processor.py:186} INFO - Started process (PID=537) to work on /opt/airflow/dags/src/db_to_schema.py
[2024-11-02T18:03:41.354+0000] {processor.py:914} INFO - Processing file /opt/airflow/dags/src/db_to_schema.py for tasks to queue
[2024-11-02T18:03:41.355+0000] {logging_mixin.py:190} INFO - [2024-11-02T18:03:41.355+0000] {dagbag.py:588} INFO - Filling up the DagBag from /opt/airflow/dags/src/db_to_schema.py
[2024-11-02T18:03:41.407+0000] {processor.py:927} WARNING - No viable dags retrieved from /opt/airflow/dags/src/db_to_schema.py
[2024-11-02T18:03:41.413+0000] {processor.py:208} INFO - Processing /opt/airflow/dags/src/db_to_schema.py took 0.062 seconds
[2024-11-02T18:04:11.843+0000] {processor.py:186} INFO - Started process (PID=547) to work on /opt/airflow/dags/src/db_to_schema.py
[2024-11-02T18:04:11.844+0000] {processor.py:914} INFO - Processing file /opt/airflow/dags/src/db_to_schema.py for tasks to queue
[2024-11-02T18:04:11.845+0000] {logging_mixin.py:190} INFO - [2024-11-02T18:04:11.845+0000] {dagbag.py:588} INFO - Filling up the DagBag from /opt/airflow/dags/src/db_to_schema.py
[2024-11-02T18:04:11.899+0000] {processor.py:927} WARNING - No viable dags retrieved from /opt/airflow/dags/src/db_to_schema.py
[2024-11-02T18:04:11.905+0000] {processor.py:208} INFO - Processing /opt/airflow/dags/src/db_to_schema.py took 0.064 seconds
[2024-11-02T18:04:42.274+0000] {processor.py:186} INFO - Started process (PID=557) to work on /opt/airflow/dags/src/db_to_schema.py
[2024-11-02T18:04:42.274+0000] {processor.py:914} INFO - Processing file /opt/airflow/dags/src/db_to_schema.py for tasks to queue
[2024-11-02T18:04:42.275+0000] {logging_mixin.py:190} INFO - [2024-11-02T18:04:42.275+0000] {dagbag.py:588} INFO - Filling up the DagBag from /opt/airflow/dags/src/db_to_schema.py
[2024-11-02T18:04:42.326+0000] {processor.py:927} WARNING - No viable dags retrieved from /opt/airflow/dags/src/db_to_schema.py
[2024-11-02T18:04:42.331+0000] {processor.py:208} INFO - Processing /opt/airflow/dags/src/db_to_schema.py took 0.059 seconds
[2024-11-02T23:58:17.954+0000] {processor.py:186} INFO - Started process (PID=43) to work on /opt/airflow/dags/src/db_to_schema.py
[2024-11-02T23:58:17.955+0000] {processor.py:914} INFO - Processing file /opt/airflow/dags/src/db_to_schema.py for tasks to queue
[2024-11-02T23:58:17.956+0000] {logging_mixin.py:190} INFO - [2024-11-02T23:58:17.956+0000] {dagbag.py:588} INFO - Filling up the DagBag from /opt/airflow/dags/src/db_to_schema.py
[2024-11-02T23:58:18.159+0000] {processor.py:927} WARNING - No viable dags retrieved from /opt/airflow/dags/src/db_to_schema.py
[2024-11-02T23:58:18.166+0000] {processor.py:208} INFO - Processing /opt/airflow/dags/src/db_to_schema.py took 0.215 seconds
[2024-11-02T23:58:48.690+0000] {processor.py:186} INFO - Started process (PID=53) to work on /opt/airflow/dags/src/db_to_schema.py
[2024-11-02T23:58:48.691+0000] {processor.py:914} INFO - Processing file /opt/airflow/dags/src/db_to_schema.py for tasks to queue
[2024-11-02T23:58:48.692+0000] {logging_mixin.py:190} INFO - [2024-11-02T23:58:48.692+0000] {dagbag.py:588} INFO - Filling up the DagBag from /opt/airflow/dags/src/db_to_schema.py
[2024-11-02T23:58:48.817+0000] {processor.py:927} WARNING - No viable dags retrieved from /opt/airflow/dags/src/db_to_schema.py
[2024-11-02T23:58:48.822+0000] {processor.py:208} INFO - Processing /opt/airflow/dags/src/db_to_schema.py took 0.133 seconds
[2024-11-02T23:59:19.271+0000] {processor.py:186} INFO - Started process (PID=63) to work on /opt/airflow/dags/src/db_to_schema.py
[2024-11-02T23:59:19.271+0000] {processor.py:914} INFO - Processing file /opt/airflow/dags/src/db_to_schema.py for tasks to queue
[2024-11-02T23:59:19.272+0000] {logging_mixin.py:190} INFO - [2024-11-02T23:59:19.272+0000] {dagbag.py:588} INFO - Filling up the DagBag from /opt/airflow/dags/src/db_to_schema.py
[2024-11-02T23:59:19.396+0000] {processor.py:927} WARNING - No viable dags retrieved from /opt/airflow/dags/src/db_to_schema.py
[2024-11-02T23:59:19.400+0000] {processor.py:208} INFO - Processing /opt/airflow/dags/src/db_to_schema.py took 0.132 seconds
[2024-11-02T23:59:49.884+0000] {processor.py:186} INFO - Started process (PID=73) to work on /opt/airflow/dags/src/db_to_schema.py
[2024-11-02T23:59:49.884+0000] {processor.py:914} INFO - Processing file /opt/airflow/dags/src/db_to_schema.py for tasks to queue
[2024-11-02T23:59:49.885+0000] {logging_mixin.py:190} INFO - [2024-11-02T23:59:49.885+0000] {dagbag.py:588} INFO - Filling up the DagBag from /opt/airflow/dags/src/db_to_schema.py
[2024-11-02T23:59:50.029+0000] {processor.py:927} WARNING - No viable dags retrieved from /opt/airflow/dags/src/db_to_schema.py
[2024-11-02T23:59:50.035+0000] {processor.py:208} INFO - Processing /opt/airflow/dags/src/db_to_schema.py took 0.153 seconds
