[2024-10-30T19:45:59.768+0000] {processor.py:186} INFO - Started process (PID=40) to work on /opt/airflow/dags/src/db_to_schema.py
[2024-10-30T19:45:59.769+0000] {processor.py:914} INFO - Processing file /opt/airflow/dags/src/db_to_schema.py for tasks to queue
[2024-10-30T19:45:59.771+0000] {logging_mixin.py:190} INFO - [2024-10-30T19:45:59.770+0000] {dagbag.py:588} INFO - Filling up the DagBag from /opt/airflow/dags/src/db_to_schema.py
[2024-10-30T19:46:00.057+0000] {processor.py:927} WARNING - No viable dags retrieved from /opt/airflow/dags/src/db_to_schema.py
[2024-10-30T19:46:00.067+0000] {processor.py:208} INFO - Processing /opt/airflow/dags/src/db_to_schema.py took 0.304 seconds
[2024-10-30T19:46:30.098+0000] {processor.py:186} INFO - Started process (PID=49) to work on /opt/airflow/dags/src/db_to_schema.py
[2024-10-30T19:46:30.098+0000] {processor.py:914} INFO - Processing file /opt/airflow/dags/src/db_to_schema.py for tasks to queue
[2024-10-30T19:46:30.099+0000] {logging_mixin.py:190} INFO - [2024-10-30T19:46:30.099+0000] {dagbag.py:588} INFO - Filling up the DagBag from /opt/airflow/dags/src/db_to_schema.py
[2024-10-30T19:46:30.213+0000] {processor.py:927} WARNING - No viable dags retrieved from /opt/airflow/dags/src/db_to_schema.py
[2024-10-30T19:46:30.217+0000] {processor.py:208} INFO - Processing /opt/airflow/dags/src/db_to_schema.py took 0.121 seconds
[2024-10-30T19:47:00.488+0000] {processor.py:186} INFO - Started process (PID=66) to work on /opt/airflow/dags/src/db_to_schema.py
[2024-10-30T19:47:00.489+0000] {processor.py:914} INFO - Processing file /opt/airflow/dags/src/db_to_schema.py for tasks to queue
[2024-10-30T19:47:00.492+0000] {logging_mixin.py:190} INFO - [2024-10-30T19:47:00.491+0000] {dagbag.py:588} INFO - Filling up the DagBag from /opt/airflow/dags/src/db_to_schema.py
[2024-10-30T19:47:00.699+0000] {processor.py:927} WARNING - No viable dags retrieved from /opt/airflow/dags/src/db_to_schema.py
[2024-10-30T19:47:00.704+0000] {processor.py:208} INFO - Processing /opt/airflow/dags/src/db_to_schema.py took 0.221 seconds
[2024-10-30T19:47:30.829+0000] {processor.py:186} INFO - Started process (PID=76) to work on /opt/airflow/dags/src/db_to_schema.py
[2024-10-30T19:47:30.831+0000] {processor.py:914} INFO - Processing file /opt/airflow/dags/src/db_to_schema.py for tasks to queue
[2024-10-30T19:47:30.837+0000] {logging_mixin.py:190} INFO - [2024-10-30T19:47:30.836+0000] {dagbag.py:588} INFO - Filling up the DagBag from /opt/airflow/dags/src/db_to_schema.py
[2024-10-30T19:47:31.062+0000] {processor.py:927} WARNING - No viable dags retrieved from /opt/airflow/dags/src/db_to_schema.py
[2024-10-30T19:47:31.067+0000] {processor.py:208} INFO - Processing /opt/airflow/dags/src/db_to_schema.py took 0.243 seconds
[2024-10-30T19:48:01.257+0000] {processor.py:186} INFO - Started process (PID=85) to work on /opt/airflow/dags/src/db_to_schema.py
[2024-10-30T19:48:01.260+0000] {processor.py:914} INFO - Processing file /opt/airflow/dags/src/db_to_schema.py for tasks to queue
[2024-10-30T19:48:01.263+0000] {logging_mixin.py:190} INFO - [2024-10-30T19:48:01.263+0000] {dagbag.py:588} INFO - Filling up the DagBag from /opt/airflow/dags/src/db_to_schema.py
[2024-10-30T19:48:01.560+0000] {processor.py:927} WARNING - No viable dags retrieved from /opt/airflow/dags/src/db_to_schema.py
[2024-10-30T19:48:01.565+0000] {processor.py:208} INFO - Processing /opt/airflow/dags/src/db_to_schema.py took 0.316 seconds
[2024-10-30T19:48:31.724+0000] {processor.py:186} INFO - Started process (PID=95) to work on /opt/airflow/dags/src/db_to_schema.py
[2024-10-30T19:48:31.726+0000] {processor.py:914} INFO - Processing file /opt/airflow/dags/src/db_to_schema.py for tasks to queue
[2024-10-30T19:48:31.731+0000] {logging_mixin.py:190} INFO - [2024-10-30T19:48:31.730+0000] {dagbag.py:588} INFO - Filling up the DagBag from /opt/airflow/dags/src/db_to_schema.py
[2024-10-30T19:48:32.009+0000] {processor.py:927} WARNING - No viable dags retrieved from /opt/airflow/dags/src/db_to_schema.py
[2024-10-30T19:48:32.015+0000] {processor.py:208} INFO - Processing /opt/airflow/dags/src/db_to_schema.py took 0.300 seconds
[2024-10-30T19:49:02.124+0000] {processor.py:186} INFO - Started process (PID=105) to work on /opt/airflow/dags/src/db_to_schema.py
[2024-10-30T19:49:02.126+0000] {processor.py:914} INFO - Processing file /opt/airflow/dags/src/db_to_schema.py for tasks to queue
[2024-10-30T19:49:02.128+0000] {logging_mixin.py:190} INFO - [2024-10-30T19:49:02.128+0000] {dagbag.py:588} INFO - Filling up the DagBag from /opt/airflow/dags/src/db_to_schema.py
[2024-10-30T19:49:02.371+0000] {processor.py:927} WARNING - No viable dags retrieved from /opt/airflow/dags/src/db_to_schema.py
[2024-10-30T19:49:02.376+0000] {processor.py:208} INFO - Processing /opt/airflow/dags/src/db_to_schema.py took 0.261 seconds
[2024-10-30T19:49:32.424+0000] {processor.py:186} INFO - Started process (PID=114) to work on /opt/airflow/dags/src/db_to_schema.py
[2024-10-30T19:49:32.425+0000] {processor.py:914} INFO - Processing file /opt/airflow/dags/src/db_to_schema.py for tasks to queue
[2024-10-30T19:49:32.429+0000] {logging_mixin.py:190} INFO - [2024-10-30T19:49:32.428+0000] {dagbag.py:588} INFO - Filling up the DagBag from /opt/airflow/dags/src/db_to_schema.py
[2024-10-30T19:49:32.730+0000] {processor.py:927} WARNING - No viable dags retrieved from /opt/airflow/dags/src/db_to_schema.py
[2024-10-30T19:49:32.737+0000] {processor.py:208} INFO - Processing /opt/airflow/dags/src/db_to_schema.py took 0.323 seconds
[2024-10-30T19:50:02.986+0000] {processor.py:186} INFO - Started process (PID=129) to work on /opt/airflow/dags/src/db_to_schema.py
[2024-10-30T19:50:02.988+0000] {processor.py:914} INFO - Processing file /opt/airflow/dags/src/db_to_schema.py for tasks to queue
[2024-10-30T19:50:02.991+0000] {logging_mixin.py:190} INFO - [2024-10-30T19:50:02.991+0000] {dagbag.py:588} INFO - Filling up the DagBag from /opt/airflow/dags/src/db_to_schema.py
[2024-10-30T19:50:03.268+0000] {processor.py:927} WARNING - No viable dags retrieved from /opt/airflow/dags/src/db_to_schema.py
[2024-10-30T19:50:03.273+0000] {processor.py:208} INFO - Processing /opt/airflow/dags/src/db_to_schema.py took 0.296 seconds
[2024-10-30T19:50:33.614+0000] {processor.py:186} INFO - Started process (PID=139) to work on /opt/airflow/dags/src/db_to_schema.py
[2024-10-30T19:50:33.615+0000] {processor.py:914} INFO - Processing file /opt/airflow/dags/src/db_to_schema.py for tasks to queue
[2024-10-30T19:50:33.617+0000] {logging_mixin.py:190} INFO - [2024-10-30T19:50:33.617+0000] {dagbag.py:588} INFO - Filling up the DagBag from /opt/airflow/dags/src/db_to_schema.py
[2024-10-30T19:50:33.774+0000] {processor.py:927} WARNING - No viable dags retrieved from /opt/airflow/dags/src/db_to_schema.py
[2024-10-30T19:50:33.778+0000] {processor.py:208} INFO - Processing /opt/airflow/dags/src/db_to_schema.py took 0.171 seconds
[2024-10-30T19:51:04.053+0000] {processor.py:186} INFO - Started process (PID=149) to work on /opt/airflow/dags/src/db_to_schema.py
[2024-10-30T19:51:04.054+0000] {processor.py:914} INFO - Processing file /opt/airflow/dags/src/db_to_schema.py for tasks to queue
[2024-10-30T19:51:04.057+0000] {logging_mixin.py:190} INFO - [2024-10-30T19:51:04.057+0000] {dagbag.py:588} INFO - Filling up the DagBag from /opt/airflow/dags/src/db_to_schema.py
[2024-10-30T19:51:04.130+0000] {processor.py:927} WARNING - No viable dags retrieved from /opt/airflow/dags/src/db_to_schema.py
[2024-10-30T19:51:04.136+0000] {processor.py:208} INFO - Processing /opt/airflow/dags/src/db_to_schema.py took 0.091 seconds
[2024-10-30T19:51:34.227+0000] {processor.py:186} INFO - Started process (PID=159) to work on /opt/airflow/dags/src/db_to_schema.py
[2024-10-30T19:51:34.229+0000] {processor.py:914} INFO - Processing file /opt/airflow/dags/src/db_to_schema.py for tasks to queue
[2024-10-30T19:51:34.232+0000] {logging_mixin.py:190} INFO - [2024-10-30T19:51:34.232+0000] {dagbag.py:588} INFO - Filling up the DagBag from /opt/airflow/dags/src/db_to_schema.py
[2024-10-30T19:51:34.362+0000] {processor.py:927} WARNING - No viable dags retrieved from /opt/airflow/dags/src/db_to_schema.py
[2024-10-30T19:51:34.376+0000] {processor.py:208} INFO - Processing /opt/airflow/dags/src/db_to_schema.py took 0.155 seconds
[2024-10-30T19:52:04.499+0000] {processor.py:186} INFO - Started process (PID=169) to work on /opt/airflow/dags/src/db_to_schema.py
[2024-10-30T19:52:04.501+0000] {processor.py:914} INFO - Processing file /opt/airflow/dags/src/db_to_schema.py for tasks to queue
[2024-10-30T19:52:04.504+0000] {logging_mixin.py:190} INFO - [2024-10-30T19:52:04.503+0000] {dagbag.py:588} INFO - Filling up the DagBag from /opt/airflow/dags/src/db_to_schema.py
[2024-10-30T19:52:04.635+0000] {processor.py:927} WARNING - No viable dags retrieved from /opt/airflow/dags/src/db_to_schema.py
[2024-10-30T19:52:04.650+0000] {processor.py:208} INFO - Processing /opt/airflow/dags/src/db_to_schema.py took 0.157 seconds
[2024-10-30T19:52:34.788+0000] {processor.py:186} INFO - Started process (PID=179) to work on /opt/airflow/dags/src/db_to_schema.py
[2024-10-30T19:52:34.789+0000] {processor.py:914} INFO - Processing file /opt/airflow/dags/src/db_to_schema.py for tasks to queue
[2024-10-30T19:52:34.793+0000] {logging_mixin.py:190} INFO - [2024-10-30T19:52:34.793+0000] {dagbag.py:588} INFO - Filling up the DagBag from /opt/airflow/dags/src/db_to_schema.py
[2024-10-30T19:52:34.956+0000] {processor.py:927} WARNING - No viable dags retrieved from /opt/airflow/dags/src/db_to_schema.py
[2024-10-30T19:52:34.969+0000] {processor.py:208} INFO - Processing /opt/airflow/dags/src/db_to_schema.py took 0.191 seconds
[2024-10-30T19:53:05.115+0000] {processor.py:186} INFO - Started process (PID=189) to work on /opt/airflow/dags/src/db_to_schema.py
[2024-10-30T19:53:05.116+0000] {processor.py:914} INFO - Processing file /opt/airflow/dags/src/db_to_schema.py for tasks to queue
[2024-10-30T19:53:05.118+0000] {logging_mixin.py:190} INFO - [2024-10-30T19:53:05.118+0000] {dagbag.py:588} INFO - Filling up the DagBag from /opt/airflow/dags/src/db_to_schema.py
[2024-10-30T19:53:05.193+0000] {processor.py:927} WARNING - No viable dags retrieved from /opt/airflow/dags/src/db_to_schema.py
[2024-10-30T19:53:05.199+0000] {processor.py:208} INFO - Processing /opt/airflow/dags/src/db_to_schema.py took 0.090 seconds
[2024-10-30T19:53:35.537+0000] {processor.py:186} INFO - Started process (PID=199) to work on /opt/airflow/dags/src/db_to_schema.py
[2024-10-30T19:53:35.538+0000] {processor.py:914} INFO - Processing file /opt/airflow/dags/src/db_to_schema.py for tasks to queue
[2024-10-30T19:53:35.540+0000] {logging_mixin.py:190} INFO - [2024-10-30T19:53:35.539+0000] {dagbag.py:588} INFO - Filling up the DagBag from /opt/airflow/dags/src/db_to_schema.py
[2024-10-30T19:53:35.612+0000] {processor.py:927} WARNING - No viable dags retrieved from /opt/airflow/dags/src/db_to_schema.py
[2024-10-30T19:53:35.621+0000] {processor.py:208} INFO - Processing /opt/airflow/dags/src/db_to_schema.py took 0.091 seconds
[2024-10-30T19:54:05.959+0000] {processor.py:186} INFO - Started process (PID=209) to work on /opt/airflow/dags/src/db_to_schema.py
[2024-10-30T19:54:05.961+0000] {processor.py:914} INFO - Processing file /opt/airflow/dags/src/db_to_schema.py for tasks to queue
[2024-10-30T19:54:05.967+0000] {logging_mixin.py:190} INFO - [2024-10-30T19:54:05.966+0000] {dagbag.py:588} INFO - Filling up the DagBag from /opt/airflow/dags/src/db_to_schema.py
[2024-10-30T19:54:06.091+0000] {processor.py:927} WARNING - No viable dags retrieved from /opt/airflow/dags/src/db_to_schema.py
[2024-10-30T19:54:06.100+0000] {processor.py:208} INFO - Processing /opt/airflow/dags/src/db_to_schema.py took 0.150 seconds
[2024-10-30T19:54:36.191+0000] {processor.py:186} INFO - Started process (PID=219) to work on /opt/airflow/dags/src/db_to_schema.py
[2024-10-30T19:54:36.192+0000] {processor.py:914} INFO - Processing file /opt/airflow/dags/src/db_to_schema.py for tasks to queue
[2024-10-30T19:54:36.194+0000] {logging_mixin.py:190} INFO - [2024-10-30T19:54:36.194+0000] {dagbag.py:588} INFO - Filling up the DagBag from /opt/airflow/dags/src/db_to_schema.py
[2024-10-30T19:54:36.269+0000] {processor.py:927} WARNING - No viable dags retrieved from /opt/airflow/dags/src/db_to_schema.py
[2024-10-30T19:54:36.274+0000] {processor.py:208} INFO - Processing /opt/airflow/dags/src/db_to_schema.py took 0.089 seconds
[2024-10-30T19:55:06.534+0000] {processor.py:186} INFO - Started process (PID=229) to work on /opt/airflow/dags/src/db_to_schema.py
[2024-10-30T19:55:06.535+0000] {processor.py:914} INFO - Processing file /opt/airflow/dags/src/db_to_schema.py for tasks to queue
[2024-10-30T19:55:06.538+0000] {logging_mixin.py:190} INFO - [2024-10-30T19:55:06.537+0000] {dagbag.py:588} INFO - Filling up the DagBag from /opt/airflow/dags/src/db_to_schema.py
[2024-10-30T19:55:06.625+0000] {processor.py:927} WARNING - No viable dags retrieved from /opt/airflow/dags/src/db_to_schema.py
[2024-10-30T19:55:06.631+0000] {processor.py:208} INFO - Processing /opt/airflow/dags/src/db_to_schema.py took 0.102 seconds
[2024-10-30T19:55:36.897+0000] {processor.py:186} INFO - Started process (PID=239) to work on /opt/airflow/dags/src/db_to_schema.py
[2024-10-30T19:55:36.898+0000] {processor.py:914} INFO - Processing file /opt/airflow/dags/src/db_to_schema.py for tasks to queue
[2024-10-30T19:55:36.899+0000] {logging_mixin.py:190} INFO - [2024-10-30T19:55:36.899+0000] {dagbag.py:588} INFO - Filling up the DagBag from /opt/airflow/dags/src/db_to_schema.py
[2024-10-30T19:55:36.972+0000] {processor.py:927} WARNING - No viable dags retrieved from /opt/airflow/dags/src/db_to_schema.py
[2024-10-30T19:55:36.978+0000] {processor.py:208} INFO - Processing /opt/airflow/dags/src/db_to_schema.py took 0.086 seconds
[2024-10-30T19:56:07.230+0000] {processor.py:186} INFO - Started process (PID=249) to work on /opt/airflow/dags/src/db_to_schema.py
[2024-10-30T19:56:07.231+0000] {processor.py:914} INFO - Processing file /opt/airflow/dags/src/db_to_schema.py for tasks to queue
[2024-10-30T19:56:07.234+0000] {logging_mixin.py:190} INFO - [2024-10-30T19:56:07.234+0000] {dagbag.py:588} INFO - Filling up the DagBag from /opt/airflow/dags/src/db_to_schema.py
[2024-10-30T19:56:07.320+0000] {processor.py:927} WARNING - No viable dags retrieved from /opt/airflow/dags/src/db_to_schema.py
[2024-10-30T19:56:07.327+0000] {processor.py:208} INFO - Processing /opt/airflow/dags/src/db_to_schema.py took 0.104 seconds
[2024-10-30T19:56:37.580+0000] {processor.py:186} INFO - Started process (PID=259) to work on /opt/airflow/dags/src/db_to_schema.py
[2024-10-30T19:56:37.582+0000] {processor.py:914} INFO - Processing file /opt/airflow/dags/src/db_to_schema.py for tasks to queue
[2024-10-30T19:56:37.596+0000] {logging_mixin.py:190} INFO - [2024-10-30T19:56:37.595+0000] {dagbag.py:588} INFO - Filling up the DagBag from /opt/airflow/dags/src/db_to_schema.py
[2024-10-30T19:56:37.719+0000] {processor.py:927} WARNING - No viable dags retrieved from /opt/airflow/dags/src/db_to_schema.py
[2024-10-30T19:56:37.727+0000] {processor.py:208} INFO - Processing /opt/airflow/dags/src/db_to_schema.py took 0.155 seconds
[2024-10-30T19:57:07.849+0000] {processor.py:186} INFO - Started process (PID=269) to work on /opt/airflow/dags/src/db_to_schema.py
[2024-10-30T19:57:07.850+0000] {processor.py:914} INFO - Processing file /opt/airflow/dags/src/db_to_schema.py for tasks to queue
[2024-10-30T19:57:07.853+0000] {logging_mixin.py:190} INFO - [2024-10-30T19:57:07.852+0000] {dagbag.py:588} INFO - Filling up the DagBag from /opt/airflow/dags/src/db_to_schema.py
[2024-10-30T19:57:07.936+0000] {processor.py:927} WARNING - No viable dags retrieved from /opt/airflow/dags/src/db_to_schema.py
[2024-10-30T19:57:07.943+0000] {processor.py:208} INFO - Processing /opt/airflow/dags/src/db_to_schema.py took 0.101 seconds
[2024-10-30T19:57:38.165+0000] {processor.py:186} INFO - Started process (PID=279) to work on /opt/airflow/dags/src/db_to_schema.py
[2024-10-30T19:57:38.166+0000] {processor.py:914} INFO - Processing file /opt/airflow/dags/src/db_to_schema.py for tasks to queue
[2024-10-30T19:57:38.169+0000] {logging_mixin.py:190} INFO - [2024-10-30T19:57:38.168+0000] {dagbag.py:588} INFO - Filling up the DagBag from /opt/airflow/dags/src/db_to_schema.py
[2024-10-30T19:57:38.279+0000] {processor.py:927} WARNING - No viable dags retrieved from /opt/airflow/dags/src/db_to_schema.py
[2024-10-30T19:57:38.288+0000] {processor.py:208} INFO - Processing /opt/airflow/dags/src/db_to_schema.py took 0.129 seconds
[2024-10-30T19:58:08.623+0000] {processor.py:186} INFO - Started process (PID=289) to work on /opt/airflow/dags/src/db_to_schema.py
[2024-10-30T19:58:08.624+0000] {processor.py:914} INFO - Processing file /opt/airflow/dags/src/db_to_schema.py for tasks to queue
[2024-10-30T19:58:08.626+0000] {logging_mixin.py:190} INFO - [2024-10-30T19:58:08.625+0000] {dagbag.py:588} INFO - Filling up the DagBag from /opt/airflow/dags/src/db_to_schema.py
[2024-10-30T19:58:08.706+0000] {processor.py:927} WARNING - No viable dags retrieved from /opt/airflow/dags/src/db_to_schema.py
[2024-10-30T19:58:08.713+0000] {processor.py:208} INFO - Processing /opt/airflow/dags/src/db_to_schema.py took 0.096 seconds
[2024-10-30T19:58:39.001+0000] {processor.py:186} INFO - Started process (PID=299) to work on /opt/airflow/dags/src/db_to_schema.py
[2024-10-30T19:58:39.002+0000] {processor.py:914} INFO - Processing file /opt/airflow/dags/src/db_to_schema.py for tasks to queue
[2024-10-30T19:58:39.004+0000] {logging_mixin.py:190} INFO - [2024-10-30T19:58:39.004+0000] {dagbag.py:588} INFO - Filling up the DagBag from /opt/airflow/dags/src/db_to_schema.py
[2024-10-30T19:58:39.081+0000] {processor.py:927} WARNING - No viable dags retrieved from /opt/airflow/dags/src/db_to_schema.py
[2024-10-30T19:58:39.087+0000] {processor.py:208} INFO - Processing /opt/airflow/dags/src/db_to_schema.py took 0.092 seconds
[2024-10-30T19:59:09.130+0000] {processor.py:186} INFO - Started process (PID=309) to work on /opt/airflow/dags/src/db_to_schema.py
[2024-10-30T19:59:09.132+0000] {processor.py:914} INFO - Processing file /opt/airflow/dags/src/db_to_schema.py for tasks to queue
[2024-10-30T19:59:09.135+0000] {logging_mixin.py:190} INFO - [2024-10-30T19:59:09.134+0000] {dagbag.py:588} INFO - Filling up the DagBag from /opt/airflow/dags/src/db_to_schema.py
[2024-10-30T19:59:09.211+0000] {processor.py:927} WARNING - No viable dags retrieved from /opt/airflow/dags/src/db_to_schema.py
[2024-10-30T19:59:09.219+0000] {processor.py:208} INFO - Processing /opt/airflow/dags/src/db_to_schema.py took 0.096 seconds
[2024-10-30T19:59:39.509+0000] {processor.py:186} INFO - Started process (PID=319) to work on /opt/airflow/dags/src/db_to_schema.py
[2024-10-30T19:59:39.511+0000] {processor.py:914} INFO - Processing file /opt/airflow/dags/src/db_to_schema.py for tasks to queue
[2024-10-30T19:59:39.514+0000] {logging_mixin.py:190} INFO - [2024-10-30T19:59:39.514+0000] {dagbag.py:588} INFO - Filling up the DagBag from /opt/airflow/dags/src/db_to_schema.py
[2024-10-30T19:59:39.602+0000] {processor.py:927} WARNING - No viable dags retrieved from /opt/airflow/dags/src/db_to_schema.py
[2024-10-30T19:59:39.608+0000] {processor.py:208} INFO - Processing /opt/airflow/dags/src/db_to_schema.py took 0.106 seconds
[2024-10-30T20:00:09.925+0000] {processor.py:186} INFO - Started process (PID=329) to work on /opt/airflow/dags/src/db_to_schema.py
[2024-10-30T20:00:09.926+0000] {processor.py:914} INFO - Processing file /opt/airflow/dags/src/db_to_schema.py for tasks to queue
[2024-10-30T20:00:09.930+0000] {logging_mixin.py:190} INFO - [2024-10-30T20:00:09.929+0000] {dagbag.py:588} INFO - Filling up the DagBag from /opt/airflow/dags/src/db_to_schema.py
[2024-10-30T20:00:10.045+0000] {processor.py:927} WARNING - No viable dags retrieved from /opt/airflow/dags/src/db_to_schema.py
[2024-10-30T20:00:10.055+0000] {processor.py:208} INFO - Processing /opt/airflow/dags/src/db_to_schema.py took 0.139 seconds
[2024-10-30T20:00:40.408+0000] {processor.py:186} INFO - Started process (PID=339) to work on /opt/airflow/dags/src/db_to_schema.py
[2024-10-30T20:00:40.410+0000] {processor.py:914} INFO - Processing file /opt/airflow/dags/src/db_to_schema.py for tasks to queue
[2024-10-30T20:00:40.414+0000] {logging_mixin.py:190} INFO - [2024-10-30T20:00:40.414+0000] {dagbag.py:588} INFO - Filling up the DagBag from /opt/airflow/dags/src/db_to_schema.py
[2024-10-30T20:00:40.505+0000] {processor.py:927} WARNING - No viable dags retrieved from /opt/airflow/dags/src/db_to_schema.py
[2024-10-30T20:00:40.511+0000] {processor.py:208} INFO - Processing /opt/airflow/dags/src/db_to_schema.py took 0.113 seconds
[2024-10-30T20:01:10.769+0000] {processor.py:186} INFO - Started process (PID=349) to work on /opt/airflow/dags/src/db_to_schema.py
[2024-10-30T20:01:10.770+0000] {processor.py:914} INFO - Processing file /opt/airflow/dags/src/db_to_schema.py for tasks to queue
[2024-10-30T20:01:10.772+0000] {logging_mixin.py:190} INFO - [2024-10-30T20:01:10.771+0000] {dagbag.py:588} INFO - Filling up the DagBag from /opt/airflow/dags/src/db_to_schema.py
[2024-10-30T20:01:10.846+0000] {processor.py:927} WARNING - No viable dags retrieved from /opt/airflow/dags/src/db_to_schema.py
[2024-10-30T20:01:10.854+0000] {processor.py:208} INFO - Processing /opt/airflow/dags/src/db_to_schema.py took 0.090 seconds
[2024-10-30T20:01:41.114+0000] {processor.py:186} INFO - Started process (PID=359) to work on /opt/airflow/dags/src/db_to_schema.py
[2024-10-30T20:01:41.115+0000] {processor.py:914} INFO - Processing file /opt/airflow/dags/src/db_to_schema.py for tasks to queue
[2024-10-30T20:01:41.117+0000] {logging_mixin.py:190} INFO - [2024-10-30T20:01:41.117+0000] {dagbag.py:588} INFO - Filling up the DagBag from /opt/airflow/dags/src/db_to_schema.py
[2024-10-30T20:01:41.185+0000] {processor.py:927} WARNING - No viable dags retrieved from /opt/airflow/dags/src/db_to_schema.py
[2024-10-30T20:01:41.193+0000] {processor.py:208} INFO - Processing /opt/airflow/dags/src/db_to_schema.py took 0.084 seconds
[2024-10-30T20:02:11.518+0000] {processor.py:186} INFO - Started process (PID=369) to work on /opt/airflow/dags/src/db_to_schema.py
[2024-10-30T20:02:11.520+0000] {processor.py:914} INFO - Processing file /opt/airflow/dags/src/db_to_schema.py for tasks to queue
[2024-10-30T20:02:11.524+0000] {logging_mixin.py:190} INFO - [2024-10-30T20:02:11.523+0000] {dagbag.py:588} INFO - Filling up the DagBag from /opt/airflow/dags/src/db_to_schema.py
[2024-10-30T20:02:11.621+0000] {processor.py:927} WARNING - No viable dags retrieved from /opt/airflow/dags/src/db_to_schema.py
[2024-10-30T20:02:11.631+0000] {processor.py:208} INFO - Processing /opt/airflow/dags/src/db_to_schema.py took 0.122 seconds
[2024-10-30T20:02:41.944+0000] {processor.py:186} INFO - Started process (PID=379) to work on /opt/airflow/dags/src/db_to_schema.py
[2024-10-30T20:02:41.945+0000] {processor.py:914} INFO - Processing file /opt/airflow/dags/src/db_to_schema.py for tasks to queue
[2024-10-30T20:02:41.947+0000] {logging_mixin.py:190} INFO - [2024-10-30T20:02:41.947+0000] {dagbag.py:588} INFO - Filling up the DagBag from /opt/airflow/dags/src/db_to_schema.py
[2024-10-30T20:02:42.026+0000] {processor.py:927} WARNING - No viable dags retrieved from /opt/airflow/dags/src/db_to_schema.py
[2024-10-30T20:02:42.037+0000] {processor.py:208} INFO - Processing /opt/airflow/dags/src/db_to_schema.py took 0.101 seconds
[2024-10-30T20:03:12.291+0000] {processor.py:186} INFO - Started process (PID=389) to work on /opt/airflow/dags/src/db_to_schema.py
[2024-10-30T20:03:12.291+0000] {processor.py:914} INFO - Processing file /opt/airflow/dags/src/db_to_schema.py for tasks to queue
[2024-10-30T20:03:12.294+0000] {logging_mixin.py:190} INFO - [2024-10-30T20:03:12.293+0000] {dagbag.py:588} INFO - Filling up the DagBag from /opt/airflow/dags/src/db_to_schema.py
[2024-10-30T20:03:12.371+0000] {processor.py:927} WARNING - No viable dags retrieved from /opt/airflow/dags/src/db_to_schema.py
[2024-10-30T20:03:12.378+0000] {processor.py:208} INFO - Processing /opt/airflow/dags/src/db_to_schema.py took 0.095 seconds
[2024-10-30T20:03:42.708+0000] {processor.py:186} INFO - Started process (PID=399) to work on /opt/airflow/dags/src/db_to_schema.py
[2024-10-30T20:03:42.709+0000] {processor.py:914} INFO - Processing file /opt/airflow/dags/src/db_to_schema.py for tasks to queue
[2024-10-30T20:03:42.711+0000] {logging_mixin.py:190} INFO - [2024-10-30T20:03:42.711+0000] {dagbag.py:588} INFO - Filling up the DagBag from /opt/airflow/dags/src/db_to_schema.py
[2024-10-30T20:03:42.776+0000] {processor.py:927} WARNING - No viable dags retrieved from /opt/airflow/dags/src/db_to_schema.py
[2024-10-30T20:03:42.781+0000] {processor.py:208} INFO - Processing /opt/airflow/dags/src/db_to_schema.py took 0.080 seconds
[2024-10-30T20:04:37.167+0000] {processor.py:186} INFO - Started process (PID=42) to work on /opt/airflow/dags/src/db_to_schema.py
[2024-10-30T20:04:37.168+0000] {processor.py:914} INFO - Processing file /opt/airflow/dags/src/db_to_schema.py for tasks to queue
[2024-10-30T20:04:37.170+0000] {logging_mixin.py:190} INFO - [2024-10-30T20:04:37.170+0000] {dagbag.py:588} INFO - Filling up the DagBag from /opt/airflow/dags/src/db_to_schema.py
[2024-10-30T20:04:37.557+0000] {processor.py:927} WARNING - No viable dags retrieved from /opt/airflow/dags/src/db_to_schema.py
[2024-10-30T20:04:37.569+0000] {processor.py:208} INFO - Processing /opt/airflow/dags/src/db_to_schema.py took 0.408 seconds
[2024-10-30T20:05:07.824+0000] {processor.py:186} INFO - Started process (PID=58) to work on /opt/airflow/dags/src/db_to_schema.py
[2024-10-30T20:05:07.825+0000] {processor.py:914} INFO - Processing file /opt/airflow/dags/src/db_to_schema.py for tasks to queue
[2024-10-30T20:05:07.829+0000] {logging_mixin.py:190} INFO - [2024-10-30T20:05:07.828+0000] {dagbag.py:588} INFO - Filling up the DagBag from /opt/airflow/dags/src/db_to_schema.py
[2024-10-30T20:05:08.099+0000] {processor.py:927} WARNING - No viable dags retrieved from /opt/airflow/dags/src/db_to_schema.py
[2024-10-30T20:05:08.106+0000] {processor.py:208} INFO - Processing /opt/airflow/dags/src/db_to_schema.py took 0.288 seconds
[2024-10-30T20:05:38.426+0000] {processor.py:186} INFO - Started process (PID=68) to work on /opt/airflow/dags/src/db_to_schema.py
[2024-10-30T20:05:38.427+0000] {processor.py:914} INFO - Processing file /opt/airflow/dags/src/db_to_schema.py for tasks to queue
[2024-10-30T20:05:38.430+0000] {logging_mixin.py:190} INFO - [2024-10-30T20:05:38.429+0000] {dagbag.py:588} INFO - Filling up the DagBag from /opt/airflow/dags/src/db_to_schema.py
[2024-10-30T20:05:38.725+0000] {processor.py:927} WARNING - No viable dags retrieved from /opt/airflow/dags/src/db_to_schema.py
[2024-10-30T20:05:38.731+0000] {processor.py:208} INFO - Processing /opt/airflow/dags/src/db_to_schema.py took 0.313 seconds
[2024-10-30T20:06:08.992+0000] {processor.py:186} INFO - Started process (PID=85) to work on /opt/airflow/dags/src/db_to_schema.py
[2024-10-30T20:06:08.996+0000] {processor.py:914} INFO - Processing file /opt/airflow/dags/src/db_to_schema.py for tasks to queue
[2024-10-30T20:06:09.009+0000] {logging_mixin.py:190} INFO - [2024-10-30T20:06:09.008+0000] {dagbag.py:588} INFO - Filling up the DagBag from /opt/airflow/dags/src/db_to_schema.py
[2024-10-30T20:06:09.402+0000] {processor.py:927} WARNING - No viable dags retrieved from /opt/airflow/dags/src/db_to_schema.py
[2024-10-30T20:06:09.409+0000] {processor.py:208} INFO - Processing /opt/airflow/dags/src/db_to_schema.py took 0.439 seconds
[2024-10-30T20:06:39.654+0000] {processor.py:186} INFO - Started process (PID=95) to work on /opt/airflow/dags/src/db_to_schema.py
[2024-10-30T20:06:39.655+0000] {processor.py:914} INFO - Processing file /opt/airflow/dags/src/db_to_schema.py for tasks to queue
[2024-10-30T20:06:39.658+0000] {logging_mixin.py:190} INFO - [2024-10-30T20:06:39.658+0000] {dagbag.py:588} INFO - Filling up the DagBag from /opt/airflow/dags/src/db_to_schema.py
[2024-10-30T20:06:39.953+0000] {processor.py:927} WARNING - No viable dags retrieved from /opt/airflow/dags/src/db_to_schema.py
[2024-10-30T20:06:39.960+0000] {processor.py:208} INFO - Processing /opt/airflow/dags/src/db_to_schema.py took 0.314 seconds
[2024-10-30T20:07:10.251+0000] {processor.py:186} INFO - Started process (PID=105) to work on /opt/airflow/dags/src/db_to_schema.py
[2024-10-30T20:07:10.252+0000] {processor.py:914} INFO - Processing file /opt/airflow/dags/src/db_to_schema.py for tasks to queue
[2024-10-30T20:07:10.256+0000] {logging_mixin.py:190} INFO - [2024-10-30T20:07:10.256+0000] {dagbag.py:588} INFO - Filling up the DagBag from /opt/airflow/dags/src/db_to_schema.py
[2024-10-30T20:07:10.471+0000] {processor.py:927} WARNING - No viable dags retrieved from /opt/airflow/dags/src/db_to_schema.py
[2024-10-30T20:07:10.478+0000] {processor.py:208} INFO - Processing /opt/airflow/dags/src/db_to_schema.py took 0.233 seconds
[2024-10-30T20:07:40.775+0000] {processor.py:186} INFO - Started process (PID=121) to work on /opt/airflow/dags/src/db_to_schema.py
[2024-10-30T20:07:40.777+0000] {processor.py:914} INFO - Processing file /opt/airflow/dags/src/db_to_schema.py for tasks to queue
[2024-10-30T20:07:40.781+0000] {logging_mixin.py:190} INFO - [2024-10-30T20:07:40.780+0000] {dagbag.py:588} INFO - Filling up the DagBag from /opt/airflow/dags/src/db_to_schema.py
[2024-10-30T20:07:41.085+0000] {processor.py:927} WARNING - No viable dags retrieved from /opt/airflow/dags/src/db_to_schema.py
[2024-10-30T20:07:41.096+0000] {processor.py:208} INFO - Processing /opt/airflow/dags/src/db_to_schema.py took 0.331 seconds
[2024-10-30T20:08:11.420+0000] {processor.py:186} INFO - Started process (PID=131) to work on /opt/airflow/dags/src/db_to_schema.py
[2024-10-30T20:08:11.420+0000] {processor.py:914} INFO - Processing file /opt/airflow/dags/src/db_to_schema.py for tasks to queue
[2024-10-30T20:08:11.424+0000] {logging_mixin.py:190} INFO - [2024-10-30T20:08:11.423+0000] {dagbag.py:588} INFO - Filling up the DagBag from /opt/airflow/dags/src/db_to_schema.py
[2024-10-30T20:08:11.700+0000] {processor.py:927} WARNING - No viable dags retrieved from /opt/airflow/dags/src/db_to_schema.py
[2024-10-30T20:08:11.711+0000] {processor.py:208} INFO - Processing /opt/airflow/dags/src/db_to_schema.py took 0.298 seconds
[2024-10-30T20:08:42.037+0000] {processor.py:186} INFO - Started process (PID=141) to work on /opt/airflow/dags/src/db_to_schema.py
[2024-10-30T20:08:42.038+0000] {processor.py:914} INFO - Processing file /opt/airflow/dags/src/db_to_schema.py for tasks to queue
[2024-10-30T20:08:42.042+0000] {logging_mixin.py:190} INFO - [2024-10-30T20:08:42.041+0000] {dagbag.py:588} INFO - Filling up the DagBag from /opt/airflow/dags/src/db_to_schema.py
[2024-10-30T20:08:42.308+0000] {processor.py:927} WARNING - No viable dags retrieved from /opt/airflow/dags/src/db_to_schema.py
[2024-10-30T20:08:42.317+0000] {processor.py:208} INFO - Processing /opt/airflow/dags/src/db_to_schema.py took 0.291 seconds
[2024-10-30T20:09:12.634+0000] {processor.py:186} INFO - Started process (PID=151) to work on /opt/airflow/dags/src/db_to_schema.py
[2024-10-30T20:09:12.635+0000] {processor.py:914} INFO - Processing file /opt/airflow/dags/src/db_to_schema.py for tasks to queue
[2024-10-30T20:09:12.640+0000] {logging_mixin.py:190} INFO - [2024-10-30T20:09:12.639+0000] {dagbag.py:588} INFO - Filling up the DagBag from /opt/airflow/dags/src/db_to_schema.py
[2024-10-30T20:09:12.978+0000] {processor.py:927} WARNING - No viable dags retrieved from /opt/airflow/dags/src/db_to_schema.py
[2024-10-30T20:09:12.983+0000] {processor.py:208} INFO - Processing /opt/airflow/dags/src/db_to_schema.py took 0.361 seconds
[2024-10-30T20:09:43.106+0000] {processor.py:186} INFO - Started process (PID=165) to work on /opt/airflow/dags/src/db_to_schema.py
[2024-10-30T20:09:43.108+0000] {processor.py:914} INFO - Processing file /opt/airflow/dags/src/db_to_schema.py for tasks to queue
[2024-10-30T20:09:43.111+0000] {logging_mixin.py:190} INFO - [2024-10-30T20:09:43.111+0000] {dagbag.py:588} INFO - Filling up the DagBag from /opt/airflow/dags/src/db_to_schema.py
[2024-10-30T20:09:43.223+0000] {processor.py:927} WARNING - No viable dags retrieved from /opt/airflow/dags/src/db_to_schema.py
[2024-10-30T20:09:43.233+0000] {processor.py:208} INFO - Processing /opt/airflow/dags/src/db_to_schema.py took 0.143 seconds
[2024-10-30T20:10:13.456+0000] {processor.py:186} INFO - Started process (PID=175) to work on /opt/airflow/dags/src/db_to_schema.py
[2024-10-30T20:10:13.459+0000] {processor.py:914} INFO - Processing file /opt/airflow/dags/src/db_to_schema.py for tasks to queue
[2024-10-30T20:10:13.465+0000] {logging_mixin.py:190} INFO - [2024-10-30T20:10:13.465+0000] {dagbag.py:588} INFO - Filling up the DagBag from /opt/airflow/dags/src/db_to_schema.py
[2024-10-30T20:10:13.595+0000] {processor.py:927} WARNING - No viable dags retrieved from /opt/airflow/dags/src/db_to_schema.py
[2024-10-30T20:10:13.608+0000] {processor.py:208} INFO - Processing /opt/airflow/dags/src/db_to_schema.py took 0.164 seconds
[2024-10-30T20:10:43.822+0000] {processor.py:186} INFO - Started process (PID=185) to work on /opt/airflow/dags/src/db_to_schema.py
[2024-10-30T20:10:43.824+0000] {processor.py:914} INFO - Processing file /opt/airflow/dags/src/db_to_schema.py for tasks to queue
[2024-10-30T20:10:43.827+0000] {logging_mixin.py:190} INFO - [2024-10-30T20:10:43.826+0000] {dagbag.py:588} INFO - Filling up the DagBag from /opt/airflow/dags/src/db_to_schema.py
[2024-10-30T20:10:43.902+0000] {processor.py:927} WARNING - No viable dags retrieved from /opt/airflow/dags/src/db_to_schema.py
[2024-10-30T20:10:43.908+0000] {processor.py:208} INFO - Processing /opt/airflow/dags/src/db_to_schema.py took 0.094 seconds
[2024-10-30T20:10:52.909+0000] {processor.py:186} INFO - Started process (PID=187) to work on /opt/airflow/dags/src/db_to_schema.py
[2024-10-30T20:10:52.911+0000] {processor.py:914} INFO - Processing file /opt/airflow/dags/src/db_to_schema.py for tasks to queue
[2024-10-30T20:10:52.917+0000] {logging_mixin.py:190} INFO - [2024-10-30T20:10:52.916+0000] {dagbag.py:588} INFO - Filling up the DagBag from /opt/airflow/dags/src/db_to_schema.py
[2024-10-30T20:10:53.017+0000] {processor.py:927} WARNING - No viable dags retrieved from /opt/airflow/dags/src/db_to_schema.py
[2024-10-30T20:10:53.026+0000] {processor.py:208} INFO - Processing /opt/airflow/dags/src/db_to_schema.py took 0.131 seconds
[2024-10-30T20:11:47.728+0000] {processor.py:186} INFO - Started process (PID=40) to work on /opt/airflow/dags/src/db_to_schema.py
[2024-10-30T20:11:47.729+0000] {processor.py:914} INFO - Processing file /opt/airflow/dags/src/db_to_schema.py for tasks to queue
[2024-10-30T20:11:47.730+0000] {logging_mixin.py:190} INFO - [2024-10-30T20:11:47.730+0000] {dagbag.py:588} INFO - Filling up the DagBag from /opt/airflow/dags/src/db_to_schema.py
[2024-10-30T20:11:47.955+0000] {processor.py:927} WARNING - No viable dags retrieved from /opt/airflow/dags/src/db_to_schema.py
[2024-10-30T20:11:47.962+0000] {processor.py:208} INFO - Processing /opt/airflow/dags/src/db_to_schema.py took 0.237 seconds
[2024-10-30T20:12:18.477+0000] {processor.py:186} INFO - Started process (PID=57) to work on /opt/airflow/dags/src/db_to_schema.py
[2024-10-30T20:12:18.480+0000] {processor.py:914} INFO - Processing file /opt/airflow/dags/src/db_to_schema.py for tasks to queue
[2024-10-30T20:12:18.495+0000] {logging_mixin.py:190} INFO - [2024-10-30T20:12:18.494+0000] {dagbag.py:588} INFO - Filling up the DagBag from /opt/airflow/dags/src/db_to_schema.py
[2024-10-30T20:12:18.793+0000] {processor.py:927} WARNING - No viable dags retrieved from /opt/airflow/dags/src/db_to_schema.py
[2024-10-30T20:12:18.800+0000] {processor.py:208} INFO - Processing /opt/airflow/dags/src/db_to_schema.py took 0.330 seconds
[2024-10-30T20:12:49.336+0000] {processor.py:186} INFO - Started process (PID=67) to work on /opt/airflow/dags/src/db_to_schema.py
[2024-10-30T20:12:49.338+0000] {processor.py:914} INFO - Processing file /opt/airflow/dags/src/db_to_schema.py for tasks to queue
[2024-10-30T20:12:49.343+0000] {logging_mixin.py:190} INFO - [2024-10-30T20:12:49.342+0000] {dagbag.py:588} INFO - Filling up the DagBag from /opt/airflow/dags/src/db_to_schema.py
[2024-10-30T20:12:49.645+0000] {processor.py:927} WARNING - No viable dags retrieved from /opt/airflow/dags/src/db_to_schema.py
[2024-10-30T20:12:49.651+0000] {processor.py:208} INFO - Processing /opt/airflow/dags/src/db_to_schema.py took 0.326 seconds
[2024-10-30T20:23:06.114+0000] {processor.py:186} INFO - Started process (PID=40) to work on /opt/airflow/dags/src/db_to_schema.py
[2024-10-30T20:23:06.115+0000] {processor.py:914} INFO - Processing file /opt/airflow/dags/src/db_to_schema.py for tasks to queue
[2024-10-30T20:23:06.120+0000] {logging_mixin.py:190} INFO - [2024-10-30T20:23:06.119+0000] {dagbag.py:588} INFO - Filling up the DagBag from /opt/airflow/dags/src/db_to_schema.py
[2024-10-30T20:23:06.445+0000] {processor.py:927} WARNING - No viable dags retrieved from /opt/airflow/dags/src/db_to_schema.py
[2024-10-30T20:23:06.455+0000] {processor.py:208} INFO - Processing /opt/airflow/dags/src/db_to_schema.py took 0.345 seconds
[2024-10-30T20:23:36.682+0000] {processor.py:186} INFO - Started process (PID=61) to work on /opt/airflow/dags/src/db_to_schema.py
[2024-10-30T20:23:36.682+0000] {processor.py:914} INFO - Processing file /opt/airflow/dags/src/db_to_schema.py for tasks to queue
[2024-10-30T20:23:36.686+0000] {logging_mixin.py:190} INFO - [2024-10-30T20:23:36.686+0000] {dagbag.py:588} INFO - Filling up the DagBag from /opt/airflow/dags/src/db_to_schema.py
[2024-10-30T20:23:36.872+0000] {processor.py:927} WARNING - No viable dags retrieved from /opt/airflow/dags/src/db_to_schema.py
[2024-10-30T20:23:36.877+0000] {processor.py:208} INFO - Processing /opt/airflow/dags/src/db_to_schema.py took 0.201 seconds
[2024-10-30T20:24:07.200+0000] {processor.py:186} INFO - Started process (PID=78) to work on /opt/airflow/dags/src/db_to_schema.py
[2024-10-30T20:24:07.201+0000] {processor.py:914} INFO - Processing file /opt/airflow/dags/src/db_to_schema.py for tasks to queue
[2024-10-30T20:24:07.202+0000] {logging_mixin.py:190} INFO - [2024-10-30T20:24:07.202+0000] {dagbag.py:588} INFO - Filling up the DagBag from /opt/airflow/dags/src/db_to_schema.py
[2024-10-30T20:24:07.362+0000] {processor.py:927} WARNING - No viable dags retrieved from /opt/airflow/dags/src/db_to_schema.py
[2024-10-30T20:24:07.367+0000] {processor.py:208} INFO - Processing /opt/airflow/dags/src/db_to_schema.py took 0.171 seconds
[2024-10-30T20:24:37.576+0000] {processor.py:186} INFO - Started process (PID=87) to work on /opt/airflow/dags/src/db_to_schema.py
[2024-10-30T20:24:37.576+0000] {processor.py:914} INFO - Processing file /opt/airflow/dags/src/db_to_schema.py for tasks to queue
[2024-10-30T20:24:37.578+0000] {logging_mixin.py:190} INFO - [2024-10-30T20:24:37.578+0000] {dagbag.py:588} INFO - Filling up the DagBag from /opt/airflow/dags/src/db_to_schema.py
[2024-10-30T20:24:37.930+0000] {processor.py:927} WARNING - No viable dags retrieved from /opt/airflow/dags/src/db_to_schema.py
[2024-10-30T20:24:37.937+0000] {processor.py:208} INFO - Processing /opt/airflow/dags/src/db_to_schema.py took 0.367 seconds
[2024-10-30T20:34:22.771+0000] {processor.py:186} INFO - Started process (PID=41) to work on /opt/airflow/dags/src/db_to_schema.py
[2024-10-30T20:34:22.771+0000] {processor.py:914} INFO - Processing file /opt/airflow/dags/src/db_to_schema.py for tasks to queue
[2024-10-30T20:34:22.773+0000] {logging_mixin.py:190} INFO - [2024-10-30T20:34:22.773+0000] {dagbag.py:588} INFO - Filling up the DagBag from /opt/airflow/dags/src/db_to_schema.py
[2024-10-30T20:34:23.118+0000] {processor.py:927} WARNING - No viable dags retrieved from /opt/airflow/dags/src/db_to_schema.py
[2024-10-30T20:34:23.130+0000] {processor.py:208} INFO - Processing /opt/airflow/dags/src/db_to_schema.py took 0.363 seconds
[2024-10-30T20:34:53.283+0000] {processor.py:186} INFO - Started process (PID=54) to work on /opt/airflow/dags/src/db_to_schema.py
[2024-10-30T20:34:53.284+0000] {processor.py:914} INFO - Processing file /opt/airflow/dags/src/db_to_schema.py for tasks to queue
[2024-10-30T20:34:53.285+0000] {logging_mixin.py:190} INFO - [2024-10-30T20:34:53.285+0000] {dagbag.py:588} INFO - Filling up the DagBag from /opt/airflow/dags/src/db_to_schema.py
[2024-10-30T20:34:53.422+0000] {processor.py:927} WARNING - No viable dags retrieved from /opt/airflow/dags/src/db_to_schema.py
[2024-10-30T20:34:53.426+0000] {processor.py:208} INFO - Processing /opt/airflow/dags/src/db_to_schema.py took 0.145 seconds
[2024-10-30T20:35:23.826+0000] {processor.py:186} INFO - Started process (PID=71) to work on /opt/airflow/dags/src/db_to_schema.py
[2024-10-30T20:35:23.827+0000] {processor.py:914} INFO - Processing file /opt/airflow/dags/src/db_to_schema.py for tasks to queue
[2024-10-30T20:35:23.829+0000] {logging_mixin.py:190} INFO - [2024-10-30T20:35:23.829+0000] {dagbag.py:588} INFO - Filling up the DagBag from /opt/airflow/dags/src/db_to_schema.py
[2024-10-30T20:35:24.016+0000] {processor.py:927} WARNING - No viable dags retrieved from /opt/airflow/dags/src/db_to_schema.py
[2024-10-30T20:35:24.023+0000] {processor.py:208} INFO - Processing /opt/airflow/dags/src/db_to_schema.py took 0.200 seconds
[2024-10-30T20:35:54.264+0000] {processor.py:186} INFO - Started process (PID=81) to work on /opt/airflow/dags/src/db_to_schema.py
[2024-10-30T20:35:54.265+0000] {processor.py:914} INFO - Processing file /opt/airflow/dags/src/db_to_schema.py for tasks to queue
[2024-10-30T20:35:54.267+0000] {logging_mixin.py:190} INFO - [2024-10-30T20:35:54.267+0000] {dagbag.py:588} INFO - Filling up the DagBag from /opt/airflow/dags/src/db_to_schema.py
[2024-10-30T20:35:54.505+0000] {processor.py:927} WARNING - No viable dags retrieved from /opt/airflow/dags/src/db_to_schema.py
[2024-10-30T20:35:54.511+0000] {processor.py:208} INFO - Processing /opt/airflow/dags/src/db_to_schema.py took 0.254 seconds
[2024-10-30T20:36:24.870+0000] {processor.py:186} INFO - Started process (PID=91) to work on /opt/airflow/dags/src/db_to_schema.py
[2024-10-30T20:36:24.871+0000] {processor.py:914} INFO - Processing file /opt/airflow/dags/src/db_to_schema.py for tasks to queue
[2024-10-30T20:36:24.873+0000] {logging_mixin.py:190} INFO - [2024-10-30T20:36:24.873+0000] {dagbag.py:588} INFO - Filling up the DagBag from /opt/airflow/dags/src/db_to_schema.py
[2024-10-30T20:36:25.106+0000] {processor.py:927} WARNING - No viable dags retrieved from /opt/airflow/dags/src/db_to_schema.py
[2024-10-30T20:36:25.112+0000] {processor.py:208} INFO - Processing /opt/airflow/dags/src/db_to_schema.py took 0.247 seconds
[2024-10-30T20:36:55.277+0000] {processor.py:186} INFO - Started process (PID=101) to work on /opt/airflow/dags/src/db_to_schema.py
[2024-10-30T20:36:55.278+0000] {processor.py:914} INFO - Processing file /opt/airflow/dags/src/db_to_schema.py for tasks to queue
[2024-10-30T20:36:55.280+0000] {logging_mixin.py:190} INFO - [2024-10-30T20:36:55.279+0000] {dagbag.py:588} INFO - Filling up the DagBag from /opt/airflow/dags/src/db_to_schema.py
[2024-10-30T20:36:55.475+0000] {processor.py:927} WARNING - No viable dags retrieved from /opt/airflow/dags/src/db_to_schema.py
[2024-10-30T20:36:55.490+0000] {processor.py:208} INFO - Processing /opt/airflow/dags/src/db_to_schema.py took 0.217 seconds
[2024-10-30T20:37:25.727+0000] {processor.py:186} INFO - Started process (PID=111) to work on /opt/airflow/dags/src/db_to_schema.py
[2024-10-30T20:37:25.728+0000] {processor.py:914} INFO - Processing file /opt/airflow/dags/src/db_to_schema.py for tasks to queue
[2024-10-30T20:37:25.731+0000] {logging_mixin.py:190} INFO - [2024-10-30T20:37:25.731+0000] {dagbag.py:588} INFO - Filling up the DagBag from /opt/airflow/dags/src/db_to_schema.py
[2024-10-30T20:37:26.058+0000] {processor.py:927} WARNING - No viable dags retrieved from /opt/airflow/dags/src/db_to_schema.py
[2024-10-30T20:37:26.067+0000] {processor.py:208} INFO - Processing /opt/airflow/dags/src/db_to_schema.py took 0.346 seconds
[2024-10-30T20:37:56.271+0000] {processor.py:186} INFO - Started process (PID=127) to work on /opt/airflow/dags/src/db_to_schema.py
[2024-10-30T20:37:56.272+0000] {processor.py:914} INFO - Processing file /opt/airflow/dags/src/db_to_schema.py for tasks to queue
[2024-10-30T20:37:56.275+0000] {logging_mixin.py:190} INFO - [2024-10-30T20:37:56.274+0000] {dagbag.py:588} INFO - Filling up the DagBag from /opt/airflow/dags/src/db_to_schema.py
[2024-10-30T20:37:56.501+0000] {processor.py:927} WARNING - No viable dags retrieved from /opt/airflow/dags/src/db_to_schema.py
[2024-10-30T20:37:56.506+0000] {processor.py:208} INFO - Processing /opt/airflow/dags/src/db_to_schema.py took 0.241 seconds
[2024-10-30T21:02:23.283+0000] {processor.py:186} INFO - Started process (PID=43) to work on /opt/airflow/dags/src/db_to_schema.py
[2024-10-30T21:02:23.284+0000] {processor.py:914} INFO - Processing file /opt/airflow/dags/src/db_to_schema.py for tasks to queue
[2024-10-30T21:02:23.286+0000] {logging_mixin.py:190} INFO - [2024-10-30T21:02:23.286+0000] {dagbag.py:588} INFO - Filling up the DagBag from /opt/airflow/dags/src/db_to_schema.py
[2024-10-30T21:02:23.484+0000] {processor.py:927} WARNING - No viable dags retrieved from /opt/airflow/dags/src/db_to_schema.py
[2024-10-30T21:02:23.491+0000] {processor.py:208} INFO - Processing /opt/airflow/dags/src/db_to_schema.py took 0.212 seconds
[2024-10-30T21:02:53.615+0000] {processor.py:186} INFO - Started process (PID=55) to work on /opt/airflow/dags/src/db_to_schema.py
[2024-10-30T21:02:53.615+0000] {processor.py:914} INFO - Processing file /opt/airflow/dags/src/db_to_schema.py for tasks to queue
[2024-10-30T21:02:53.617+0000] {logging_mixin.py:190} INFO - [2024-10-30T21:02:53.616+0000] {dagbag.py:588} INFO - Filling up the DagBag from /opt/airflow/dags/src/db_to_schema.py
[2024-10-30T21:02:53.735+0000] {processor.py:927} WARNING - No viable dags retrieved from /opt/airflow/dags/src/db_to_schema.py
[2024-10-30T21:02:53.740+0000] {processor.py:208} INFO - Processing /opt/airflow/dags/src/db_to_schema.py took 0.127 seconds
[2024-10-30T21:03:24.022+0000] {processor.py:186} INFO - Started process (PID=65) to work on /opt/airflow/dags/src/db_to_schema.py
[2024-10-30T21:03:24.023+0000] {processor.py:914} INFO - Processing file /opt/airflow/dags/src/db_to_schema.py for tasks to queue
[2024-10-30T21:03:24.025+0000] {logging_mixin.py:190} INFO - [2024-10-30T21:03:24.024+0000] {dagbag.py:588} INFO - Filling up the DagBag from /opt/airflow/dags/src/db_to_schema.py
[2024-10-30T21:03:24.231+0000] {processor.py:927} WARNING - No viable dags retrieved from /opt/airflow/dags/src/db_to_schema.py
[2024-10-30T21:03:24.237+0000] {processor.py:208} INFO - Processing /opt/airflow/dags/src/db_to_schema.py took 0.218 seconds
[2024-10-30T21:03:54.554+0000] {processor.py:186} INFO - Started process (PID=75) to work on /opt/airflow/dags/src/db_to_schema.py
[2024-10-30T21:03:54.555+0000] {processor.py:914} INFO - Processing file /opt/airflow/dags/src/db_to_schema.py for tasks to queue
[2024-10-30T21:03:54.556+0000] {logging_mixin.py:190} INFO - [2024-10-30T21:03:54.556+0000] {dagbag.py:588} INFO - Filling up the DagBag from /opt/airflow/dags/src/db_to_schema.py
[2024-10-30T21:03:54.759+0000] {processor.py:927} WARNING - No viable dags retrieved from /opt/airflow/dags/src/db_to_schema.py
[2024-10-30T21:03:54.765+0000] {processor.py:208} INFO - Processing /opt/airflow/dags/src/db_to_schema.py took 0.215 seconds
[2024-10-30T21:04:25.025+0000] {processor.py:186} INFO - Started process (PID=85) to work on /opt/airflow/dags/src/db_to_schema.py
[2024-10-30T21:04:25.027+0000] {processor.py:914} INFO - Processing file /opt/airflow/dags/src/db_to_schema.py for tasks to queue
[2024-10-30T21:04:25.028+0000] {logging_mixin.py:190} INFO - [2024-10-30T21:04:25.028+0000] {dagbag.py:588} INFO - Filling up the DagBag from /opt/airflow/dags/src/db_to_schema.py
[2024-10-30T21:04:25.184+0000] {processor.py:927} WARNING - No viable dags retrieved from /opt/airflow/dags/src/db_to_schema.py
[2024-10-30T21:04:25.190+0000] {processor.py:208} INFO - Processing /opt/airflow/dags/src/db_to_schema.py took 0.168 seconds
[2024-10-30T21:04:55.439+0000] {processor.py:186} INFO - Started process (PID=101) to work on /opt/airflow/dags/src/db_to_schema.py
[2024-10-30T21:04:55.440+0000] {processor.py:914} INFO - Processing file /opt/airflow/dags/src/db_to_schema.py for tasks to queue
[2024-10-30T21:04:55.441+0000] {logging_mixin.py:190} INFO - [2024-10-30T21:04:55.441+0000] {dagbag.py:588} INFO - Filling up the DagBag from /opt/airflow/dags/src/db_to_schema.py
[2024-10-30T21:04:55.599+0000] {processor.py:927} WARNING - No viable dags retrieved from /opt/airflow/dags/src/db_to_schema.py
[2024-10-30T21:04:55.604+0000] {processor.py:208} INFO - Processing /opt/airflow/dags/src/db_to_schema.py took 0.169 seconds
[2024-10-30T21:05:25.910+0000] {processor.py:186} INFO - Started process (PID=117) to work on /opt/airflow/dags/src/db_to_schema.py
[2024-10-30T21:05:25.911+0000] {processor.py:914} INFO - Processing file /opt/airflow/dags/src/db_to_schema.py for tasks to queue
[2024-10-30T21:05:25.913+0000] {logging_mixin.py:190} INFO - [2024-10-30T21:05:25.913+0000] {dagbag.py:588} INFO - Filling up the DagBag from /opt/airflow/dags/src/db_to_schema.py
[2024-10-30T21:05:26.084+0000] {processor.py:927} WARNING - No viable dags retrieved from /opt/airflow/dags/src/db_to_schema.py
[2024-10-30T21:05:26.089+0000] {processor.py:208} INFO - Processing /opt/airflow/dags/src/db_to_schema.py took 0.183 seconds
[2024-10-30T21:05:56.376+0000] {processor.py:186} INFO - Started process (PID=127) to work on /opt/airflow/dags/src/db_to_schema.py
[2024-10-30T21:05:56.377+0000] {processor.py:914} INFO - Processing file /opt/airflow/dags/src/db_to_schema.py for tasks to queue
[2024-10-30T21:05:56.379+0000] {logging_mixin.py:190} INFO - [2024-10-30T21:05:56.379+0000] {dagbag.py:588} INFO - Filling up the DagBag from /opt/airflow/dags/src/db_to_schema.py
[2024-10-30T21:05:56.661+0000] {processor.py:927} WARNING - No viable dags retrieved from /opt/airflow/dags/src/db_to_schema.py
[2024-10-30T21:05:56.667+0000] {processor.py:208} INFO - Processing /opt/airflow/dags/src/db_to_schema.py took 0.296 seconds
[2024-10-30T21:06:26.986+0000] {processor.py:186} INFO - Started process (PID=137) to work on /opt/airflow/dags/src/db_to_schema.py
[2024-10-30T21:06:26.986+0000] {processor.py:914} INFO - Processing file /opt/airflow/dags/src/db_to_schema.py for tasks to queue
[2024-10-30T21:06:26.988+0000] {logging_mixin.py:190} INFO - [2024-10-30T21:06:26.988+0000] {dagbag.py:588} INFO - Filling up the DagBag from /opt/airflow/dags/src/db_to_schema.py
[2024-10-30T21:06:27.244+0000] {processor.py:927} WARNING - No viable dags retrieved from /opt/airflow/dags/src/db_to_schema.py
[2024-10-30T21:06:27.252+0000] {processor.py:208} INFO - Processing /opt/airflow/dags/src/db_to_schema.py took 0.272 seconds
[2024-10-30T21:06:57.619+0000] {processor.py:186} INFO - Started process (PID=147) to work on /opt/airflow/dags/src/db_to_schema.py
[2024-10-30T21:06:57.620+0000] {processor.py:914} INFO - Processing file /opt/airflow/dags/src/db_to_schema.py for tasks to queue
[2024-10-30T21:06:57.621+0000] {logging_mixin.py:190} INFO - [2024-10-30T21:06:57.621+0000] {dagbag.py:588} INFO - Filling up the DagBag from /opt/airflow/dags/src/db_to_schema.py
[2024-10-30T21:06:57.700+0000] {processor.py:927} WARNING - No viable dags retrieved from /opt/airflow/dags/src/db_to_schema.py
[2024-10-30T21:06:57.711+0000] {processor.py:208} INFO - Processing /opt/airflow/dags/src/db_to_schema.py took 0.097 seconds
[2024-10-30T21:07:27.897+0000] {processor.py:186} INFO - Started process (PID=158) to work on /opt/airflow/dags/src/db_to_schema.py
[2024-10-30T21:07:27.898+0000] {processor.py:914} INFO - Processing file /opt/airflow/dags/src/db_to_schema.py for tasks to queue
[2024-10-30T21:07:27.901+0000] {logging_mixin.py:190} INFO - [2024-10-30T21:07:27.901+0000] {dagbag.py:588} INFO - Filling up the DagBag from /opt/airflow/dags/src/db_to_schema.py
[2024-10-30T21:07:27.984+0000] {processor.py:927} WARNING - No viable dags retrieved from /opt/airflow/dags/src/db_to_schema.py
[2024-10-30T21:07:27.992+0000] {processor.py:208} INFO - Processing /opt/airflow/dags/src/db_to_schema.py took 0.101 seconds
[2024-10-30T21:07:58.198+0000] {processor.py:186} INFO - Started process (PID=168) to work on /opt/airflow/dags/src/db_to_schema.py
[2024-10-30T21:07:58.199+0000] {processor.py:914} INFO - Processing file /opt/airflow/dags/src/db_to_schema.py for tasks to queue
[2024-10-30T21:07:58.200+0000] {logging_mixin.py:190} INFO - [2024-10-30T21:07:58.200+0000] {dagbag.py:588} INFO - Filling up the DagBag from /opt/airflow/dags/src/db_to_schema.py
[2024-10-30T21:07:58.278+0000] {processor.py:927} WARNING - No viable dags retrieved from /opt/airflow/dags/src/db_to_schema.py
[2024-10-30T21:07:58.283+0000] {processor.py:208} INFO - Processing /opt/airflow/dags/src/db_to_schema.py took 0.089 seconds
[2024-10-30T21:08:28.557+0000] {processor.py:186} INFO - Started process (PID=178) to work on /opt/airflow/dags/src/db_to_schema.py
[2024-10-30T21:08:28.558+0000] {processor.py:914} INFO - Processing file /opt/airflow/dags/src/db_to_schema.py for tasks to queue
[2024-10-30T21:08:28.560+0000] {logging_mixin.py:190} INFO - [2024-10-30T21:08:28.559+0000] {dagbag.py:588} INFO - Filling up the DagBag from /opt/airflow/dags/src/db_to_schema.py
[2024-10-30T21:08:28.658+0000] {processor.py:927} WARNING - No viable dags retrieved from /opt/airflow/dags/src/db_to_schema.py
[2024-10-30T21:08:28.666+0000] {processor.py:208} INFO - Processing /opt/airflow/dags/src/db_to_schema.py took 0.113 seconds
[2024-10-30T21:08:58.910+0000] {processor.py:186} INFO - Started process (PID=188) to work on /opt/airflow/dags/src/db_to_schema.py
[2024-10-30T21:08:58.911+0000] {processor.py:914} INFO - Processing file /opt/airflow/dags/src/db_to_schema.py for tasks to queue
[2024-10-30T21:08:58.914+0000] {logging_mixin.py:190} INFO - [2024-10-30T21:08:58.913+0000] {dagbag.py:588} INFO - Filling up the DagBag from /opt/airflow/dags/src/db_to_schema.py
[2024-10-30T21:08:58.992+0000] {processor.py:927} WARNING - No viable dags retrieved from /opt/airflow/dags/src/db_to_schema.py
[2024-10-30T21:08:58.998+0000] {processor.py:208} INFO - Processing /opt/airflow/dags/src/db_to_schema.py took 0.091 seconds
[2024-10-30T21:09:29.217+0000] {processor.py:186} INFO - Started process (PID=198) to work on /opt/airflow/dags/src/db_to_schema.py
[2024-10-30T21:09:29.218+0000] {processor.py:914} INFO - Processing file /opt/airflow/dags/src/db_to_schema.py for tasks to queue
[2024-10-30T21:09:29.220+0000] {logging_mixin.py:190} INFO - [2024-10-30T21:09:29.219+0000] {dagbag.py:588} INFO - Filling up the DagBag from /opt/airflow/dags/src/db_to_schema.py
[2024-10-30T21:09:29.282+0000] {processor.py:927} WARNING - No viable dags retrieved from /opt/airflow/dags/src/db_to_schema.py
[2024-10-30T21:09:29.288+0000] {processor.py:208} INFO - Processing /opt/airflow/dags/src/db_to_schema.py took 0.077 seconds
[2024-10-30T21:09:59.528+0000] {processor.py:186} INFO - Started process (PID=207) to work on /opt/airflow/dags/src/db_to_schema.py
[2024-10-30T21:09:59.529+0000] {processor.py:914} INFO - Processing file /opt/airflow/dags/src/db_to_schema.py for tasks to queue
[2024-10-30T21:09:59.531+0000] {logging_mixin.py:190} INFO - [2024-10-30T21:09:59.531+0000] {dagbag.py:588} INFO - Filling up the DagBag from /opt/airflow/dags/src/db_to_schema.py
[2024-10-30T21:09:59.605+0000] {processor.py:927} WARNING - No viable dags retrieved from /opt/airflow/dags/src/db_to_schema.py
[2024-10-30T21:09:59.611+0000] {processor.py:208} INFO - Processing /opt/airflow/dags/src/db_to_schema.py took 0.090 seconds
[2024-10-30T21:10:29.862+0000] {processor.py:186} INFO - Started process (PID=217) to work on /opt/airflow/dags/src/db_to_schema.py
[2024-10-30T21:10:29.863+0000] {processor.py:914} INFO - Processing file /opt/airflow/dags/src/db_to_schema.py for tasks to queue
[2024-10-30T21:10:29.866+0000] {logging_mixin.py:190} INFO - [2024-10-30T21:10:29.865+0000] {dagbag.py:588} INFO - Filling up the DagBag from /opt/airflow/dags/src/db_to_schema.py
[2024-10-30T21:10:29.941+0000] {processor.py:927} WARNING - No viable dags retrieved from /opt/airflow/dags/src/db_to_schema.py
[2024-10-30T21:10:29.950+0000] {processor.py:208} INFO - Processing /opt/airflow/dags/src/db_to_schema.py took 0.092 seconds
[2024-10-30T21:11:00.182+0000] {processor.py:186} INFO - Started process (PID=227) to work on /opt/airflow/dags/src/db_to_schema.py
[2024-10-30T21:11:00.183+0000] {processor.py:914} INFO - Processing file /opt/airflow/dags/src/db_to_schema.py for tasks to queue
[2024-10-30T21:11:00.185+0000] {logging_mixin.py:190} INFO - [2024-10-30T21:11:00.184+0000] {dagbag.py:588} INFO - Filling up the DagBag from /opt/airflow/dags/src/db_to_schema.py
[2024-10-30T21:11:00.263+0000] {processor.py:927} WARNING - No viable dags retrieved from /opt/airflow/dags/src/db_to_schema.py
[2024-10-30T21:11:00.270+0000] {processor.py:208} INFO - Processing /opt/airflow/dags/src/db_to_schema.py took 0.093 seconds
[2024-10-30T21:11:30.500+0000] {processor.py:186} INFO - Started process (PID=237) to work on /opt/airflow/dags/src/db_to_schema.py
[2024-10-30T21:11:30.502+0000] {processor.py:914} INFO - Processing file /opt/airflow/dags/src/db_to_schema.py for tasks to queue
[2024-10-30T21:11:30.505+0000] {logging_mixin.py:190} INFO - [2024-10-30T21:11:30.505+0000] {dagbag.py:588} INFO - Filling up the DagBag from /opt/airflow/dags/src/db_to_schema.py
[2024-10-30T21:11:30.636+0000] {processor.py:927} WARNING - No viable dags retrieved from /opt/airflow/dags/src/db_to_schema.py
[2024-10-30T21:11:30.644+0000] {processor.py:208} INFO - Processing /opt/airflow/dags/src/db_to_schema.py took 0.151 seconds
[2024-10-30T21:12:00.887+0000] {processor.py:186} INFO - Started process (PID=247) to work on /opt/airflow/dags/src/db_to_schema.py
[2024-10-30T21:12:00.888+0000] {processor.py:914} INFO - Processing file /opt/airflow/dags/src/db_to_schema.py for tasks to queue
[2024-10-30T21:12:00.890+0000] {logging_mixin.py:190} INFO - [2024-10-30T21:12:00.890+0000] {dagbag.py:588} INFO - Filling up the DagBag from /opt/airflow/dags/src/db_to_schema.py
[2024-10-30T21:12:00.973+0000] {processor.py:927} WARNING - No viable dags retrieved from /opt/airflow/dags/src/db_to_schema.py
[2024-10-30T21:12:00.986+0000] {processor.py:208} INFO - Processing /opt/airflow/dags/src/db_to_schema.py took 0.104 seconds
[2024-10-30T21:12:31.265+0000] {processor.py:186} INFO - Started process (PID=257) to work on /opt/airflow/dags/src/db_to_schema.py
[2024-10-30T21:12:31.266+0000] {processor.py:914} INFO - Processing file /opt/airflow/dags/src/db_to_schema.py for tasks to queue
[2024-10-30T21:12:31.268+0000] {logging_mixin.py:190} INFO - [2024-10-30T21:12:31.268+0000] {dagbag.py:588} INFO - Filling up the DagBag from /opt/airflow/dags/src/db_to_schema.py
[2024-10-30T21:12:31.332+0000] {processor.py:927} WARNING - No viable dags retrieved from /opt/airflow/dags/src/db_to_schema.py
[2024-10-30T21:12:31.338+0000] {processor.py:208} INFO - Processing /opt/airflow/dags/src/db_to_schema.py took 0.078 seconds
[2024-10-30T21:13:01.632+0000] {processor.py:186} INFO - Started process (PID=267) to work on /opt/airflow/dags/src/db_to_schema.py
[2024-10-30T21:13:01.633+0000] {processor.py:914} INFO - Processing file /opt/airflow/dags/src/db_to_schema.py for tasks to queue
[2024-10-30T21:13:01.640+0000] {logging_mixin.py:190} INFO - [2024-10-30T21:13:01.639+0000] {dagbag.py:588} INFO - Filling up the DagBag from /opt/airflow/dags/src/db_to_schema.py
[2024-10-30T21:13:01.788+0000] {processor.py:927} WARNING - No viable dags retrieved from /opt/airflow/dags/src/db_to_schema.py
[2024-10-30T21:13:01.800+0000] {processor.py:208} INFO - Processing /opt/airflow/dags/src/db_to_schema.py took 0.179 seconds
[2024-10-30T21:13:32.096+0000] {processor.py:186} INFO - Started process (PID=277) to work on /opt/airflow/dags/src/db_to_schema.py
[2024-10-30T21:13:32.097+0000] {processor.py:914} INFO - Processing file /opt/airflow/dags/src/db_to_schema.py for tasks to queue
[2024-10-30T21:13:32.099+0000] {logging_mixin.py:190} INFO - [2024-10-30T21:13:32.098+0000] {dagbag.py:588} INFO - Filling up the DagBag from /opt/airflow/dags/src/db_to_schema.py
[2024-10-30T21:13:32.226+0000] {processor.py:927} WARNING - No viable dags retrieved from /opt/airflow/dags/src/db_to_schema.py
[2024-10-30T21:13:32.236+0000] {processor.py:208} INFO - Processing /opt/airflow/dags/src/db_to_schema.py took 0.144 seconds
[2024-10-30T21:14:02.516+0000] {processor.py:186} INFO - Started process (PID=287) to work on /opt/airflow/dags/src/db_to_schema.py
[2024-10-30T21:14:02.517+0000] {processor.py:914} INFO - Processing file /opt/airflow/dags/src/db_to_schema.py for tasks to queue
[2024-10-30T21:14:02.520+0000] {logging_mixin.py:190} INFO - [2024-10-30T21:14:02.519+0000] {dagbag.py:588} INFO - Filling up the DagBag from /opt/airflow/dags/src/db_to_schema.py
[2024-10-30T21:14:02.631+0000] {processor.py:927} WARNING - No viable dags retrieved from /opt/airflow/dags/src/db_to_schema.py
[2024-10-30T21:14:02.643+0000] {processor.py:208} INFO - Processing /opt/airflow/dags/src/db_to_schema.py took 0.135 seconds
[2024-10-30T21:14:32.912+0000] {processor.py:186} INFO - Started process (PID=297) to work on /opt/airflow/dags/src/db_to_schema.py
[2024-10-30T21:14:32.913+0000] {processor.py:914} INFO - Processing file /opt/airflow/dags/src/db_to_schema.py for tasks to queue
[2024-10-30T21:14:32.915+0000] {logging_mixin.py:190} INFO - [2024-10-30T21:14:32.915+0000] {dagbag.py:588} INFO - Filling up the DagBag from /opt/airflow/dags/src/db_to_schema.py
[2024-10-30T21:14:33.005+0000] {processor.py:927} WARNING - No viable dags retrieved from /opt/airflow/dags/src/db_to_schema.py
[2024-10-30T21:14:33.013+0000] {processor.py:208} INFO - Processing /opt/airflow/dags/src/db_to_schema.py took 0.108 seconds
[2024-10-30T21:15:03.261+0000] {processor.py:186} INFO - Started process (PID=307) to work on /opt/airflow/dags/src/db_to_schema.py
[2024-10-30T21:15:03.262+0000] {processor.py:914} INFO - Processing file /opt/airflow/dags/src/db_to_schema.py for tasks to queue
[2024-10-30T21:15:03.265+0000] {logging_mixin.py:190} INFO - [2024-10-30T21:15:03.265+0000] {dagbag.py:588} INFO - Filling up the DagBag from /opt/airflow/dags/src/db_to_schema.py
[2024-10-30T21:15:03.349+0000] {processor.py:927} WARNING - No viable dags retrieved from /opt/airflow/dags/src/db_to_schema.py
[2024-10-30T21:15:03.360+0000] {processor.py:208} INFO - Processing /opt/airflow/dags/src/db_to_schema.py took 0.107 seconds
[2024-10-30T21:15:33.646+0000] {processor.py:186} INFO - Started process (PID=317) to work on /opt/airflow/dags/src/db_to_schema.py
[2024-10-30T21:15:33.648+0000] {processor.py:914} INFO - Processing file /opt/airflow/dags/src/db_to_schema.py for tasks to queue
[2024-10-30T21:15:33.653+0000] {logging_mixin.py:190} INFO - [2024-10-30T21:15:33.653+0000] {dagbag.py:588} INFO - Filling up the DagBag from /opt/airflow/dags/src/db_to_schema.py
[2024-10-30T21:15:33.780+0000] {processor.py:927} WARNING - No viable dags retrieved from /opt/airflow/dags/src/db_to_schema.py
[2024-10-30T21:15:33.789+0000] {processor.py:208} INFO - Processing /opt/airflow/dags/src/db_to_schema.py took 0.152 seconds
[2024-10-30T21:16:04.031+0000] {processor.py:186} INFO - Started process (PID=328) to work on /opt/airflow/dags/src/db_to_schema.py
[2024-10-30T21:16:04.032+0000] {processor.py:914} INFO - Processing file /opt/airflow/dags/src/db_to_schema.py for tasks to queue
[2024-10-30T21:16:04.034+0000] {logging_mixin.py:190} INFO - [2024-10-30T21:16:04.033+0000] {dagbag.py:588} INFO - Filling up the DagBag from /opt/airflow/dags/src/db_to_schema.py
[2024-10-30T21:16:04.133+0000] {processor.py:927} WARNING - No viable dags retrieved from /opt/airflow/dags/src/db_to_schema.py
[2024-10-30T21:16:04.144+0000] {processor.py:208} INFO - Processing /opt/airflow/dags/src/db_to_schema.py took 0.116 seconds
[2024-10-30T21:16:34.431+0000] {processor.py:186} INFO - Started process (PID=338) to work on /opt/airflow/dags/src/db_to_schema.py
[2024-10-30T21:16:34.432+0000] {processor.py:914} INFO - Processing file /opt/airflow/dags/src/db_to_schema.py for tasks to queue
[2024-10-30T21:16:34.434+0000] {logging_mixin.py:190} INFO - [2024-10-30T21:16:34.434+0000] {dagbag.py:588} INFO - Filling up the DagBag from /opt/airflow/dags/src/db_to_schema.py
[2024-10-30T21:16:34.504+0000] {processor.py:927} WARNING - No viable dags retrieved from /opt/airflow/dags/src/db_to_schema.py
[2024-10-30T21:16:34.511+0000] {processor.py:208} INFO - Processing /opt/airflow/dags/src/db_to_schema.py took 0.084 seconds
[2024-10-30T21:17:04.817+0000] {processor.py:186} INFO - Started process (PID=348) to work on /opt/airflow/dags/src/db_to_schema.py
[2024-10-30T21:17:04.818+0000] {processor.py:914} INFO - Processing file /opt/airflow/dags/src/db_to_schema.py for tasks to queue
[2024-10-30T21:17:04.820+0000] {logging_mixin.py:190} INFO - [2024-10-30T21:17:04.819+0000] {dagbag.py:588} INFO - Filling up the DagBag from /opt/airflow/dags/src/db_to_schema.py
[2024-10-30T21:17:04.940+0000] {processor.py:927} WARNING - No viable dags retrieved from /opt/airflow/dags/src/db_to_schema.py
[2024-10-30T21:17:04.950+0000] {processor.py:208} INFO - Processing /opt/airflow/dags/src/db_to_schema.py took 0.138 seconds
[2024-10-30T21:17:35.181+0000] {processor.py:186} INFO - Started process (PID=358) to work on /opt/airflow/dags/src/db_to_schema.py
[2024-10-30T21:17:35.182+0000] {processor.py:914} INFO - Processing file /opt/airflow/dags/src/db_to_schema.py for tasks to queue
[2024-10-30T21:17:35.184+0000] {logging_mixin.py:190} INFO - [2024-10-30T21:17:35.184+0000] {dagbag.py:588} INFO - Filling up the DagBag from /opt/airflow/dags/src/db_to_schema.py
[2024-10-30T21:17:35.244+0000] {processor.py:927} WARNING - No viable dags retrieved from /opt/airflow/dags/src/db_to_schema.py
[2024-10-30T21:17:35.252+0000] {processor.py:208} INFO - Processing /opt/airflow/dags/src/db_to_schema.py took 0.074 seconds
[2024-10-30T21:18:05.523+0000] {processor.py:186} INFO - Started process (PID=368) to work on /opt/airflow/dags/src/db_to_schema.py
[2024-10-30T21:18:05.523+0000] {processor.py:914} INFO - Processing file /opt/airflow/dags/src/db_to_schema.py for tasks to queue
[2024-10-30T21:18:05.525+0000] {logging_mixin.py:190} INFO - [2024-10-30T21:18:05.525+0000] {dagbag.py:588} INFO - Filling up the DagBag from /opt/airflow/dags/src/db_to_schema.py
[2024-10-30T21:18:05.616+0000] {processor.py:927} WARNING - No viable dags retrieved from /opt/airflow/dags/src/db_to_schema.py
[2024-10-30T21:18:05.624+0000] {processor.py:208} INFO - Processing /opt/airflow/dags/src/db_to_schema.py took 0.107 seconds
[2024-10-30T21:18:35.973+0000] {processor.py:186} INFO - Started process (PID=378) to work on /opt/airflow/dags/src/db_to_schema.py
[2024-10-30T21:18:35.974+0000] {processor.py:914} INFO - Processing file /opt/airflow/dags/src/db_to_schema.py for tasks to queue
[2024-10-30T21:18:35.976+0000] {logging_mixin.py:190} INFO - [2024-10-30T21:18:35.976+0000] {dagbag.py:588} INFO - Filling up the DagBag from /opt/airflow/dags/src/db_to_schema.py
[2024-10-30T21:18:36.083+0000] {processor.py:927} WARNING - No viable dags retrieved from /opt/airflow/dags/src/db_to_schema.py
[2024-10-30T21:18:36.090+0000] {processor.py:208} INFO - Processing /opt/airflow/dags/src/db_to_schema.py took 0.123 seconds
[2024-10-30T21:20:48.610+0000] {processor.py:186} INFO - Started process (PID=382) to work on /opt/airflow/dags/src/db_to_schema.py
[2024-10-30T21:20:48.611+0000] {processor.py:914} INFO - Processing file /opt/airflow/dags/src/db_to_schema.py for tasks to queue
[2024-10-30T21:20:48.614+0000] {logging_mixin.py:190} INFO - [2024-10-30T21:20:48.614+0000] {dagbag.py:588} INFO - Filling up the DagBag from /opt/airflow/dags/src/db_to_schema.py
[2024-10-30T21:20:48.678+0000] {processor.py:927} WARNING - No viable dags retrieved from /opt/airflow/dags/src/db_to_schema.py
[2024-10-30T21:20:48.684+0000] {processor.py:208} INFO - Processing /opt/airflow/dags/src/db_to_schema.py took 0.079 seconds
[2024-10-30T21:22:18.377+0000] {processor.py:186} INFO - Started process (PID=392) to work on /opt/airflow/dags/src/db_to_schema.py
[2024-10-30T21:22:18.377+0000] {processor.py:914} INFO - Processing file /opt/airflow/dags/src/db_to_schema.py for tasks to queue
[2024-10-30T21:22:18.378+0000] {logging_mixin.py:190} INFO - [2024-10-30T21:22:18.378+0000] {dagbag.py:588} INFO - Filling up the DagBag from /opt/airflow/dags/src/db_to_schema.py
[2024-10-30T21:22:18.433+0000] {processor.py:927} WARNING - No viable dags retrieved from /opt/airflow/dags/src/db_to_schema.py
[2024-10-30T21:22:18.439+0000] {processor.py:208} INFO - Processing /opt/airflow/dags/src/db_to_schema.py took 0.064 seconds
[2024-10-30T21:24:19.803+0000] {processor.py:186} INFO - Started process (PID=402) to work on /opt/airflow/dags/src/db_to_schema.py
[2024-10-30T21:24:19.804+0000] {processor.py:914} INFO - Processing file /opt/airflow/dags/src/db_to_schema.py for tasks to queue
[2024-10-30T21:24:19.805+0000] {logging_mixin.py:190} INFO - [2024-10-30T21:24:19.805+0000] {dagbag.py:588} INFO - Filling up the DagBag from /opt/airflow/dags/src/db_to_schema.py
[2024-10-30T21:24:19.856+0000] {processor.py:927} WARNING - No viable dags retrieved from /opt/airflow/dags/src/db_to_schema.py
[2024-10-30T21:24:19.861+0000] {processor.py:208} INFO - Processing /opt/airflow/dags/src/db_to_schema.py took 0.061 seconds
[2024-10-30T21:25:02.627+0000] {processor.py:186} INFO - Started process (PID=412) to work on /opt/airflow/dags/src/db_to_schema.py
[2024-10-30T21:25:02.628+0000] {processor.py:914} INFO - Processing file /opt/airflow/dags/src/db_to_schema.py for tasks to queue
[2024-10-30T21:25:02.629+0000] {logging_mixin.py:190} INFO - [2024-10-30T21:25:02.629+0000] {dagbag.py:588} INFO - Filling up the DagBag from /opt/airflow/dags/src/db_to_schema.py
[2024-10-30T21:25:02.686+0000] {processor.py:927} WARNING - No viable dags retrieved from /opt/airflow/dags/src/db_to_schema.py
[2024-10-30T21:25:02.692+0000] {processor.py:208} INFO - Processing /opt/airflow/dags/src/db_to_schema.py took 0.067 seconds
[2024-10-30T21:28:40.915+0000] {processor.py:186} INFO - Started process (PID=423) to work on /opt/airflow/dags/src/db_to_schema.py
[2024-10-30T21:28:40.916+0000] {processor.py:914} INFO - Processing file /opt/airflow/dags/src/db_to_schema.py for tasks to queue
[2024-10-30T21:28:40.917+0000] {logging_mixin.py:190} INFO - [2024-10-30T21:28:40.917+0000] {dagbag.py:588} INFO - Filling up the DagBag from /opt/airflow/dags/src/db_to_schema.py
[2024-10-30T21:28:40.980+0000] {processor.py:927} WARNING - No viable dags retrieved from /opt/airflow/dags/src/db_to_schema.py
[2024-10-30T21:28:40.986+0000] {processor.py:208} INFO - Processing /opt/airflow/dags/src/db_to_schema.py took 0.075 seconds
[2024-10-30T21:29:11.564+0000] {processor.py:186} INFO - Started process (PID=433) to work on /opt/airflow/dags/src/db_to_schema.py
[2024-10-30T21:29:11.565+0000] {processor.py:914} INFO - Processing file /opt/airflow/dags/src/db_to_schema.py for tasks to queue
[2024-10-30T21:29:11.566+0000] {logging_mixin.py:190} INFO - [2024-10-30T21:29:11.566+0000] {dagbag.py:588} INFO - Filling up the DagBag from /opt/airflow/dags/src/db_to_schema.py
[2024-10-30T21:29:11.624+0000] {processor.py:927} WARNING - No viable dags retrieved from /opt/airflow/dags/src/db_to_schema.py
[2024-10-30T21:29:11.629+0000] {processor.py:208} INFO - Processing /opt/airflow/dags/src/db_to_schema.py took 0.069 seconds
[2024-10-30T21:31:58.137+0000] {processor.py:186} INFO - Started process (PID=443) to work on /opt/airflow/dags/src/db_to_schema.py
[2024-10-30T21:31:58.137+0000] {processor.py:914} INFO - Processing file /opt/airflow/dags/src/db_to_schema.py for tasks to queue
[2024-10-30T21:31:58.138+0000] {logging_mixin.py:190} INFO - [2024-10-30T21:31:58.138+0000] {dagbag.py:588} INFO - Filling up the DagBag from /opt/airflow/dags/src/db_to_schema.py
[2024-10-30T21:31:58.188+0000] {processor.py:927} WARNING - No viable dags retrieved from /opt/airflow/dags/src/db_to_schema.py
[2024-10-30T21:31:58.193+0000] {processor.py:208} INFO - Processing /opt/airflow/dags/src/db_to_schema.py took 0.058 seconds
[2024-10-30T21:33:19.071+0000] {processor.py:186} INFO - Started process (PID=453) to work on /opt/airflow/dags/src/db_to_schema.py
[2024-10-30T21:33:19.071+0000] {processor.py:914} INFO - Processing file /opt/airflow/dags/src/db_to_schema.py for tasks to queue
[2024-10-30T21:33:19.073+0000] {logging_mixin.py:190} INFO - [2024-10-30T21:33:19.073+0000] {dagbag.py:588} INFO - Filling up the DagBag from /opt/airflow/dags/src/db_to_schema.py
[2024-10-30T21:33:19.132+0000] {processor.py:927} WARNING - No viable dags retrieved from /opt/airflow/dags/src/db_to_schema.py
[2024-10-30T21:33:19.138+0000] {processor.py:208} INFO - Processing /opt/airflow/dags/src/db_to_schema.py took 0.070 seconds
[2024-10-30T21:43:42.620+0000] {processor.py:186} INFO - Started process (PID=463) to work on /opt/airflow/dags/src/db_to_schema.py
[2024-10-30T21:43:42.621+0000] {processor.py:914} INFO - Processing file /opt/airflow/dags/src/db_to_schema.py for tasks to queue
[2024-10-30T21:43:42.622+0000] {logging_mixin.py:190} INFO - [2024-10-30T21:43:42.622+0000] {dagbag.py:588} INFO - Filling up the DagBag from /opt/airflow/dags/src/db_to_schema.py
[2024-10-30T21:43:42.674+0000] {processor.py:927} WARNING - No viable dags retrieved from /opt/airflow/dags/src/db_to_schema.py
[2024-10-30T21:43:42.679+0000] {processor.py:208} INFO - Processing /opt/airflow/dags/src/db_to_schema.py took 0.062 seconds
[2024-10-30T21:46:06.036+0000] {processor.py:186} INFO - Started process (PID=475) to work on /opt/airflow/dags/src/db_to_schema.py
[2024-10-30T21:46:06.037+0000] {processor.py:914} INFO - Processing file /opt/airflow/dags/src/db_to_schema.py for tasks to queue
[2024-10-30T21:46:06.038+0000] {logging_mixin.py:190} INFO - [2024-10-30T21:46:06.038+0000] {dagbag.py:588} INFO - Filling up the DagBag from /opt/airflow/dags/src/db_to_schema.py
[2024-10-30T21:46:06.098+0000] {processor.py:927} WARNING - No viable dags retrieved from /opt/airflow/dags/src/db_to_schema.py
[2024-10-30T21:46:06.106+0000] {processor.py:208} INFO - Processing /opt/airflow/dags/src/db_to_schema.py took 0.073 seconds
[2024-10-30T22:04:12.499+0000] {processor.py:186} INFO - Started process (PID=485) to work on /opt/airflow/dags/src/db_to_schema.py
[2024-10-30T22:04:12.499+0000] {processor.py:914} INFO - Processing file /opt/airflow/dags/src/db_to_schema.py for tasks to queue
[2024-10-30T22:04:12.501+0000] {logging_mixin.py:190} INFO - [2024-10-30T22:04:12.500+0000] {dagbag.py:588} INFO - Filling up the DagBag from /opt/airflow/dags/src/db_to_schema.py
[2024-10-30T22:04:12.556+0000] {processor.py:927} WARNING - No viable dags retrieved from /opt/airflow/dags/src/db_to_schema.py
[2024-10-30T22:04:12.562+0000] {processor.py:208} INFO - Processing /opt/airflow/dags/src/db_to_schema.py took 0.065 seconds
[2024-10-30T22:05:26.622+0000] {processor.py:186} INFO - Started process (PID=497) to work on /opt/airflow/dags/src/db_to_schema.py
[2024-10-30T22:05:26.622+0000] {processor.py:914} INFO - Processing file /opt/airflow/dags/src/db_to_schema.py for tasks to queue
[2024-10-30T22:05:26.624+0000] {logging_mixin.py:190} INFO - [2024-10-30T22:05:26.623+0000] {dagbag.py:588} INFO - Filling up the DagBag from /opt/airflow/dags/src/db_to_schema.py
[2024-10-30T22:05:26.678+0000] {processor.py:927} WARNING - No viable dags retrieved from /opt/airflow/dags/src/db_to_schema.py
[2024-10-30T22:05:26.684+0000] {processor.py:208} INFO - Processing /opt/airflow/dags/src/db_to_schema.py took 0.066 seconds
[2024-10-30T22:10:02.280+0000] {processor.py:186} INFO - Started process (PID=511) to work on /opt/airflow/dags/src/db_to_schema.py
[2024-10-30T22:10:02.281+0000] {processor.py:914} INFO - Processing file /opt/airflow/dags/src/db_to_schema.py for tasks to queue
[2024-10-30T22:10:02.282+0000] {logging_mixin.py:190} INFO - [2024-10-30T22:10:02.282+0000] {dagbag.py:588} INFO - Filling up the DagBag from /opt/airflow/dags/src/db_to_schema.py
[2024-10-30T22:10:02.348+0000] {processor.py:927} WARNING - No viable dags retrieved from /opt/airflow/dags/src/db_to_schema.py
[2024-10-30T22:10:02.358+0000] {processor.py:208} INFO - Processing /opt/airflow/dags/src/db_to_schema.py took 0.081 seconds
[2024-10-30T22:10:32.854+0000] {processor.py:186} INFO - Started process (PID=521) to work on /opt/airflow/dags/src/db_to_schema.py
[2024-10-30T22:10:32.854+0000] {processor.py:914} INFO - Processing file /opt/airflow/dags/src/db_to_schema.py for tasks to queue
[2024-10-30T22:10:32.857+0000] {logging_mixin.py:190} INFO - [2024-10-30T22:10:32.857+0000] {dagbag.py:588} INFO - Filling up the DagBag from /opt/airflow/dags/src/db_to_schema.py
[2024-10-30T22:10:32.948+0000] {processor.py:927} WARNING - No viable dags retrieved from /opt/airflow/dags/src/db_to_schema.py
[2024-10-30T22:10:32.958+0000] {processor.py:208} INFO - Processing /opt/airflow/dags/src/db_to_schema.py took 0.110 seconds
